Using pre-set license
Built from '2020.3/staging' branch; Version is '2020.3.3f1 (76626098c1c4) revision 7758432'; Using compiler version '192528614'; Build Type 'Release'
OS: 'Windows 10 Home; OS build 19043.1165; Version 2009; 64bit' Language: 'en' Physical Memory: 8143 MB
BatchMode: 1, IsHumanControllingUs: 0, StartBugReporterOnCrash: 0, Is64bit: 1, IsPro: 0

 COMMAND LINE ARGUMENTS:
D:\unity\Unity Editors\2020.3.3f1\Editor\Unity.exe
-adb2
-batchMode
-noUpm
-name
AssetImportWorker0
-projectPath
D:/unity/infinite runner
-logFile
Logs/AssetImportWorker0.log
-srvPort
64814
Successfully changed project path to: D:/unity/infinite runner
D:/unity/infinite runner
Using Asset Import Pipeline V2.
Refreshing native plugins compatible for Editor in 73.64 ms, found 0 plugins.
Preloading 0 native plugins for Editor in 0.00 ms.
Initialize engine version: 2020.3.3f1 (76626098c1c4)
[Subsystems] Discovering subsystems at path D:/unity/Unity Editors/2020.3.3f1/Editor/Data/Resources/UnitySubsystems
[Subsystems] Discovering subsystems at path D:/unity/infinite runner/Assets
GfxDevice: creating device client; threaded=0
Direct3D:
    Version:  Direct3D 11.0 [level 11.1]
    Renderer: Radeon RX 580 Series (ID=0x67df)
    Vendor:   
    VRAM:     8171 MB
    Driver:   27.20.12031.1000
Initialize mono
Mono path[0] = 'D:/unity/Unity Editors/2020.3.3f1/Editor/Data/Managed'
Mono path[1] = 'D:/unity/Unity Editors/2020.3.3f1/Editor/Data/MonoBleedingEdge/lib/mono/unityjit'
Mono config path = 'D:/unity/Unity Editors/2020.3.3f1/Editor/Data/MonoBleedingEdge/etc'
Using monoOptions --debugger-agent=transport=dt_socket,embedding=1,server=y,suspend=n,address=127.0.0.1:56476
Begin MonoManager ReloadAssembly
Registering precompiled unity dll's ...
Register platform support module: D:/unity/Unity Editors/2020.3.3f1/Editor/Data/PlaybackEngines/WebGLSupport/UnityEditor.WebGL.Extensions.dll
Register platform support module: D:/unity/Unity Editors/2020.3.3f1/Editor/Data/PlaybackEngines/WindowsStandaloneSupport/UnityEditor.WindowsStandalone.Extensions.dll
Registered in 0.005867 seconds.
Native extension for WindowsStandalone target not found
Native extension for WebGL target not found
Refreshing native plugins compatible for Editor in 75.15 ms, found 0 plugins.
Preloading 0 native plugins for Editor in 0.00 ms.
Invoked RoslynAnalysisRunner static constructor.
RoslynAnalysisRunner will not be running.
RoslynAnalysisRunner has terminated.
Mono: successfully reloaded assembly
- Completed reload, in  2.928 seconds
Platform modules already initialized, skipping
Registering precompiled user dll's ...
Registered in 0.002852 seconds.
Begin MonoManager ReloadAssembly
Native extension for WindowsStandalone target not found
Native extension for WebGL target not found
Refreshing native plugins compatible for Editor in 78.75 ms, found 0 plugins.
Preloading 0 native plugins for Editor in 0.00 ms.
Invoked RoslynAnalysisRunner static constructor.
RoslynAnalysisRunner will not be running.
RoslynAnalysisRunner has terminated.
Mono: successfully reloaded assembly
- Completed reload, in  1.540 seconds
Platform modules already initialized, skipping
========================================================================
Worker process is ready to serve import requests
Launched and connected shader compiler UnityShaderCompiler.exe after 0.08 seconds
Refreshing native plugins compatible for Editor in 0.92 ms, found 0 plugins.
Preloading 0 native plugins for Editor in 0.00 ms.
Unloading 3499 Unused Serialized files (Serialized files now loaded: 0)
System memory in use before: 172.3 MB.
System memory in use after: 169.3 MB.

Unloading 44 unused Assets to reduce memory usage. Loaded Objects now: 3925.
Total: 5.064300 ms (FindLiveObjects: 0.834800 ms CreateObjectMapping: 0.102900 ms MarkObjects: 2.013100 ms  DeleteObjects: 2.112100 ms)

========================================================================
Received Import Request.
  path: Assets/Scripts/obstacleSpawaner.cs
  artifactKey: Guid(6cf1bb5ab00934743b489300fb3b9b8e) Importer(815301076,1909f56bfc062723c751e8b465ee728b)
Start importing Assets/Scripts/obstacleSpawaner.cs using Guid(6cf1bb5ab00934743b489300fb3b9b8e) Importer(815301076,1909f56bfc062723c751e8b465ee728b)  -> (artifact id: 'ea2096b40eeec80563d4a3cae990e9d7') in 0.035892 seconds
  Import took 0.041966 seconds .

========================================================================
Received Prepare
Registering precompiled user dll's ...
Registered in 0.004460 seconds.
Begin MonoManager ReloadAssembly
Native extension for WindowsStandalone target not found
Native extension for WebGL target not found
Refreshing native plugins compatible for Editor in 1.04 ms, found 0 plugins.
Preloading 0 native plugins for Editor in 0.00 ms.
Invoked RoslynAnalysisRunner static constructor.
RoslynAnalysisRunner will not be running.
RoslynAnalysisRunner has terminated.
Mono: successfully reloaded assembly
- Completed reload, in  1.412 seconds
Platform modules already initialized, skipping
Refreshing native plugins compatible for Editor in 0.93 ms, found 0 plugins.
Preloading 0 native plugins for Editor in 0.00 ms.
Unloading 3251 Unused Serialized files (Serialized files now loaded: 0)
System memory in use before: 160.7 MB.
System memory in use after: 157.7 MB.

Unloading 39 unused Assets to reduce memory usage. Loaded Objects now: 3928.
Total: 6.743300 ms (FindLiveObjects: 0.552300 ms CreateObjectMapping: 0.108600 ms MarkObjects: 3.973400 ms  DeleteObjects: 2.106900 ms)

========================================================================
Received Prepare
Registering precompiled user dll's ...
Registered in 0.003933 seconds.
Begin MonoManager ReloadAssembly
Native extension for WindowsStandalone target not found
Native extension for WebGL target not found
Refreshing native plugins compatible for Editor in 0.65 ms, found 0 plugins.
Preloading 0 native plugins for Editor in 0.00 ms.
Invoked RoslynAnalysisRunner static constructor.
RoslynAnalysisRunner will not be running.
RoslynAnalysisRunner has terminated.
Mono: successfully reloaded assembly
- Completed reload, in  1.259 seconds
Platform modules already initialized, skipping
Refreshing native plugins compatible for Editor in 0.80 ms, found 0 plugins.
Preloading 0 native plugins for Editor in 0.00 ms.
Unloading 3251 Unused Serialized files (Serialized files now loaded: 0)
System memory in use before: 160.8 MB.
System memory in use after: 157.8 MB.

Unloading 39 unused Assets to reduce memory usage. Loaded Objects now: 3931.
Total: 4.757000 ms (FindLiveObjects: 0.467300 ms CreateObjectMapping: 0.104800 ms MarkObjects: 2.069400 ms  DeleteObjects: 2.114300 ms)

========================================================================
Received Prepare
Registering precompiled user dll's ...
Registered in 0.002661 seconds.
Begin MonoManager ReloadAssembly
Native extension for WindowsStandalone target not found
Native extension for WebGL target not found
Refreshing native plugins compatible for Editor in 0.96 ms, found 0 plugins.
Preloading 0 native plugins for Editor in 0.00 ms.
Invoked RoslynAnalysisRunner static constructor.
RoslynAnalysisRunner will not be running.
RoslynAnalysisRunner has terminated.
Mono: successfully reloaded assembly
- Completed reload, in  1.494 seconds
Platform modules already initialized, skipping
Refreshing native plugins compatible for Editor in 0.74 ms, found 0 plugins.
Preloading 0 native plugins for Editor in 0.00 ms.
Unloading 3251 Unused Serialized files (Serialized files now loaded: 0)
System memory in use before: 160.8 MB.
System memory in use after: 157.8 MB.

Unloading 39 unused Assets to reduce memory usage. Loaded Objects now: 3934.
Total: 6.142700 ms (FindLiveObjects: 0.468300 ms CreateObjectMapping: 0.093500 ms MarkObjects: 2.181900 ms  DeleteObjects: 3.397300 ms)

AssetImportWorkerClient::OnTransportError - code=2 error=End of file
