Using pre-set license
Built from '2020.3/staging' branch; Version is '2020.3.3f1 (76626098c1c4) revision 7758432'; Using compiler version '192528614'; Build Type 'Release'
OS: 'Windows 10 Home; OS build 19043.1237; Version 2009; 64bit' Language: 'en' Physical Memory: 8143 MB
BatchMode: 1, IsHumanControllingUs: 0, StartBugReporterOnCrash: 0, Is64bit: 1, IsPro: 0

 COMMAND LINE ARGUMENTS:
D:\unity\Unity Editors\2020.3.3f1\Editor\Unity.exe
-adb2
-batchMode
-noUpm
-name
AssetImportWorker1
-projectPath
D:/unity/infinite runner
-logFile
Logs/AssetImportWorker1.log
-srvPort
52796
Successfully changed project path to: D:/unity/infinite runner
D:/unity/infinite runner
Using Asset Import Pipeline V2.
Refreshing native plugins compatible for Editor in 76.58 ms, found 0 plugins.
Preloading 0 native plugins for Editor in 0.00 ms.
Initialize engine version: 2020.3.3f1 (76626098c1c4)
[Subsystems] Discovering subsystems at path D:/unity/Unity Editors/2020.3.3f1/Editor/Data/Resources/UnitySubsystems
[Subsystems] Discovering subsystems at path D:/unity/infinite runner/Assets
GfxDevice: creating device client; threaded=0
Direct3D:
    Version:  Direct3D 11.0 [level 11.1]
    Renderer: Radeon RX 580 Series (ID=0x67df)
    Vendor:   
    VRAM:     8171 MB
    Driver:   27.20.12031.1000
Initialize mono
Mono path[0] = 'D:/unity/Unity Editors/2020.3.3f1/Editor/Data/Managed'
Mono path[1] = 'D:/unity/Unity Editors/2020.3.3f1/Editor/Data/MonoBleedingEdge/lib/mono/unityjit'
Mono config path = 'D:/unity/Unity Editors/2020.3.3f1/Editor/Data/MonoBleedingEdge/etc'
Using monoOptions --debugger-agent=transport=dt_socket,embedding=1,server=y,suspend=n,address=127.0.0.1:56588
Begin MonoManager ReloadAssembly
Registering precompiled unity dll's ...
Register platform support module: D:/unity/Unity Editors/2020.3.3f1/Editor/Data/PlaybackEngines/WebGLSupport/UnityEditor.WebGL.Extensions.dll
Register platform support module: D:/unity/Unity Editors/2020.3.3f1/Editor/Data/PlaybackEngines/WindowsStandaloneSupport/UnityEditor.WindowsStandalone.Extensions.dll
Registered in 0.005628 seconds.
Native extension for WindowsStandalone target not found
Native extension for WebGL target not found
Refreshing native plugins compatible for Editor in 72.33 ms, found 0 plugins.
Preloading 0 native plugins for Editor in 0.00 ms.
Invoked RoslynAnalysisRunner static constructor.
RoslynAnalysisRunner will not be running.
RoslynAnalysisRunner has terminated.
Mono: successfully reloaded assembly
- Completed reload, in  2.724 seconds
Platform modules already initialized, skipping
Registering precompiled user dll's ...
Registered in 0.002694 seconds.
Begin MonoManager ReloadAssembly
Native extension for WindowsStandalone target not found
Native extension for WebGL target not found
Refreshing native plugins compatible for Editor in 78.24 ms, found 0 plugins.
Preloading 0 native plugins for Editor in 0.00 ms.
Invoked RoslynAnalysisRunner static constructor.
RoslynAnalysisRunner will not be running.
RoslynAnalysisRunner has terminated.
Mono: successfully reloaded assembly
- Completed reload, in  2.605 seconds
Platform modules already initialized, skipping
========================================================================
Worker process is ready to serve import requests
Launched and connected shader compiler UnityShaderCompiler.exe after 0.13 seconds
Refreshing native plugins compatible for Editor in 0.66 ms, found 0 plugins.
Preloading 0 native plugins for Editor in 0.00 ms.
Unloading 3497 Unused Serialized files (Serialized files now loaded: 0)
System memory in use before: 171.5 MB.
System memory in use after: 168.5 MB.

Unloading 44 unused Assets to reduce memory usage. Loaded Objects now: 3922.
Total: 4.439300 ms (FindLiveObjects: 0.414500 ms CreateObjectMapping: 0.106800 ms MarkObjects: 2.108100 ms  DeleteObjects: 1.808700 ms)

========================================================================
Received Import Request.
  path: Assets/Models/tube 1 3.prefab
  artifactKey: Guid(21e1b3e9e0de0f64590e26f2aae709e1) Importer(815301076,1909f56bfc062723c751e8b465ee728b)
Start importing Assets/Models/tube 1 3.prefab using Guid(21e1b3e9e0de0f64590e26f2aae709e1) Importer(815301076,1909f56bfc062723c751e8b465ee728b) Launched and connected shader compiler UnityShaderCompiler.exe after 0.06 seconds
Launched and connected shader compiler UnityShaderCompiler.exe after 0.06 seconds
Launched and connected shader compiler UnityShaderCompiler.exe after 0.06 seconds
Launched and connected shader compiler UnityShaderCompiler.exe after 0.06 seconds
Launched and connected shader compiler UnityShaderCompiler.exe after 0.06 seconds
Launched and connected shader compiler UnityShaderCompiler.exe after 0.07 seconds
Launched and connected shader compiler UnityShaderCompiler.exe after 0.06 seconds
 -> (artifact id: 'a3f616ca82f6bf272495325d41ffbd2b') in 1.589857 seconds
  Import took 1.620065 seconds .

========================================================================
Received Import Request.
  Time since last request: 3.506220 seconds.
  path: Assets/Models/tube 1 3.prefab
  artifactKey: Guid(21e1b3e9e0de0f64590e26f2aae709e1) Importer(815301076,1909f56bfc062723c751e8b465ee728b)
Start importing Assets/Models/tube 1 3.prefab using Guid(21e1b3e9e0de0f64590e26f2aae709e1) Importer(815301076,1909f56bfc062723c751e8b465ee728b)  -> (artifact id: 'e1a5ea213bc97a604d17283c5800c336') in 0.037194 seconds
  Import took 0.044386 seconds .

========================================================================
Received Import Request.
  Time since last request: 15.853857 seconds.
  path: Assets/Models/tube 1 1.prefab
  artifactKey: Guid(cd36d7426393c5643af6af9aab70ebfa) Importer(815301076,1909f56bfc062723c751e8b465ee728b)
Start importing Assets/Models/tube 1 1.prefab using Guid(cd36d7426393c5643af6af9aab70ebfa) Importer(815301076,1909f56bfc062723c751e8b465ee728b)  -> (artifact id: 'b60e84e8b8528891439e319d10432bff') in 0.035256 seconds
  Import took 0.051721 seconds .

========================================================================
Received Import Request.
  Time since last request: 20.402292 seconds.
  path: Assets/Models/tube 1 2.prefab
  artifactKey: Guid(7b1788197c8ab554591ba71571a1bce9) Importer(815301076,1909f56bfc062723c751e8b465ee728b)
Start importing Assets/Models/tube 1 2.prefab using Guid(7b1788197c8ab554591ba71571a1bce9) Importer(815301076,1909f56bfc062723c751e8b465ee728b)  -> (artifact id: '9116a177c1ee6a210d04a530d03fa1c8') in 0.034148 seconds
  Import took 0.055812 seconds .

========================================================================
Received Import Request.
  Time since last request: 11.663273 seconds.
  path: Assets/Models/tube 1.prefab
  artifactKey: Guid(8f345302927b94c4b80aa6a184837fea) Importer(815301076,1909f56bfc062723c751e8b465ee728b)
Start importing Assets/Models/tube 1.prefab using Guid(8f345302927b94c4b80aa6a184837fea) Importer(815301076,1909f56bfc062723c751e8b465ee728b)  -> (artifact id: '1f2494d4c7c125abf7ef8218ad7277bf') in 0.034087 seconds
  Import took 0.061571 seconds .

========================================================================
Received Prepare
Registering precompiled user dll's ...
Registered in 0.044236 seconds.
Begin MonoManager ReloadAssembly
Native extension for WindowsStandalone target not found
Native extension for WebGL target not found
Refreshing native plugins compatible for Editor in 0.78 ms, found 0 plugins.
Preloading 0 native plugins for Editor in 0.00 ms.
Invoked RoslynAnalysisRunner static constructor.
RoslynAnalysisRunner will not be running.
RoslynAnalysisRunner has terminated.
Mono: successfully reloaded assembly
- Completed reload, in  2.866 seconds
Platform modules already initialized, skipping
Refreshing native plugins compatible for Editor in 0.68 ms, found 0 plugins.
Preloading 0 native plugins for Editor in 0.00 ms.
Unloading 3263 Unused Serialized files (Serialized files now loaded: 0)
System memory in use before: 170.8 MB.
System memory in use after: 168.3 MB.

Unloading 33 unused Assets to reduce memory usage. Loaded Objects now: 4064.
Total: 4.959400 ms (FindLiveObjects: 0.655100 ms CreateObjectMapping: 0.181700 ms MarkObjects: 2.475800 ms  DeleteObjects: 1.645100 ms)

========================================================================
Received Import Request.
  Time since last request: 5261.067616 seconds.
  path: Assets/Scripts/stateManager.cs
  artifactKey: Guid(664cd59e6ba9fd1468dce01077df52ad) Importer(815301076,1909f56bfc062723c751e8b465ee728b)
Start importing Assets/Scripts/stateManager.cs using Guid(664cd59e6ba9fd1468dce01077df52ad) Importer(815301076,1909f56bfc062723c751e8b465ee728b)  -> (artifact id: 'cdfea750f1976939e46d592d78703b5f') in 0.017134 seconds
  Import took 0.036229 seconds .

========================================================================
Received Import Request.
  Time since last request: 0.001387 seconds.
  path: Assets/Scripts/stateManager.cs
  artifactKey: Guid(664cd59e6ba9fd1468dce01077df52ad) Importer(815301076,1909f56bfc062723c751e8b465ee728b)
Start importing Assets/Scripts/stateManager.cs using Guid(664cd59e6ba9fd1468dce01077df52ad) Importer(815301076,1909f56bfc062723c751e8b465ee728b)  -> (artifact id: 'cdfea750f1976939e46d592d78703b5f') in 0.003651 seconds
  Import took 0.010060 seconds .

========================================================================
Received Prepare
Registering precompiled user dll's ...
Registered in 0.003895 seconds.
Begin MonoManager ReloadAssembly
Native extension for WindowsStandalone target not found
Native extension for WebGL target not found
Refreshing native plugins compatible for Editor in 0.68 ms, found 0 plugins.
Preloading 0 native plugins for Editor in 0.00 ms.
Invoked RoslynAnalysisRunner static constructor.
RoslynAnalysisRunner will not be running.
RoslynAnalysisRunner has terminated.
Mono: successfully reloaded assembly
- Completed reload, in  1.286 seconds
Platform modules already initialized, skipping
Refreshing native plugins compatible for Editor in 0.67 ms, found 0 plugins.
Preloading 0 native plugins for Editor in 0.00 ms.
Unloading 3247 Unused Serialized files (Serialized files now loaded: 0)
System memory in use before: 169.9 MB.
System memory in use after: 167.4 MB.

Unloading 33 unused Assets to reduce memory usage. Loaded Objects now: 4068.
Total: 5.684700 ms (FindLiveObjects: 0.927700 ms CreateObjectMapping: 0.223700 ms MarkObjects: 2.783700 ms  DeleteObjects: 1.747800 ms)

========================================================================
Received Prepare
Registering precompiled user dll's ...
Registered in 0.004018 seconds.
Begin MonoManager ReloadAssembly
Native extension for WindowsStandalone target not found
Native extension for WebGL target not found
Refreshing native plugins compatible for Editor in 0.72 ms, found 0 plugins.
Preloading 0 native plugins for Editor in 0.00 ms.
Invoked RoslynAnalysisRunner static constructor.
RoslynAnalysisRunner will not be running.
RoslynAnalysisRunner has terminated.
Mono: successfully reloaded assembly
- Completed reload, in  1.884 seconds
Platform modules already initialized, skipping
Refreshing native plugins compatible for Editor in 0.76 ms, found 0 plugins.
Preloading 0 native plugins for Editor in 0.00 ms.
Unloading 3260 Unused Serialized files (Serialized files now loaded: 0)
System memory in use before: 171.9 MB.
System memory in use after: 168.7 MB.

Unloading 46 unused Assets to reduce memory usage. Loaded Objects now: 4071.
Total: 73.229700 ms (FindLiveObjects: 0.426700 ms CreateObjectMapping: 0.102500 ms MarkObjects: 70.466000 ms  DeleteObjects: 2.232500 ms)

========================================================================
Received Import Request.
  Time since last request: 10148.791075 seconds.
  path: Assets/Scripts/stateManager.cs
  artifactKey: Guid(664cd59e6ba9fd1468dce01077df52ad) Importer(815301076,1909f56bfc062723c751e8b465ee728b)
Start importing Assets/Scripts/stateManager.cs using Guid(664cd59e6ba9fd1468dce01077df52ad) Importer(815301076,1909f56bfc062723c751e8b465ee728b)  -> (artifact id: '6f0b8b4150479f40dea8f8db6697db82') in 0.022458 seconds
  Import took 0.029092 seconds .

========================================================================
Received Prepare
Registering precompiled user dll's ...
Registered in 0.068331 seconds.
Begin MonoManager ReloadAssembly
Native extension for WindowsStandalone target not found
Native extension for WebGL target not found
Refreshing native plugins compatible for Editor in 1.06 ms, found 0 plugins.
Preloading 0 native plugins for Editor in 0.00 ms.
Invoked RoslynAnalysisRunner static constructor.
RoslynAnalysisRunner will not be running.
RoslynAnalysisRunner has terminated.
Mono: successfully reloaded assembly
- Completed reload, in  1.230 seconds
Platform modules already initialized, skipping
Refreshing native plugins compatible for Editor in 0.67 ms, found 0 plugins.
Preloading 0 native plugins for Editor in 0.00 ms.
Unloading 3260 Unused Serialized files (Serialized files now loaded: 0)
System memory in use before: 171.9 MB.
System memory in use after: 168.7 MB.

Unloading 46 unused Assets to reduce memory usage. Loaded Objects now: 4074.
Total: 5.295200 ms (FindLiveObjects: 0.463300 ms CreateObjectMapping: 0.109700 ms MarkObjects: 2.580500 ms  DeleteObjects: 2.140600 ms)

========================================================================
Received Prepare
Registering precompiled user dll's ...
Registered in 0.002615 seconds.
Begin MonoManager ReloadAssembly
Native extension for WindowsStandalone target not found
Native extension for WebGL target not found
Refreshing native plugins compatible for Editor in 0.70 ms, found 0 plugins.
Preloading 0 native plugins for Editor in 0.00 ms.
Invoked RoslynAnalysisRunner static constructor.
RoslynAnalysisRunner will not be running.
RoslynAnalysisRunner has terminated.
Mono: successfully reloaded assembly
- Completed reload, in  1.250 seconds
Platform modules already initialized, skipping
Refreshing native plugins compatible for Editor in 0.67 ms, found 0 plugins.
Preloading 0 native plugins for Editor in 0.00 ms.
Unloading 3260 Unused Serialized files (Serialized files now loaded: 0)
System memory in use before: 171.9 MB.
System memory in use after: 168.8 MB.

Unloading 46 unused Assets to reduce memory usage. Loaded Objects now: 4077.
Total: 5.061300 ms (FindLiveObjects: 0.534000 ms CreateObjectMapping: 0.106500 ms MarkObjects: 2.193500 ms  DeleteObjects: 2.226300 ms)

========================================================================
Received Prepare
Registering precompiled user dll's ...
Registered in 0.002864 seconds.
Begin MonoManager ReloadAssembly
Native extension for WindowsStandalone target not found
Native extension for WebGL target not found
Refreshing native plugins compatible for Editor in 0.75 ms, found 0 plugins.
Preloading 0 native plugins for Editor in 0.00 ms.
Invoked RoslynAnalysisRunner static constructor.
RoslynAnalysisRunner will not be running.
RoslynAnalysisRunner has terminated.
Mono: successfully reloaded assembly
- Completed reload, in  1.262 seconds
Platform modules already initialized, skipping
Refreshing native plugins compatible for Editor in 0.71 ms, found 0 plugins.
Preloading 0 native plugins for Editor in 0.00 ms.
Unloading 3260 Unused Serialized files (Serialized files now loaded: 0)
System memory in use before: 171.9 MB.
System memory in use after: 168.8 MB.

Unloading 46 unused Assets to reduce memory usage. Loaded Objects now: 4080.
Total: 5.468800 ms (FindLiveObjects: 0.469500 ms CreateObjectMapping: 0.097200 ms MarkObjects: 2.692700 ms  DeleteObjects: 2.208200 ms)

========================================================================
Received Prepare
Registering precompiled user dll's ...
Registered in 0.002613 seconds.
Begin MonoManager ReloadAssembly
Native extension for WindowsStandalone target not found
Native extension for WebGL target not found
Refreshing native plugins compatible for Editor in 0.70 ms, found 0 plugins.
Preloading 0 native plugins for Editor in 0.00 ms.
Invoked RoslynAnalysisRunner static constructor.
RoslynAnalysisRunner will not be running.
RoslynAnalysisRunner has terminated.
Mono: successfully reloaded assembly
- Completed reload, in  1.224 seconds
Platform modules already initialized, skipping
Refreshing native plugins compatible for Editor in 0.65 ms, found 0 plugins.
Preloading 0 native plugins for Editor in 0.00 ms.
Unloading 3260 Unused Serialized files (Serialized files now loaded: 0)
System memory in use before: 172.0 MB.
System memory in use after: 168.8 MB.

Unloading 46 unused Assets to reduce memory usage. Loaded Objects now: 4083.
Total: 5.491900 ms (FindLiveObjects: 0.613200 ms CreateObjectMapping: 0.121400 ms MarkObjects: 2.471400 ms  DeleteObjects: 2.283800 ms)

========================================================================
Received Prepare
Registering precompiled user dll's ...
Registered in 0.002576 seconds.
Begin MonoManager ReloadAssembly
Native extension for WindowsStandalone target not found
Native extension for WebGL target not found
Refreshing native plugins compatible for Editor in 1.42 ms, found 0 plugins.
Preloading 0 native plugins for Editor in 0.00 ms.
Invoked RoslynAnalysisRunner static constructor.
RoslynAnalysisRunner will not be running.
RoslynAnalysisRunner has terminated.
Mono: successfully reloaded assembly
- Completed reload, in  1.234 seconds
Platform modules already initialized, skipping
Refreshing native plugins compatible for Editor in 0.76 ms, found 0 plugins.
Preloading 0 native plugins for Editor in 0.00 ms.
Unloading 3260 Unused Serialized files (Serialized files now loaded: 0)
System memory in use before: 172.0 MB.
System memory in use after: 168.8 MB.

Unloading 46 unused Assets to reduce memory usage. Loaded Objects now: 4086.
Total: 5.312700 ms (FindLiveObjects: 0.505400 ms CreateObjectMapping: 0.098700 ms MarkObjects: 2.435800 ms  DeleteObjects: 2.271500 ms)

========================================================================
Received Prepare
Registering precompiled user dll's ...
Registered in 0.002878 seconds.
Begin MonoManager ReloadAssembly
Native extension for WindowsStandalone target not found
Native extension for WebGL target not found
Refreshing native plugins compatible for Editor in 1.04 ms, found 0 plugins.
Preloading 0 native plugins for Editor in 0.00 ms.
Invoked RoslynAnalysisRunner static constructor.
RoslynAnalysisRunner will not be running.
RoslynAnalysisRunner has terminated.
Mono: successfully reloaded assembly
- Completed reload, in  1.203 seconds
Platform modules already initialized, skipping
Refreshing native plugins compatible for Editor in 0.86 ms, found 0 plugins.
Preloading 0 native plugins for Editor in 0.00 ms.
Unloading 3260 Unused Serialized files (Serialized files now loaded: 0)
System memory in use before: 172.0 MB.
System memory in use after: 168.8 MB.

Unloading 46 unused Assets to reduce memory usage. Loaded Objects now: 4089.
Total: 5.152000 ms (FindLiveObjects: 0.425500 ms CreateObjectMapping: 0.109500 ms MarkObjects: 2.314500 ms  DeleteObjects: 2.301100 ms)

========================================================================
Received Prepare
Registering precompiled user dll's ...
Registered in 0.002854 seconds.
Begin MonoManager ReloadAssembly
Native extension for WindowsStandalone target not found
Native extension for WebGL target not found
Refreshing native plugins compatible for Editor in 0.77 ms, found 0 plugins.
Preloading 0 native plugins for Editor in 0.00 ms.
Invoked RoslynAnalysisRunner static constructor.
RoslynAnalysisRunner will not be running.
RoslynAnalysisRunner has terminated.
Mono: successfully reloaded assembly
- Completed reload, in  1.203 seconds
Platform modules already initialized, skipping
Refreshing native plugins compatible for Editor in 0.80 ms, found 0 plugins.
Preloading 0 native plugins for Editor in 0.00 ms.
Unloading 3260 Unused Serialized files (Serialized files now loaded: 0)
System memory in use before: 172.0 MB.
System memory in use after: 168.8 MB.

Unloading 46 unused Assets to reduce memory usage. Loaded Objects now: 4092.
Total: 7.596900 ms (FindLiveObjects: 0.831200 ms CreateObjectMapping: 0.310300 ms MarkObjects: 3.541300 ms  DeleteObjects: 2.911200 ms)

========================================================================
Received Prepare
Registering precompiled user dll's ...
Registered in 0.004420 seconds.
Begin MonoManager ReloadAssembly
Native extension for WindowsStandalone target not found
Native extension for WebGL target not found
Refreshing native plugins compatible for Editor in 1.10 ms, found 0 plugins.
Preloading 0 native plugins for Editor in 0.00 ms.
Invoked RoslynAnalysisRunner static constructor.
RoslynAnalysisRunner will not be running.
RoslynAnalysisRunner has terminated.
Mono: successfully reloaded assembly
- Completed reload, in  1.388 seconds
Platform modules already initialized, skipping
Refreshing native plugins compatible for Editor in 0.78 ms, found 0 plugins.
Preloading 0 native plugins for Editor in 0.00 ms.
Unloading 3260 Unused Serialized files (Serialized files now loaded: 0)
System memory in use before: 172.0 MB.
System memory in use after: 168.8 MB.

Unloading 46 unused Assets to reduce memory usage. Loaded Objects now: 4095.
Total: 8.944800 ms (FindLiveObjects: 0.880300 ms CreateObjectMapping: 0.154300 ms MarkObjects: 3.850700 ms  DeleteObjects: 4.057600 ms)

========================================================================
Received Prepare
Registering precompiled user dll's ...
Registered in 0.002796 seconds.
Begin MonoManager ReloadAssembly
Native extension for WindowsStandalone target not found
Native extension for WebGL target not found
Refreshing native plugins compatible for Editor in 0.67 ms, found 0 plugins.
Preloading 0 native plugins for Editor in 0.00 ms.
Invoked RoslynAnalysisRunner static constructor.
RoslynAnalysisRunner will not be running.
RoslynAnalysisRunner has terminated.
Mono: successfully reloaded assembly
- Completed reload, in  1.218 seconds
Platform modules already initialized, skipping
Refreshing native plugins compatible for Editor in 0.68 ms, found 0 plugins.
Preloading 0 native plugins for Editor in 0.00 ms.
Unloading 3260 Unused Serialized files (Serialized files now loaded: 0)
System memory in use before: 172.0 MB.
System memory in use after: 168.8 MB.

Unloading 46 unused Assets to reduce memory usage. Loaded Objects now: 4098.
Total: 5.803300 ms (FindLiveObjects: 0.444900 ms CreateObjectMapping: 0.134500 ms MarkObjects: 2.905600 ms  DeleteObjects: 2.316500 ms)

========================================================================
Received Prepare
Registering precompiled user dll's ...
Registered in 0.002853 seconds.
Begin MonoManager ReloadAssembly
Native extension for WindowsStandalone target not found
Native extension for WebGL target not found
Refreshing native plugins compatible for Editor in 0.78 ms, found 0 plugins.
Preloading 0 native plugins for Editor in 0.00 ms.
Invoked RoslynAnalysisRunner static constructor.
RoslynAnalysisRunner will not be running.
RoslynAnalysisRunner has terminated.
Mono: successfully reloaded assembly
- Completed reload, in  1.191 seconds
Platform modules already initialized, skipping
Refreshing native plugins compatible for Editor in 0.83 ms, found 0 plugins.
Preloading 0 native plugins for Editor in 0.00 ms.
Unloading 3260 Unused Serialized files (Serialized files now loaded: 0)
System memory in use before: 172.0 MB.
System memory in use after: 168.8 MB.

Unloading 46 unused Assets to reduce memory usage. Loaded Objects now: 4101.
Total: 5.908400 ms (FindLiveObjects: 0.742400 ms CreateObjectMapping: 0.090700 ms MarkObjects: 2.700400 ms  DeleteObjects: 2.373400 ms)

========================================================================
Received Prepare
Registering precompiled user dll's ...
Registered in 0.003203 seconds.
Begin MonoManager ReloadAssembly
Native extension for WindowsStandalone target not found
Native extension for WebGL target not found
Refreshing native plugins compatible for Editor in 0.69 ms, found 0 plugins.
Preloading 0 native plugins for Editor in 0.00 ms.
Invoked RoslynAnalysisRunner static constructor.
RoslynAnalysisRunner will not be running.
RoslynAnalysisRunner has terminated.
Mono: successfully reloaded assembly
- Completed reload, in  1.230 seconds
Platform modules already initialized, skipping
Refreshing native plugins compatible for Editor in 0.84 ms, found 0 plugins.
Preloading 0 native plugins for Editor in 0.00 ms.
Unloading 3260 Unused Serialized files (Serialized files now loaded: 0)
System memory in use before: 172.0 MB.
System memory in use after: 168.9 MB.

Unloading 46 unused Assets to reduce memory usage. Loaded Objects now: 4104.
Total: 5.383000 ms (FindLiveObjects: 0.441000 ms CreateObjectMapping: 0.098000 ms MarkObjects: 2.343200 ms  DeleteObjects: 2.499000 ms)

AssetImportWorkerClient::OnTransportError - code=2 error=End of file
