Using pre-set license
Built from '2020.3/staging' branch; Version is '2020.3.3f1 (76626098c1c4) revision 7758432'; Using compiler version '192528614'; Build Type 'Release'
OS: 'Windows 10 Home; OS build 19043.1165; Version 2009; 64bit' Language: 'en' Physical Memory: 8143 MB
BatchMode: 1, IsHumanControllingUs: 0, StartBugReporterOnCrash: 0, Is64bit: 1, IsPro: 0

 COMMAND LINE ARGUMENTS:
D:\unity\Unity Editors\2020.3.3f1\Editor\Unity.exe
-adb2
-batchMode
-noUpm
-name
AssetImportWorker3
-projectPath
D:/unity/infinite runner
-logFile
Logs/AssetImportWorker3.log
-srvPort
62902
Successfully changed project path to: D:/unity/infinite runner
D:/unity/infinite runner
Using Asset Import Pipeline V2.
Refreshing native plugins compatible for Editor in 106.94 ms, found 0 plugins.
Preloading 0 native plugins for Editor in 0.00 ms.
Initialize engine version: 2020.3.3f1 (76626098c1c4)
[Subsystems] Discovering subsystems at path D:/unity/Unity Editors/2020.3.3f1/Editor/Data/Resources/UnitySubsystems
[Subsystems] Discovering subsystems at path D:/unity/infinite runner/Assets
GfxDevice: creating device client; threaded=0
Direct3D:
    Version:  Direct3D 11.0 [level 11.1]
    Renderer: Radeon RX 580 Series (ID=0x67df)
    Vendor:   
    VRAM:     8171 MB
    Driver:   27.20.12031.1000
Initialize mono
Mono path[0] = 'D:/unity/Unity Editors/2020.3.3f1/Editor/Data/Managed'
Mono path[1] = 'D:/unity/Unity Editors/2020.3.3f1/Editor/Data/MonoBleedingEdge/lib/mono/unityjit'
Mono config path = 'D:/unity/Unity Editors/2020.3.3f1/Editor/Data/MonoBleedingEdge/etc'
Using monoOptions --debugger-agent=transport=dt_socket,embedding=1,server=y,suspend=n,address=127.0.0.1:56952
Begin MonoManager ReloadAssembly
Registering precompiled unity dll's ...
Register platform support module: D:/unity/Unity Editors/2020.3.3f1/Editor/Data/PlaybackEngines/WebGLSupport/UnityEditor.WebGL.Extensions.dll
Register platform support module: D:/unity/Unity Editors/2020.3.3f1/Editor/Data/PlaybackEngines/WindowsStandaloneSupport/UnityEditor.WindowsStandalone.Extensions.dll
Registered in 0.005925 seconds.
Native extension for WindowsStandalone target not found
Native extension for WebGL target not found
Refreshing native plugins compatible for Editor in 88.75 ms, found 0 plugins.
Preloading 0 native plugins for Editor in 0.00 ms.
Invoked RoslynAnalysisRunner static constructor.
RoslynAnalysisRunner will not be running.
RoslynAnalysisRunner has terminated.
Mono: successfully reloaded assembly
- Completed reload, in  3.533 seconds
Platform modules already initialized, skipping
Registering precompiled user dll's ...
Registered in 0.002776 seconds.
Begin MonoManager ReloadAssembly
Native extension for WindowsStandalone target not found
Native extension for WebGL target not found
Refreshing native plugins compatible for Editor in 82.69 ms, found 0 plugins.
Preloading 0 native plugins for Editor in 0.00 ms.
Invoked RoslynAnalysisRunner static constructor.
RoslynAnalysisRunner will not be running.
RoslynAnalysisRunner has terminated.
Mono: successfully reloaded assembly
- Completed reload, in  3.769 seconds
Platform modules already initialized, skipping
========================================================================
Worker process is ready to serve import requests
Launched and connected shader compiler UnityShaderCompiler.exe after 0.12 seconds
Refreshing native plugins compatible for Editor in 0.74 ms, found 0 plugins.
Preloading 0 native plugins for Editor in 0.00 ms.
Unloading 3499 Unused Serialized files (Serialized files now loaded: 0)
System memory in use before: 172.5 MB.
System memory in use after: 169.5 MB.

Unloading 44 unused Assets to reduce memory usage. Loaded Objects now: 3925.
Total: 4.476900 ms (FindLiveObjects: 0.467500 ms CreateObjectMapping: 0.095000 ms MarkObjects: 2.143100 ms  DeleteObjects: 1.770000 ms)

========================================================================
Received Import Request.
  path: Assets/SampleSceneAssets/TutorialInfo/Scripts
  artifactKey: Guid(5a9bcd70e6a4b4b05badaa72e827d8e0) Importer(815301076,1909f56bfc062723c751e8b465ee728b)
Start importing Assets/SampleSceneAssets/TutorialInfo/Scripts using Guid(5a9bcd70e6a4b4b05badaa72e827d8e0) Importer(815301076,1909f56bfc062723c751e8b465ee728b)  -> (artifact id: 'bfee98563217f4c204acd021bacc9769') in 0.077233 seconds
  Import took 0.083165 seconds .

========================================================================
Received Import Request.
  Time since last request: 0.000312 seconds.
  path: Assets/Scripts/obstacleSpawaner.cs
  artifactKey: Guid(6cf1bb5ab00934743b489300fb3b9b8e) Importer(815301076,1909f56bfc062723c751e8b465ee728b)
Start importing Assets/Scripts/obstacleSpawaner.cs using Guid(6cf1bb5ab00934743b489300fb3b9b8e) Importer(815301076,1909f56bfc062723c751e8b465ee728b)  -> (artifact id: '3236457b94c55830b74900d438e973be') in 0.177201 seconds
  Import took 0.183202 seconds .

========================================================================
Received Import Request.
  Time since last request: 284.065636 seconds.
  path: Assets/Scripts/obstacleSpawaner.cs
  artifactKey: Guid(6cf1bb5ab00934743b489300fb3b9b8e) Importer(815301076,1909f56bfc062723c751e8b465ee728b)
Start importing Assets/Scripts/obstacleSpawaner.cs using Guid(6cf1bb5ab00934743b489300fb3b9b8e) Importer(815301076,1909f56bfc062723c751e8b465ee728b)  -> (artifact id: '3f97c7d9e811b1ead123cfdb46419e21') in 0.003266 seconds
  Import took 0.010217 seconds .

========================================================================
Received Prepare
Registering precompiled user dll's ...
Registered in 0.003285 seconds.
Begin MonoManager ReloadAssembly
Native extension for WindowsStandalone target not found
Native extension for WebGL target not found
Refreshing native plugins compatible for Editor in 0.66 ms, found 0 plugins.
Preloading 0 native plugins for Editor in 0.00 ms.
Invoked RoslynAnalysisRunner static constructor.
RoslynAnalysisRunner will not be running.
RoslynAnalysisRunner has terminated.
Mono: successfully reloaded assembly
- Completed reload, in  1.262 seconds
Platform modules already initialized, skipping
Refreshing native plugins compatible for Editor in 1.24 ms, found 0 plugins.
Preloading 0 native plugins for Editor in 0.00 ms.
Unloading 3251 Unused Serialized files (Serialized files now loaded: 0)
System memory in use before: 160.9 MB.
System memory in use after: 158.0 MB.

Unloading 39 unused Assets to reduce memory usage. Loaded Objects now: 3928.
Total: 5.651700 ms (FindLiveObjects: 0.822700 ms CreateObjectMapping: 0.120500 ms MarkObjects: 2.440200 ms  DeleteObjects: 2.265300 ms)

========================================================================
Received Prepare
Registering precompiled user dll's ...
Registered in 0.002496 seconds.
Begin MonoManager ReloadAssembly
Native extension for WindowsStandalone target not found
Native extension for WebGL target not found
Refreshing native plugins compatible for Editor in 0.66 ms, found 0 plugins.
Preloading 0 native plugins for Editor in 0.00 ms.
Invoked RoslynAnalysisRunner static constructor.
RoslynAnalysisRunner will not be running.
RoslynAnalysisRunner has terminated.
Mono: successfully reloaded assembly
- Completed reload, in  1.187 seconds
Platform modules already initialized, skipping
Refreshing native plugins compatible for Editor in 0.81 ms, found 0 plugins.
Preloading 0 native plugins for Editor in 0.00 ms.
Unloading 3251 Unused Serialized files (Serialized files now loaded: 0)
System memory in use before: 161.0 MB.
System memory in use after: 158.0 MB.

Unloading 39 unused Assets to reduce memory usage. Loaded Objects now: 3931.
Total: 4.619500 ms (FindLiveObjects: 0.522700 ms CreateObjectMapping: 0.096800 ms MarkObjects: 2.007300 ms  DeleteObjects: 1.991500 ms)

========================================================================
Received Import Request.
  Time since last request: 160.457372 seconds.
  path: Assets/Models/rod.prefab
  artifactKey: Guid(3a75febb66e54a24a919120a6703522e) Importer(815301076,1909f56bfc062723c751e8b465ee728b)
Start importing Assets/Models/rod.prefab using Guid(3a75febb66e54a24a919120a6703522e) Importer(815301076,1909f56bfc062723c751e8b465ee728b) Launched and connected shader compiler UnityShaderCompiler.exe after 0.10 seconds
Launched and connected shader compiler UnityShaderCompiler.exe after 0.05 seconds
Launched and connected shader compiler UnityShaderCompiler.exe after 0.05 seconds
Launched and connected shader compiler UnityShaderCompiler.exe after 0.05 seconds
Launched and connected shader compiler UnityShaderCompiler.exe after 0.05 seconds
Launched and connected shader compiler UnityShaderCompiler.exe after 0.05 seconds
Launched and connected shader compiler UnityShaderCompiler.exe after 0.05 seconds
 -> (artifact id: '33ed35b6b4cad57b6df5c0df15f0c154') in 1.703971 seconds
  Import took 1.712193 seconds .

========================================================================
Received Import Request.
  Time since last request: 0.000377 seconds.
  path: Assets/Models/rod.prefab
  artifactKey: Guid(3a75febb66e54a24a919120a6703522e) Importer(815301076,1909f56bfc062723c751e8b465ee728b)
Start importing Assets/Models/rod.prefab using Guid(3a75febb66e54a24a919120a6703522e) Importer(815301076,1909f56bfc062723c751e8b465ee728b)  -> (artifact id: 'c1d9b5323da3fde63560be27fc86b775') in 0.043253 seconds
  Import took 0.049352 seconds .

========================================================================
Received Import Request.
  Time since last request: 1.816471 seconds.
  path: Assets/Models/rod.prefab
  artifactKey: Guid(3a75febb66e54a24a919120a6703522e) Importer(815301076,1909f56bfc062723c751e8b465ee728b)
Start importing Assets/Models/rod.prefab using Guid(3a75febb66e54a24a919120a6703522e) Importer(815301076,1909f56bfc062723c751e8b465ee728b)  -> (artifact id: 'a189870ebe844fced53070463b8e65e1') in 0.034640 seconds
  Import took 0.041981 seconds .

========================================================================
Received Prepare
Registering precompiled user dll's ...
Registered in 0.002886 seconds.
Begin MonoManager ReloadAssembly
Native extension for WindowsStandalone target not found
Native extension for WebGL target not found
Refreshing native plugins compatible for Editor in 0.76 ms, found 0 plugins.
Preloading 0 native plugins for Editor in 0.00 ms.
Invoked RoslynAnalysisRunner static constructor.
RoslynAnalysisRunner will not be running.
RoslynAnalysisRunner has terminated.
Mono: successfully reloaded assembly
- Completed reload, in  1.420 seconds
Platform modules already initialized, skipping
Refreshing native plugins compatible for Editor in 0.71 ms, found 0 plugins.
Preloading 0 native plugins for Editor in 0.00 ms.
Unloading 3262 Unused Serialized files (Serialized files now loaded: 0)
System memory in use before: 171.5 MB.
System memory in use after: 169.0 MB.

Unloading 33 unused Assets to reduce memory usage. Loaded Objects now: 4073.
Total: 4.904300 ms (FindLiveObjects: 0.566900 ms CreateObjectMapping: 0.116500 ms MarkObjects: 2.600500 ms  DeleteObjects: 1.618900 ms)

========================================================================
Received Prepare
Registering precompiled user dll's ...
Registered in 0.002568 seconds.
Begin MonoManager ReloadAssembly
Native extension for WindowsStandalone target not found
Native extension for WebGL target not found
Refreshing native plugins compatible for Editor in 0.69 ms, found 0 plugins.
Preloading 0 native plugins for Editor in 0.00 ms.
Invoked RoslynAnalysisRunner static constructor.
RoslynAnalysisRunner will not be running.
RoslynAnalysisRunner has terminated.
Mono: successfully reloaded assembly
- Completed reload, in  1.265 seconds
Platform modules already initialized, skipping
Refreshing native plugins compatible for Editor in 0.79 ms, found 0 plugins.
Preloading 0 native plugins for Editor in 0.00 ms.
Unloading 3245 Unused Serialized files (Serialized files now loaded: 0)
System memory in use before: 170.6 MB.
System memory in use after: 168.0 MB.

Unloading 33 unused Assets to reduce memory usage. Loaded Objects now: 4076.
Total: 4.678000 ms (FindLiveObjects: 0.534200 ms CreateObjectMapping: 0.135100 ms MarkObjects: 2.186400 ms  DeleteObjects: 1.821000 ms)

========================================================================
Received Import Request.
  Time since last request: 175.557491 seconds.
  path: Assets/Models/tube 1.prefab
  artifactKey: Guid(8f345302927b94c4b80aa6a184837fea) Importer(815301076,1909f56bfc062723c751e8b465ee728b)
Start importing Assets/Models/tube 1.prefab using Guid(8f345302927b94c4b80aa6a184837fea) Importer(815301076,1909f56bfc062723c751e8b465ee728b)  -> (artifact id: '21d87d0d83126e13bd7bc95b4f461ba7') in 0.572248 seconds
  Import took 0.579196 seconds .

========================================================================
Received Import Request.
  Time since last request: 1.566194 seconds.
  path: Assets/Models/tube 1.prefab
  artifactKey: Guid(8f345302927b94c4b80aa6a184837fea) Importer(815301076,1909f56bfc062723c751e8b465ee728b)
Start importing Assets/Models/tube 1.prefab using Guid(8f345302927b94c4b80aa6a184837fea) Importer(815301076,1909f56bfc062723c751e8b465ee728b)  -> (artifact id: 'f4fa79ce642a1c97e6540d2eef2c5938') in 0.038111 seconds
  Import took 0.044313 seconds .

========================================================================
Received Prepare
Registering precompiled user dll's ...
Registered in 0.003237 seconds.
Begin MonoManager ReloadAssembly
Native extension for WindowsStandalone target not found
Native extension for WebGL target not found
Refreshing native plugins compatible for Editor in 0.98 ms, found 0 plugins.
Preloading 0 native plugins for Editor in 0.00 ms.
Invoked RoslynAnalysisRunner static constructor.
RoslynAnalysisRunner will not be running.
RoslynAnalysisRunner has terminated.
Mono: successfully reloaded assembly
- Completed reload, in  1.302 seconds
Platform modules already initialized, skipping
Refreshing native plugins compatible for Editor in 0.65 ms, found 0 plugins.
Preloading 0 native plugins for Editor in 0.00 ms.
Unloading 3245 Unused Serialized files (Serialized files now loaded: 0)
System memory in use before: 170.9 MB.
System memory in use after: 168.4 MB.

Unloading 33 unused Assets to reduce memory usage. Loaded Objects now: 4179.
Total: 5.049400 ms (FindLiveObjects: 0.499500 ms CreateObjectMapping: 0.107300 ms MarkObjects: 2.400000 ms  DeleteObjects: 2.041000 ms)

========================================================================
Received Prepare
Registering precompiled user dll's ...
Registered in 0.002632 seconds.
Begin MonoManager ReloadAssembly
Native extension for WindowsStandalone target not found
Native extension for WebGL target not found
Refreshing native plugins compatible for Editor in 0.65 ms, found 0 plugins.
Preloading 0 native plugins for Editor in 0.00 ms.
Invoked RoslynAnalysisRunner static constructor.
RoslynAnalysisRunner will not be running.
RoslynAnalysisRunner has terminated.
Mono: successfully reloaded assembly
- Completed reload, in  1.290 seconds
Platform modules already initialized, skipping
Refreshing native plugins compatible for Editor in 0.94 ms, found 0 plugins.
Preloading 0 native plugins for Editor in 0.00 ms.
Unloading 3245 Unused Serialized files (Serialized files now loaded: 0)
System memory in use before: 170.9 MB.
System memory in use after: 168.4 MB.

Unloading 33 unused Assets to reduce memory usage. Loaded Objects now: 4182.
Total: 5.356100 ms (FindLiveObjects: 0.682800 ms CreateObjectMapping: 0.111000 ms MarkObjects: 2.625400 ms  DeleteObjects: 1.935700 ms)

========================================================================
Received Import Request.
  Time since last request: 196.634319 seconds.
  path: Assets/Models/tube 1.prefab
  artifactKey: Guid(8f345302927b94c4b80aa6a184837fea) Importer(815301076,1909f56bfc062723c751e8b465ee728b)
Start importing Assets/Models/tube 1.prefab using Guid(8f345302927b94c4b80aa6a184837fea) Importer(815301076,1909f56bfc062723c751e8b465ee728b)  -> (artifact id: 'b394b2a52205821acfc8822b171e3e31') in 0.525384 seconds
  Import took 0.532605 seconds .

========================================================================
Received Prepare
Registering precompiled user dll's ...
Registered in 0.002476 seconds.
Begin MonoManager ReloadAssembly
Native extension for WindowsStandalone target not found
Native extension for WebGL target not found
Refreshing native plugins compatible for Editor in 0.78 ms, found 0 plugins.
Preloading 0 native plugins for Editor in 0.00 ms.
Invoked RoslynAnalysisRunner static constructor.
RoslynAnalysisRunner will not be running.
RoslynAnalysisRunner has terminated.
Mono: successfully reloaded assembly
- Completed reload, in  1.279 seconds
Platform modules already initialized, skipping
Refreshing native plugins compatible for Editor in 0.68 ms, found 0 plugins.
Preloading 0 native plugins for Editor in 0.00 ms.
Unloading 3245 Unused Serialized files (Serialized files now loaded: 0)
System memory in use before: 171.3 MB.
System memory in use after: 168.8 MB.

Unloading 33 unused Assets to reduce memory usage. Loaded Objects now: 4285.
Total: 7.322300 ms (FindLiveObjects: 0.724300 ms CreateObjectMapping: 0.106600 ms MarkObjects: 3.712600 ms  DeleteObjects: 2.776600 ms)

========================================================================
Received Import Request.
  Time since last request: 177.990081 seconds.
  path: Assets/Models/tube 1.prefab
  artifactKey: Guid(8f345302927b94c4b80aa6a184837fea) Importer(815301076,1909f56bfc062723c751e8b465ee728b)
Start importing Assets/Models/tube 1.prefab using Guid(8f345302927b94c4b80aa6a184837fea) Importer(815301076,1909f56bfc062723c751e8b465ee728b)  -> (artifact id: 'fc1e7703ef4777342a38d3d6ece37944') in 0.558678 seconds
  Import took 0.566558 seconds .

========================================================================
Received Import Request.
  Time since last request: 0.967353 seconds.
  path: Assets/Models/tube 1.prefab
  artifactKey: Guid(8f345302927b94c4b80aa6a184837fea) Importer(815301076,1909f56bfc062723c751e8b465ee728b)
Start importing Assets/Models/tube 1.prefab using Guid(8f345302927b94c4b80aa6a184837fea) Importer(815301076,1909f56bfc062723c751e8b465ee728b)  -> (artifact id: 'fc1e7703ef4777342a38d3d6ece37944') in 0.036533 seconds
  Import took 0.042627 seconds .

========================================================================
Received Prepare
Registering precompiled user dll's ...
Registered in 0.003343 seconds.
Begin MonoManager ReloadAssembly
Native extension for WindowsStandalone target not found
Native extension for WebGL target not found
Refreshing native plugins compatible for Editor in 0.66 ms, found 0 plugins.
Preloading 0 native plugins for Editor in 0.00 ms.
Invoked RoslynAnalysisRunner static constructor.
RoslynAnalysisRunner will not be running.
RoslynAnalysisRunner has terminated.
Mono: successfully reloaded assembly
- Completed reload, in  1.305 seconds
Platform modules already initialized, skipping
Refreshing native plugins compatible for Editor in 0.83 ms, found 0 plugins.
Preloading 0 native plugins for Editor in 0.00 ms.
Unloading 3245 Unused Serialized files (Serialized files now loaded: 0)
System memory in use before: 171.6 MB.
System memory in use after: 169.1 MB.

Unloading 33 unused Assets to reduce memory usage. Loaded Objects now: 4388.
Total: 5.024200 ms (FindLiveObjects: 0.556800 ms CreateObjectMapping: 0.100300 ms MarkObjects: 2.393000 ms  DeleteObjects: 1.972600 ms)

========================================================================
Received Prepare
Registering precompiled user dll's ...
Registered in 0.002818 seconds.
Begin MonoManager ReloadAssembly
Native extension for WindowsStandalone target not found
Native extension for WebGL target not found
Refreshing native plugins compatible for Editor in 0.86 ms, found 0 plugins.
Preloading 0 native plugins for Editor in 0.00 ms.
Invoked RoslynAnalysisRunner static constructor.
RoslynAnalysisRunner will not be running.
RoslynAnalysisRunner has terminated.
Mono: successfully reloaded assembly
- Completed reload, in  1.258 seconds
Platform modules already initialized, skipping
Refreshing native plugins compatible for Editor in 0.69 ms, found 0 plugins.
Preloading 0 native plugins for Editor in 0.00 ms.
Unloading 3245 Unused Serialized files (Serialized files now loaded: 0)
System memory in use before: 171.6 MB.
System memory in use after: 169.1 MB.

Unloading 33 unused Assets to reduce memory usage. Loaded Objects now: 4391.
Total: 5.271500 ms (FindLiveObjects: 0.600400 ms CreateObjectMapping: 0.093100 ms MarkObjects: 2.527000 ms  DeleteObjects: 2.049900 ms)

========================================================================
Received Import Request.
  Time since last request: 399.071575 seconds.
  path: Assets/Models/tube 1.prefab
  artifactKey: Guid(8f345302927b94c4b80aa6a184837fea) Importer(815301076,1909f56bfc062723c751e8b465ee728b)
Start importing Assets/Models/tube 1.prefab using Guid(8f345302927b94c4b80aa6a184837fea) Importer(815301076,1909f56bfc062723c751e8b465ee728b)  -> (artifact id: 'e532ffad53ee02fb4529c6685b2924a7') in 0.511657 seconds
  Import took 0.519598 seconds .

========================================================================
Received Prepare
Registering precompiled user dll's ...
Registered in 0.003799 seconds.
Begin MonoManager ReloadAssembly
Native extension for WindowsStandalone target not found
Native extension for WebGL target not found
Refreshing native plugins compatible for Editor in 0.99 ms, found 0 plugins.
Preloading 0 native plugins for Editor in 0.00 ms.
Invoked RoslynAnalysisRunner static constructor.
RoslynAnalysisRunner will not be running.
RoslynAnalysisRunner has terminated.
Mono: successfully reloaded assembly
- Completed reload, in  1.454 seconds
Platform modules already initialized, skipping
Refreshing native plugins compatible for Editor in 1.00 ms, found 0 plugins.
Preloading 0 native plugins for Editor in 0.00 ms.
Unloading 3245 Unused Serialized files (Serialized files now loaded: 0)
System memory in use before: 172.0 MB.
System memory in use after: 169.4 MB.

Unloading 33 unused Assets to reduce memory usage. Loaded Objects now: 4494.
Total: 7.974600 ms (FindLiveObjects: 0.983500 ms CreateObjectMapping: 0.218700 ms MarkObjects: 4.347300 ms  DeleteObjects: 2.423300 ms)

========================================================================
Received Prepare
Registering precompiled user dll's ...
Registered in 0.003442 seconds.
Begin MonoManager ReloadAssembly
Native extension for WindowsStandalone target not found
Native extension for WebGL target not found
Refreshing native plugins compatible for Editor in 1.02 ms, found 0 plugins.
Preloading 0 native plugins for Editor in 0.00 ms.
Invoked RoslynAnalysisRunner static constructor.
RoslynAnalysisRunner will not be running.
RoslynAnalysisRunner has terminated.
Mono: successfully reloaded assembly
- Completed reload, in  1.292 seconds
Platform modules already initialized, skipping
Refreshing native plugins compatible for Editor in 0.70 ms, found 0 plugins.
Preloading 0 native plugins for Editor in 0.00 ms.
Unloading 3245 Unused Serialized files (Serialized files now loaded: 0)
System memory in use before: 172.0 MB.
System memory in use after: 169.5 MB.

Unloading 33 unused Assets to reduce memory usage. Loaded Objects now: 4497.
Total: 5.722100 ms (FindLiveObjects: 0.596600 ms CreateObjectMapping: 0.100400 ms MarkObjects: 2.972400 ms  DeleteObjects: 2.048700 ms)

========================================================================
Received Import Request.
  Time since last request: 173.851895 seconds.
  path: Assets/Models/tube 1.prefab
  artifactKey: Guid(8f345302927b94c4b80aa6a184837fea) Importer(815301076,1909f56bfc062723c751e8b465ee728b)
Start importing Assets/Models/tube 1.prefab using Guid(8f345302927b94c4b80aa6a184837fea) Importer(815301076,1909f56bfc062723c751e8b465ee728b)  -> (artifact id: '2df6d78616bfd9c3781270294ad14a0e') in 0.551284 seconds
  Import took 0.557993 seconds .

========================================================================
Received Import Request.
  Time since last request: 1.209518 seconds.
  path: Assets/Models/tube 1.prefab
  artifactKey: Guid(8f345302927b94c4b80aa6a184837fea) Importer(815301076,1909f56bfc062723c751e8b465ee728b)
Start importing Assets/Models/tube 1.prefab using Guid(8f345302927b94c4b80aa6a184837fea) Importer(815301076,1909f56bfc062723c751e8b465ee728b)  -> (artifact id: '0294535cd9c57945a4b4868fc2a66693') in 0.042641 seconds
  Import took 0.048710 seconds .

========================================================================
Received Import Request.
  Time since last request: 2.619173 seconds.
  path: Assets/Models/tube 1.prefab
  artifactKey: Guid(8f345302927b94c4b80aa6a184837fea) Importer(815301076,1909f56bfc062723c751e8b465ee728b)
Start importing Assets/Models/tube 1.prefab using Guid(8f345302927b94c4b80aa6a184837fea) Importer(815301076,1909f56bfc062723c751e8b465ee728b)  -> (artifact id: '57942dcac6dc39baca1788f6bbfd67e8') in 0.046309 seconds
  Import took 0.053240 seconds .

========================================================================
Received Prepare
Registering precompiled user dll's ...
Registered in 0.002958 seconds.
Begin MonoManager ReloadAssembly
Native extension for WindowsStandalone target not found
Native extension for WebGL target not found
Refreshing native plugins compatible for Editor in 0.68 ms, found 0 plugins.
Preloading 0 native plugins for Editor in 0.00 ms.
Invoked RoslynAnalysisRunner static constructor.
RoslynAnalysisRunner will not be running.
RoslynAnalysisRunner has terminated.
Mono: successfully reloaded assembly
- Completed reload, in  1.239 seconds
Platform modules already initialized, skipping
Refreshing native plugins compatible for Editor in 0.64 ms, found 0 plugins.
Preloading 0 native plugins for Editor in 0.00 ms.
Unloading 3245 Unused Serialized files (Serialized files now loaded: 0)
System memory in use before: 172.3 MB.
System memory in use after: 169.8 MB.

Unloading 33 unused Assets to reduce memory usage. Loaded Objects now: 4600.
Total: 5.455100 ms (FindLiveObjects: 0.614700 ms CreateObjectMapping: 0.109000 ms MarkObjects: 2.694900 ms  DeleteObjects: 2.035000 ms)

========================================================================
Received Prepare
Registering precompiled user dll's ...
Registered in 0.002570 seconds.
Begin MonoManager ReloadAssembly
Native extension for WindowsStandalone target not found
Native extension for WebGL target not found
Refreshing native plugins compatible for Editor in 0.78 ms, found 0 plugins.
Preloading 0 native plugins for Editor in 0.00 ms.
Invoked RoslynAnalysisRunner static constructor.
RoslynAnalysisRunner will not be running.
RoslynAnalysisRunner has terminated.
Mono: successfully reloaded assembly
- Completed reload, in  1.284 seconds
Platform modules already initialized, skipping
Refreshing native plugins compatible for Editor in 0.68 ms, found 0 plugins.
Preloading 0 native plugins for Editor in 0.00 ms.
Unloading 3245 Unused Serialized files (Serialized files now loaded: 0)
System memory in use before: 172.3 MB.
System memory in use after: 169.8 MB.

Unloading 33 unused Assets to reduce memory usage. Loaded Objects now: 4603.
Total: 7.865900 ms (FindLiveObjects: 0.753400 ms CreateObjectMapping: 0.148700 ms MarkObjects: 4.436900 ms  DeleteObjects: 2.525000 ms)

========================================================================
Received Import Request.
  Time since last request: 124.351796 seconds.
  path: Assets/Scripts/LeftRightMovement.cs
  artifactKey: Guid(5c071c95133e462459fdcc0f1f487232) Importer(815301076,1909f56bfc062723c751e8b465ee728b)
Start importing Assets/Scripts/LeftRightMovement.cs using Guid(5c071c95133e462459fdcc0f1f487232) Importer(815301076,1909f56bfc062723c751e8b465ee728b)  -> (artifact id: '10796b6d9fc7da78a6abdfdf5a8a3d3e') in 0.009301 seconds
  Import took 0.016263 seconds .

========================================================================
Received Import Request.
  Time since last request: 0.009313 seconds.
  path: Assets/Scripts/LeftRightMovement.cs
  artifactKey: Guid(5c071c95133e462459fdcc0f1f487232) Importer(815301076,1909f56bfc062723c751e8b465ee728b)
Start importing Assets/Scripts/LeftRightMovement.cs using Guid(5c071c95133e462459fdcc0f1f487232) Importer(815301076,1909f56bfc062723c751e8b465ee728b)  -> (artifact id: '10796b6d9fc7da78a6abdfdf5a8a3d3e') in 0.003789 seconds
  Import took 0.011231 seconds .

========================================================================
Received Prepare
Registering precompiled user dll's ...
Registered in 0.003281 seconds.
Begin MonoManager ReloadAssembly
Native extension for WindowsStandalone target not found
Native extension for WebGL target not found
Refreshing native plugins compatible for Editor in 0.68 ms, found 0 plugins.
Preloading 0 native plugins for Editor in 0.00 ms.
Invoked RoslynAnalysisRunner static constructor.
RoslynAnalysisRunner will not be running.
RoslynAnalysisRunner has terminated.
Mono: successfully reloaded assembly
- Completed reload, in  1.455 seconds
Platform modules already initialized, skipping
Refreshing native plugins compatible for Editor in 0.65 ms, found 0 plugins.
Preloading 0 native plugins for Editor in 0.00 ms.
Unloading 3245 Unused Serialized files (Serialized files now loaded: 0)
System memory in use before: 172.4 MB.
System memory in use after: 169.8 MB.

Unloading 33 unused Assets to reduce memory usage. Loaded Objects now: 4606.
Total: 5.873100 ms (FindLiveObjects: 0.586700 ms CreateObjectMapping: 0.142100 ms MarkObjects: 2.907200 ms  DeleteObjects: 2.234300 ms)

========================================================================
Received Prepare
Registering precompiled user dll's ...
Registered in 0.002433 seconds.
Begin MonoManager ReloadAssembly
Native extension for WindowsStandalone target not found
Native extension for WebGL target not found
Refreshing native plugins compatible for Editor in 0.81 ms, found 0 plugins.
Preloading 0 native plugins for Editor in 0.00 ms.
Invoked RoslynAnalysisRunner static constructor.
RoslynAnalysisRunner will not be running.
RoslynAnalysisRunner has terminated.
Mono: successfully reloaded assembly
- Completed reload, in  1.257 seconds
Platform modules already initialized, skipping
Refreshing native plugins compatible for Editor in 0.68 ms, found 0 plugins.
Preloading 0 native plugins for Editor in 0.00 ms.
Unloading 3245 Unused Serialized files (Serialized files now loaded: 0)
System memory in use before: 172.4 MB.
System memory in use after: 169.9 MB.

Unloading 33 unused Assets to reduce memory usage. Loaded Objects now: 4609.
Total: 10.215200 ms (FindLiveObjects: 1.082900 ms CreateObjectMapping: 0.329000 ms MarkObjects: 5.192500 ms  DeleteObjects: 3.607700 ms)

========================================================================
Received Import Request.
  Time since last request: 17.954151 seconds.
  path: Assets/Scripts/Movement.cs
  artifactKey: Guid(5c071c95133e462459fdcc0f1f487232) Importer(815301076,1909f56bfc062723c751e8b465ee728b)
Start importing Assets/Scripts/Movement.cs using Guid(5c071c95133e462459fdcc0f1f487232) Importer(815301076,1909f56bfc062723c751e8b465ee728b)  -> (artifact id: '64693041210b749565dfa8f1f1053804') in 0.007924 seconds
  Import took 0.014119 seconds .

========================================================================
Received Prepare
Registering precompiled user dll's ...
Registered in 0.002804 seconds.
Begin MonoManager ReloadAssembly
Native extension for WindowsStandalone target not found
Native extension for WebGL target not found
Refreshing native plugins compatible for Editor in 0.79 ms, found 0 plugins.
Preloading 0 native plugins for Editor in 0.00 ms.
Invoked RoslynAnalysisRunner static constructor.
RoslynAnalysisRunner will not be running.
RoslynAnalysisRunner has terminated.
Mono: successfully reloaded assembly
- Completed reload, in  1.344 seconds
Platform modules already initialized, skipping
Refreshing native plugins compatible for Editor in 0.67 ms, found 0 plugins.
Preloading 0 native plugins for Editor in 0.00 ms.
Unloading 3245 Unused Serialized files (Serialized files now loaded: 0)
System memory in use before: 172.4 MB.
System memory in use after: 169.9 MB.

Unloading 33 unused Assets to reduce memory usage. Loaded Objects now: 4612.
Total: 7.013800 ms (FindLiveObjects: 0.546100 ms CreateObjectMapping: 0.109200 ms MarkObjects: 3.512700 ms  DeleteObjects: 2.844200 ms)

========================================================================
Received Prepare
Registering precompiled user dll's ...
Registered in 0.003169 seconds.
Begin MonoManager ReloadAssembly
Native extension for WindowsStandalone target not found
Native extension for WebGL target not found
Refreshing native plugins compatible for Editor in 0.79 ms, found 0 plugins.
Preloading 0 native plugins for Editor in 0.00 ms.
Invoked RoslynAnalysisRunner static constructor.
RoslynAnalysisRunner will not be running.
RoslynAnalysisRunner has terminated.
Mono: successfully reloaded assembly
- Completed reload, in  1.377 seconds
Platform modules already initialized, skipping
Refreshing native plugins compatible for Editor in 0.66 ms, found 0 plugins.
Preloading 0 native plugins for Editor in 0.00 ms.
Unloading 3244 Unused Serialized files (Serialized files now loaded: 0)
System memory in use before: 172.4 MB.
System memory in use after: 169.9 MB.

Unloading 34 unused Assets to reduce memory usage. Loaded Objects now: 4614.
Total: 5.734800 ms (FindLiveObjects: 0.579900 ms CreateObjectMapping: 0.102400 ms MarkObjects: 2.978500 ms  DeleteObjects: 2.072500 ms)

========================================================================
Received Prepare
Registering precompiled user dll's ...
Registered in 0.003142 seconds.
Begin MonoManager ReloadAssembly
Native extension for WindowsStandalone target not found
Native extension for WebGL target not found
Refreshing native plugins compatible for Editor in 1.17 ms, found 0 plugins.
Preloading 0 native plugins for Editor in 0.00 ms.
Invoked RoslynAnalysisRunner static constructor.
RoslynAnalysisRunner will not be running.
RoslynAnalysisRunner has terminated.
Mono: successfully reloaded assembly
- Completed reload, in  1.327 seconds
Platform modules already initialized, skipping
Refreshing native plugins compatible for Editor in 0.67 ms, found 0 plugins.
Preloading 0 native plugins for Editor in 0.00 ms.
Unloading 3245 Unused Serialized files (Serialized files now loaded: 0)
System memory in use before: 172.4 MB.
System memory in use after: 169.9 MB.

Unloading 33 unused Assets to reduce memory usage. Loaded Objects now: 4618.
Total: 7.559100 ms (FindLiveObjects: 0.748600 ms CreateObjectMapping: 0.116900 ms MarkObjects: 4.246800 ms  DeleteObjects: 2.445100 ms)

========================================================================
Received Prepare
Registering precompiled user dll's ...
Registered in 0.004106 seconds.
Begin MonoManager ReloadAssembly
Native extension for WindowsStandalone target not found
Native extension for WebGL target not found
Refreshing native plugins compatible for Editor in 0.91 ms, found 0 plugins.
Preloading 0 native plugins for Editor in 0.00 ms.
Invoked RoslynAnalysisRunner static constructor.
RoslynAnalysisRunner will not be running.
RoslynAnalysisRunner has terminated.
Mono: successfully reloaded assembly
- Completed reload, in  1.304 seconds
Platform modules already initialized, skipping
Refreshing native plugins compatible for Editor in 0.67 ms, found 0 plugins.
Preloading 0 native plugins for Editor in 0.00 ms.
Unloading 3245 Unused Serialized files (Serialized files now loaded: 0)
System memory in use before: 172.4 MB.
System memory in use after: 169.9 MB.

Unloading 33 unused Assets to reduce memory usage. Loaded Objects now: 4621.
Total: 5.979700 ms (FindLiveObjects: 0.633000 ms CreateObjectMapping: 0.105100 ms MarkObjects: 3.085500 ms  DeleteObjects: 2.154100 ms)

========================================================================
Received Import Request.
  Time since last request: 111.383460 seconds.
  path: Assets/Scripts/ObstacleMovement.cs
  artifactKey: Guid(ebc858aa4a6e5514e8f4513716460974) Importer(815301076,1909f56bfc062723c751e8b465ee728b)
Start importing Assets/Scripts/ObstacleMovement.cs using Guid(ebc858aa4a6e5514e8f4513716460974) Importer(815301076,1909f56bfc062723c751e8b465ee728b)  -> (artifact id: '80b9a6b17cc455292e10abc473c2c46b') in 0.009240 seconds
  Import took 0.016232 seconds .

========================================================================
Received Import Request.
  Time since last request: 0.005353 seconds.
  path: Assets/Scripts/ObstacleMovement.cs
  artifactKey: Guid(ebc858aa4a6e5514e8f4513716460974) Importer(815301076,1909f56bfc062723c751e8b465ee728b)
Start importing Assets/Scripts/ObstacleMovement.cs using Guid(ebc858aa4a6e5514e8f4513716460974) Importer(815301076,1909f56bfc062723c751e8b465ee728b)  -> (artifact id: '80b9a6b17cc455292e10abc473c2c46b') in 0.003445 seconds
  Import took 0.010248 seconds .

========================================================================
Received Prepare
Registering precompiled user dll's ...
Registered in 0.002600 seconds.
Begin MonoManager ReloadAssembly
Native extension for WindowsStandalone target not found
Native extension for WebGL target not found
Refreshing native plugins compatible for Editor in 0.75 ms, found 0 plugins.
Preloading 0 native plugins for Editor in 0.00 ms.
Invoked RoslynAnalysisRunner static constructor.
RoslynAnalysisRunner will not be running.
RoslynAnalysisRunner has terminated.
Mono: successfully reloaded assembly
- Completed reload, in  1.256 seconds
Platform modules already initialized, skipping
Refreshing native plugins compatible for Editor in 0.72 ms, found 0 plugins.
Preloading 0 native plugins for Editor in 0.00 ms.
Unloading 3245 Unused Serialized files (Serialized files now loaded: 0)
System memory in use before: 172.4 MB.
System memory in use after: 169.9 MB.

Unloading 33 unused Assets to reduce memory usage. Loaded Objects now: 4624.
Total: 6.409400 ms (FindLiveObjects: 0.912400 ms CreateObjectMapping: 0.142900 ms MarkObjects: 3.239500 ms  DeleteObjects: 2.112800 ms)

========================================================================
Received Import Request.
  Time since last request: 157.245006 seconds.
  path: Assets/Scripts/ObstacleMovement.cs
  artifactKey: Guid(ebc858aa4a6e5514e8f4513716460974) Importer(815301076,1909f56bfc062723c751e8b465ee728b)
Start importing Assets/Scripts/ObstacleMovement.cs using Guid(ebc858aa4a6e5514e8f4513716460974) Importer(815301076,1909f56bfc062723c751e8b465ee728b)  -> (artifact id: 'ed63e1b3ffa28104ec5b5017dfc8bad6') in 0.008986 seconds
  Import took 0.016825 seconds .

========================================================================
Received Prepare
Registering precompiled user dll's ...
Registered in 0.002587 seconds.
Begin MonoManager ReloadAssembly
Native extension for WindowsStandalone target not found
Native extension for WebGL target not found
Refreshing native plugins compatible for Editor in 0.74 ms, found 0 plugins.
Preloading 0 native plugins for Editor in 0.00 ms.
Invoked RoslynAnalysisRunner static constructor.
RoslynAnalysisRunner will not be running.
RoslynAnalysisRunner has terminated.
Mono: successfully reloaded assembly
- Completed reload, in  1.264 seconds
Platform modules already initialized, skipping
Refreshing native plugins compatible for Editor in 0.66 ms, found 0 plugins.
Preloading 0 native plugins for Editor in 0.00 ms.
Unloading 3245 Unused Serialized files (Serialized files now loaded: 0)
System memory in use before: 172.4 MB.
System memory in use after: 169.9 MB.

Unloading 33 unused Assets to reduce memory usage. Loaded Objects now: 4627.
Total: 8.060500 ms (FindLiveObjects: 0.865800 ms CreateObjectMapping: 0.227700 ms MarkObjects: 4.212300 ms  DeleteObjects: 2.753100 ms)

========================================================================
Received Prepare
Registering precompiled user dll's ...
Registered in 0.002566 seconds.
Begin MonoManager ReloadAssembly
Native extension for WindowsStandalone target not found
Native extension for WebGL target not found
Refreshing native plugins compatible for Editor in 0.69 ms, found 0 plugins.
Preloading 0 native plugins for Editor in 0.00 ms.
Invoked RoslynAnalysisRunner static constructor.
RoslynAnalysisRunner will not be running.
RoslynAnalysisRunner has terminated.
Mono: successfully reloaded assembly
- Completed reload, in  1.245 seconds
Platform modules already initialized, skipping
Refreshing native plugins compatible for Editor in 0.66 ms, found 0 plugins.
Preloading 0 native plugins for Editor in 0.00 ms.
Unloading 3245 Unused Serialized files (Serialized files now loaded: 0)
System memory in use before: 172.4 MB.
System memory in use after: 169.9 MB.

Unloading 33 unused Assets to reduce memory usage. Loaded Objects now: 4630.
Total: 8.238200 ms (FindLiveObjects: 0.834800 ms CreateObjectMapping: 0.133000 ms MarkObjects: 4.913900 ms  DeleteObjects: 2.354800 ms)

========================================================================
Received Prepare
Registering precompiled user dll's ...
Registered in 0.003831 seconds.
Begin MonoManager ReloadAssembly
Native extension for WindowsStandalone target not found
Native extension for WebGL target not found
Refreshing native plugins compatible for Editor in 0.75 ms, found 0 plugins.
Preloading 0 native plugins for Editor in 0.00 ms.
Invoked RoslynAnalysisRunner static constructor.
RoslynAnalysisRunner will not be running.
RoslynAnalysisRunner has terminated.
Mono: successfully reloaded assembly
- Completed reload, in  1.244 seconds
Platform modules already initialized, skipping
Refreshing native plugins compatible for Editor in 0.67 ms, found 0 plugins.
Preloading 0 native plugins for Editor in 0.00 ms.
Unloading 3245 Unused Serialized files (Serialized files now loaded: 0)
System memory in use before: 172.4 MB.
System memory in use after: 169.9 MB.

Unloading 33 unused Assets to reduce memory usage. Loaded Objects now: 4633.
Total: 5.762900 ms (FindLiveObjects: 0.613900 ms CreateObjectMapping: 0.105300 ms MarkObjects: 2.851800 ms  DeleteObjects: 2.189400 ms)

========================================================================
Received Prepare
Registering precompiled user dll's ...
Registered in 0.003452 seconds.
Begin MonoManager ReloadAssembly
Native extension for WindowsStandalone target not found
Native extension for WebGL target not found
Refreshing native plugins compatible for Editor in 0.67 ms, found 0 plugins.
Preloading 0 native plugins for Editor in 0.00 ms.
Invoked RoslynAnalysisRunner static constructor.
RoslynAnalysisRunner will not be running.
RoslynAnalysisRunner has terminated.
Mono: successfully reloaded assembly
- Completed reload, in  1.266 seconds
Platform modules already initialized, skipping
Refreshing native plugins compatible for Editor in 0.67 ms, found 0 plugins.
Preloading 0 native plugins for Editor in 0.00 ms.
Unloading 3245 Unused Serialized files (Serialized files now loaded: 0)
System memory in use before: 172.4 MB.
System memory in use after: 169.9 MB.

Unloading 33 unused Assets to reduce memory usage. Loaded Objects now: 4636.
Total: 5.610000 ms (FindLiveObjects: 0.713500 ms CreateObjectMapping: 0.109100 ms MarkObjects: 2.709500 ms  DeleteObjects: 2.075800 ms)

========================================================================
Received Import Request.
  Time since last request: 850.173811 seconds.
  path: Assets/Models/tube 1 1.prefab
  artifactKey: Guid(cd36d7426393c5643af6af9aab70ebfa) Importer(815301076,1909f56bfc062723c751e8b465ee728b)
Start importing Assets/Models/tube 1 1.prefab using Guid(cd36d7426393c5643af6af9aab70ebfa) Importer(815301076,1909f56bfc062723c751e8b465ee728b)  -> (artifact id: '929c458dcebf7613a74826bbdab1267d') in 0.562414 seconds
  Import took 0.569173 seconds .

========================================================================
Received Import Request.
  Time since last request: 18.744869 seconds.
  path: Assets/Models/tube 1 1.prefab
  artifactKey: Guid(cd36d7426393c5643af6af9aab70ebfa) Importer(815301076,1909f56bfc062723c751e8b465ee728b)
Start importing Assets/Models/tube 1 1.prefab using Guid(cd36d7426393c5643af6af9aab70ebfa) Importer(815301076,1909f56bfc062723c751e8b465ee728b)  -> (artifact id: '9be2ba8ca04ffe1b1f065af8b77faf0f') in 0.045313 seconds
  Import took 0.052471 seconds .

========================================================================
Received Import Request.
  Time since last request: 6.823190 seconds.
  path: Assets/Models/tube 1 1.prefab
  artifactKey: Guid(cd36d7426393c5643af6af9aab70ebfa) Importer(815301076,1909f56bfc062723c751e8b465ee728b)
Start importing Assets/Models/tube 1 1.prefab using Guid(cd36d7426393c5643af6af9aab70ebfa) Importer(815301076,1909f56bfc062723c751e8b465ee728b)  -> (artifact id: 'b5a41f61b20e0998e30e2aad1a599d28') in 0.049457 seconds
  Import took 0.057841 seconds .

========================================================================
Received Import Request.
  Time since last request: 5.253008 seconds.
  path: Assets/Models/tube 1 1.prefab
  artifactKey: Guid(cd36d7426393c5643af6af9aab70ebfa) Importer(815301076,1909f56bfc062723c751e8b465ee728b)
Start importing Assets/Models/tube 1 1.prefab using Guid(cd36d7426393c5643af6af9aab70ebfa) Importer(815301076,1909f56bfc062723c751e8b465ee728b)  -> (artifact id: 'f67de30eb2e7f52e77987166287c6883') in 0.039387 seconds
  Import took 0.047050 seconds .

========================================================================
Received Import Request.
  Time since last request: 8.306945 seconds.
  path: Assets/Models/tube 1 1.prefab
  artifactKey: Guid(cd36d7426393c5643af6af9aab70ebfa) Importer(815301076,1909f56bfc062723c751e8b465ee728b)
Start importing Assets/Models/tube 1 1.prefab using Guid(cd36d7426393c5643af6af9aab70ebfa) Importer(815301076,1909f56bfc062723c751e8b465ee728b)  -> (artifact id: 'fb36858ed28c25aeea8d457a89445d9f') in 0.048845 seconds
  Import took 0.056773 seconds .

========================================================================
Received Import Request.
  Time since last request: 4.449969 seconds.
  path: Assets/Models/tube 1 1.prefab
  artifactKey: Guid(cd36d7426393c5643af6af9aab70ebfa) Importer(815301076,1909f56bfc062723c751e8b465ee728b)
Start importing Assets/Models/tube 1 1.prefab using Guid(cd36d7426393c5643af6af9aab70ebfa) Importer(815301076,1909f56bfc062723c751e8b465ee728b)  -> (artifact id: '60d7c92e5e68762ea3a9260fe39c4058') in 0.047408 seconds
  Import took 0.054746 seconds .

========================================================================
Received Import Request.
  Time since last request: 26.181723 seconds.
  path: Assets/Models/tube 1 1.prefab
  artifactKey: Guid(cd36d7426393c5643af6af9aab70ebfa) Importer(815301076,1909f56bfc062723c751e8b465ee728b)
Start importing Assets/Models/tube 1 1.prefab using Guid(cd36d7426393c5643af6af9aab70ebfa) Importer(815301076,1909f56bfc062723c751e8b465ee728b)  -> (artifact id: '2c9b085b39ff760d9acd70ff03440c39') in 0.037660 seconds
  Import took 0.045184 seconds .

========================================================================
Received Import Request.
  Time since last request: 15.273380 seconds.
  path: Assets/Models/tube 1.prefab
  artifactKey: Guid(8f345302927b94c4b80aa6a184837fea) Importer(815301076,1909f56bfc062723c751e8b465ee728b)
Start importing Assets/Models/tube 1.prefab using Guid(8f345302927b94c4b80aa6a184837fea) Importer(815301076,1909f56bfc062723c751e8b465ee728b)  -> (artifact id: 'e8e834dbec93eda623a807235ae20583') in 0.039119 seconds
  Import took 0.048059 seconds .

========================================================================
Received Prepare
Registering precompiled user dll's ...
Registered in 0.002723 seconds.
Begin MonoManager ReloadAssembly
Native extension for WindowsStandalone target not found
Native extension for WebGL target not found
Refreshing native plugins compatible for Editor in 0.67 ms, found 0 plugins.
Preloading 0 native plugins for Editor in 0.00 ms.
Invoked RoslynAnalysisRunner static constructor.
RoslynAnalysisRunner will not be running.
RoslynAnalysisRunner has terminated.
Mono: successfully reloaded assembly
- Completed reload, in  1.292 seconds
Platform modules already initialized, skipping
Refreshing native plugins compatible for Editor in 0.69 ms, found 0 plugins.
Preloading 0 native plugins for Editor in 0.00 ms.
Unloading 3245 Unused Serialized files (Serialized files now loaded: 0)
System memory in use before: 172.8 MB.
System memory in use after: 170.3 MB.

Unloading 33 unused Assets to reduce memory usage. Loaded Objects now: 4739.
Total: 7.339400 ms (FindLiveObjects: 0.886200 ms CreateObjectMapping: 0.255100 ms MarkObjects: 3.905900 ms  DeleteObjects: 2.290200 ms)

========================================================================
Received Import Request.
  Time since last request: 329.379235 seconds.
  path: Assets/Models/tube 1 1.prefab
  artifactKey: Guid(cd36d7426393c5643af6af9aab70ebfa) Importer(815301076,1909f56bfc062723c751e8b465ee728b)
Start importing Assets/Models/tube 1 1.prefab using Guid(cd36d7426393c5643af6af9aab70ebfa) Importer(815301076,1909f56bfc062723c751e8b465ee728b)  -> (artifact id: 'b4918ee927cfbb4cbfb6a7c0ab0588b4') in 0.545195 seconds
  Import took 0.552689 seconds .

========================================================================
Received Import Request.
  Time since last request: 0.000322 seconds.
  path: Assets/Models/tube 1.prefab
  artifactKey: Guid(8f345302927b94c4b80aa6a184837fea) Importer(815301076,1909f56bfc062723c751e8b465ee728b)
Start importing Assets/Models/tube 1.prefab using Guid(8f345302927b94c4b80aa6a184837fea) Importer(815301076,1909f56bfc062723c751e8b465ee728b)  -> (artifact id: 'c65240fec1d33f6a8b2b8adc6027d23a') in 0.045579 seconds
  Import took 0.055080 seconds .

========================================================================
Received Prepare
Registering precompiled user dll's ...
Registered in 0.003135 seconds.
Begin MonoManager ReloadAssembly
Native extension for WindowsStandalone target not found
Native extension for WebGL target not found
Refreshing native plugins compatible for Editor in 1.09 ms, found 0 plugins.
Preloading 0 native plugins for Editor in 0.00 ms.
Invoked RoslynAnalysisRunner static constructor.
RoslynAnalysisRunner will not be running.
RoslynAnalysisRunner has terminated.
Mono: successfully reloaded assembly
- Completed reload, in  1.262 seconds
Platform modules already initialized, skipping
Refreshing native plugins compatible for Editor in 0.66 ms, found 0 plugins.
Preloading 0 native plugins for Editor in 0.00 ms.
Unloading 3245 Unused Serialized files (Serialized files now loaded: 0)
System memory in use before: 173.2 MB.
System memory in use after: 170.7 MB.

Unloading 33 unused Assets to reduce memory usage. Loaded Objects now: 4842.
Total: 7.784100 ms (FindLiveObjects: 0.703100 ms CreateObjectMapping: 0.104500 ms MarkObjects: 4.356600 ms  DeleteObjects: 2.617900 ms)

========================================================================
Received Prepare
Registering precompiled user dll's ...
Registered in 0.003034 seconds.
Begin MonoManager ReloadAssembly
Native extension for WindowsStandalone target not found
Native extension for WebGL target not found
Refreshing native plugins compatible for Editor in 0.78 ms, found 0 plugins.
Preloading 0 native plugins for Editor in 0.00 ms.
Invoked RoslynAnalysisRunner static constructor.
RoslynAnalysisRunner will not be running.
RoslynAnalysisRunner has terminated.
Mono: successfully reloaded assembly
- Completed reload, in  1.279 seconds
Platform modules already initialized, skipping
Refreshing native plugins compatible for Editor in 0.70 ms, found 0 plugins.
Preloading 0 native plugins for Editor in 0.00 ms.
Unloading 3245 Unused Serialized files (Serialized files now loaded: 0)
System memory in use before: 173.2 MB.
System memory in use after: 170.7 MB.

Unloading 33 unused Assets to reduce memory usage. Loaded Objects now: 4845.
Total: 5.644000 ms (FindLiveObjects: 0.584000 ms CreateObjectMapping: 0.104300 ms MarkObjects: 2.831000 ms  DeleteObjects: 2.123200 ms)

========================================================================
Received Import Request.
  Time since last request: 140.423897 seconds.
  path: Assets/Models/tube 1.prefab
  artifactKey: Guid(8f345302927b94c4b80aa6a184837fea) Importer(815301076,1909f56bfc062723c751e8b465ee728b)
Start importing Assets/Models/tube 1.prefab using Guid(8f345302927b94c4b80aa6a184837fea) Importer(815301076,1909f56bfc062723c751e8b465ee728b)  -> (artifact id: 'd6f56f7b9bc2b7739e7632a99aa2dbca') in 0.563116 seconds
  Import took 0.571037 seconds .

========================================================================
Received Import Request.
  Time since last request: 8.949450 seconds.
  path: Assets/Models/tube 1 1.prefab
  artifactKey: Guid(cd36d7426393c5643af6af9aab70ebfa) Importer(815301076,1909f56bfc062723c751e8b465ee728b)
Start importing Assets/Models/tube 1 1.prefab using Guid(cd36d7426393c5643af6af9aab70ebfa) Importer(815301076,1909f56bfc062723c751e8b465ee728b)  -> (artifact id: '3a0a0fa59bbdce0d12277aefa0da272f') in 0.048917 seconds
  Import took 0.057397 seconds .

========================================================================
Received Prepare
Registering precompiled user dll's ...
Registered in 0.002506 seconds.
Begin MonoManager ReloadAssembly
Native extension for WindowsStandalone target not found
Native extension for WebGL target not found
Refreshing native plugins compatible for Editor in 1.15 ms, found 0 plugins.
Preloading 0 native plugins for Editor in 0.00 ms.
Invoked RoslynAnalysisRunner static constructor.
RoslynAnalysisRunner will not be running.
RoslynAnalysisRunner has terminated.
Mono: successfully reloaded assembly
- Completed reload, in  1.306 seconds
Platform modules already initialized, skipping
Refreshing native plugins compatible for Editor in 0.65 ms, found 0 plugins.
Preloading 0 native plugins for Editor in 0.00 ms.
Unloading 3245 Unused Serialized files (Serialized files now loaded: 0)
System memory in use before: 173.6 MB.
System memory in use after: 171.1 MB.

Unloading 33 unused Assets to reduce memory usage. Loaded Objects now: 4948.
Total: 7.196400 ms (FindLiveObjects: 1.028200 ms CreateObjectMapping: 0.192100 ms MarkObjects: 3.869900 ms  DeleteObjects: 2.105000 ms)

========================================================================
Received Prepare
Registering precompiled user dll's ...
Registered in 0.002604 seconds.
Begin MonoManager ReloadAssembly
Native extension for WindowsStandalone target not found
Native extension for WebGL target not found
Refreshing native plugins compatible for Editor in 0.71 ms, found 0 plugins.
Preloading 0 native plugins for Editor in 0.00 ms.
Invoked RoslynAnalysisRunner static constructor.
RoslynAnalysisRunner will not be running.
RoslynAnalysisRunner has terminated.
Mono: successfully reloaded assembly
- Completed reload, in  1.278 seconds
Platform modules already initialized, skipping
Refreshing native plugins compatible for Editor in 1.12 ms, found 0 plugins.
Preloading 0 native plugins for Editor in 0.00 ms.
Unloading 3245 Unused Serialized files (Serialized files now loaded: 0)
System memory in use before: 173.6 MB.
System memory in use after: 171.1 MB.

Unloading 33 unused Assets to reduce memory usage. Loaded Objects now: 4951.
Total: 6.384900 ms (FindLiveObjects: 0.728000 ms CreateObjectMapping: 0.117800 ms MarkObjects: 3.416500 ms  DeleteObjects: 2.121300 ms)

========================================================================
Received Prepare
Registering precompiled user dll's ...
Registered in 0.002657 seconds.
Begin MonoManager ReloadAssembly
Native extension for WindowsStandalone target not found
Native extension for WebGL target not found
Refreshing native plugins compatible for Editor in 0.67 ms, found 0 plugins.
Preloading 0 native plugins for Editor in 0.00 ms.
Invoked RoslynAnalysisRunner static constructor.
RoslynAnalysisRunner will not be running.
RoslynAnalysisRunner has terminated.
Mono: successfully reloaded assembly
- Completed reload, in  1.253 seconds
Platform modules already initialized, skipping
Refreshing native plugins compatible for Editor in 0.66 ms, found 0 plugins.
Preloading 0 native plugins for Editor in 0.00 ms.
Unloading 3245 Unused Serialized files (Serialized files now loaded: 0)
System memory in use before: 173.6 MB.
System memory in use after: 171.1 MB.

Unloading 33 unused Assets to reduce memory usage. Loaded Objects now: 4954.
Total: 6.728200 ms (FindLiveObjects: 0.510700 ms CreateObjectMapping: 0.102400 ms MarkObjects: 3.402800 ms  DeleteObjects: 2.710400 ms)

========================================================================
Received Prepare
Registering precompiled user dll's ...
Registered in 0.003072 seconds.
Begin MonoManager ReloadAssembly
Native extension for WindowsStandalone target not found
Native extension for WebGL target not found
Refreshing native plugins compatible for Editor in 0.67 ms, found 0 plugins.
Preloading 0 native plugins for Editor in 0.00 ms.
Invoked RoslynAnalysisRunner static constructor.
RoslynAnalysisRunner will not be running.
RoslynAnalysisRunner has terminated.
Mono: successfully reloaded assembly
- Completed reload, in  1.247 seconds
Platform modules already initialized, skipping
Refreshing native plugins compatible for Editor in 0.74 ms, found 0 plugins.
Preloading 0 native plugins for Editor in 0.00 ms.
Unloading 3245 Unused Serialized files (Serialized files now loaded: 0)
System memory in use before: 173.6 MB.
System memory in use after: 171.1 MB.

Unloading 33 unused Assets to reduce memory usage. Loaded Objects now: 4957.
Total: 6.469300 ms (FindLiveObjects: 1.007200 ms CreateObjectMapping: 0.149800 ms MarkObjects: 3.211300 ms  DeleteObjects: 2.098200 ms)

========================================================================
Received Import Request.
  Time since last request: 1278.820872 seconds.
  path: Assets/Models/tube 1 1.prefab
  artifactKey: Guid(cd36d7426393c5643af6af9aab70ebfa) Importer(815301076,1909f56bfc062723c751e8b465ee728b)
Start importing Assets/Models/tube 1 1.prefab using Guid(cd36d7426393c5643af6af9aab70ebfa) Importer(815301076,1909f56bfc062723c751e8b465ee728b)  -> (artifact id: '9254a4d022bbb15a763b905a88d3a2fd') in 0.555487 seconds
  Import took 0.562775 seconds .

========================================================================
Received Import Request.
  Time since last request: 1.421916 seconds.
  path: Assets/Models/tube 1 1.prefab
  artifactKey: Guid(cd36d7426393c5643af6af9aab70ebfa) Importer(815301076,1909f56bfc062723c751e8b465ee728b)
Start importing Assets/Models/tube 1 1.prefab using Guid(cd36d7426393c5643af6af9aab70ebfa) Importer(815301076,1909f56bfc062723c751e8b465ee728b)  -> (artifact id: '8fb3f1db3f2de22228cb0ae885ca9b9c') in 0.059297 seconds
  Import took 0.065757 seconds .

========================================================================
Received Import Request.
  Time since last request: 2.747224 seconds.
  path: Assets/Models/tube 1 1.prefab
  artifactKey: Guid(cd36d7426393c5643af6af9aab70ebfa) Importer(815301076,1909f56bfc062723c751e8b465ee728b)
Start importing Assets/Models/tube 1 1.prefab using Guid(cd36d7426393c5643af6af9aab70ebfa) Importer(815301076,1909f56bfc062723c751e8b465ee728b)  -> (artifact id: 'cde00fa823c133334a0d72a4e4d992f1') in 0.037760 seconds
  Import took 0.045106 seconds .

========================================================================
Received Import Request.
  Time since last request: 4.529936 seconds.
  path: Assets/Models/tube 1.prefab
  artifactKey: Guid(8f345302927b94c4b80aa6a184837fea) Importer(815301076,1909f56bfc062723c751e8b465ee728b)
Start importing Assets/Models/tube 1.prefab using Guid(8f345302927b94c4b80aa6a184837fea) Importer(815301076,1909f56bfc062723c751e8b465ee728b)  -> (artifact id: '6ceaffbd31a3251dc921f3cdf40e26b1') in 0.049105 seconds
  Import took 0.057000 seconds .

========================================================================
Received Import Request.
  Time since last request: 2.608551 seconds.
  path: Assets/Models/tube 1.prefab
  artifactKey: Guid(8f345302927b94c4b80aa6a184837fea) Importer(815301076,1909f56bfc062723c751e8b465ee728b)
Start importing Assets/Models/tube 1.prefab using Guid(8f345302927b94c4b80aa6a184837fea) Importer(815301076,1909f56bfc062723c751e8b465ee728b)  -> (artifact id: 'f9aa0773ea7c16e4a9bac5beecc84596') in 0.043282 seconds
  Import took 0.051402 seconds .

========================================================================
Received Import Request.
  Time since last request: 3.020007 seconds.
  path: Assets/Models/tube 1.prefab
  artifactKey: Guid(8f345302927b94c4b80aa6a184837fea) Importer(815301076,1909f56bfc062723c751e8b465ee728b)
Start importing Assets/Models/tube 1.prefab using Guid(8f345302927b94c4b80aa6a184837fea) Importer(815301076,1909f56bfc062723c751e8b465ee728b)  -> (artifact id: 'c9a731f59faf4dea10aeaa0b7cb90408') in 0.046229 seconds
  Import took 0.054030 seconds .

========================================================================
Received Prepare
Registering precompiled user dll's ...
Registered in 0.002926 seconds.
Begin MonoManager ReloadAssembly
Native extension for WindowsStandalone target not found
Native extension for WebGL target not found
Refreshing native plugins compatible for Editor in 1.25 ms, found 0 plugins.
Preloading 0 native plugins for Editor in 0.00 ms.
Invoked RoslynAnalysisRunner static constructor.
RoslynAnalysisRunner will not be running.
RoslynAnalysisRunner has terminated.
Mono: successfully reloaded assembly
- Completed reload, in  1.563 seconds
Platform modules already initialized, skipping
Refreshing native plugins compatible for Editor in 0.83 ms, found 0 plugins.
Preloading 0 native plugins for Editor in 0.00 ms.
Unloading 3245 Unused Serialized files (Serialized files now loaded: 0)
System memory in use before: 174.0 MB.
System memory in use after: 171.5 MB.

Unloading 33 unused Assets to reduce memory usage. Loaded Objects now: 5060.
Total: 7.132400 ms (FindLiveObjects: 0.832400 ms CreateObjectMapping: 0.121200 ms MarkObjects: 3.461100 ms  DeleteObjects: 2.715900 ms)

========================================================================
Received Prepare
Registering precompiled user dll's ...
Registered in 0.002742 seconds.
Begin MonoManager ReloadAssembly
Native extension for WindowsStandalone target not found
Native extension for WebGL target not found
Refreshing native plugins compatible for Editor in 0.68 ms, found 0 plugins.
Preloading 0 native plugins for Editor in 0.00 ms.
Invoked RoslynAnalysisRunner static constructor.
RoslynAnalysisRunner will not be running.
RoslynAnalysisRunner has terminated.
Mono: successfully reloaded assembly
- Completed reload, in  1.124 seconds
Platform modules already initialized, skipping
Refreshing native plugins compatible for Editor in 0.65 ms, found 0 plugins.
Preloading 0 native plugins for Editor in 0.00 ms.
Unloading 3245 Unused Serialized files (Serialized files now loaded: 0)
System memory in use before: 174.0 MB.
System memory in use after: 171.6 MB.

Unloading 33 unused Assets to reduce memory usage. Loaded Objects now: 5063.
Total: 6.405400 ms (FindLiveObjects: 0.999000 ms CreateObjectMapping: 0.135600 ms MarkObjects: 3.142800 ms  DeleteObjects: 2.126200 ms)

========================================================================
Received Prepare
Registering precompiled user dll's ...
Registered in 0.003416 seconds.
Begin MonoManager ReloadAssembly
Native extension for WindowsStandalone target not found
Native extension for WebGL target not found
Refreshing native plugins compatible for Editor in 0.85 ms, found 0 plugins.
Preloading 0 native plugins for Editor in 0.00 ms.
Invoked RoslynAnalysisRunner static constructor.
RoslynAnalysisRunner will not be running.
RoslynAnalysisRunner has terminated.
Mono: successfully reloaded assembly
- Completed reload, in  1.346 seconds
Platform modules already initialized, skipping
Refreshing native plugins compatible for Editor in 0.70 ms, found 0 plugins.
Preloading 0 native plugins for Editor in 0.00 ms.
Unloading 3245 Unused Serialized files (Serialized files now loaded: 0)
System memory in use before: 174.1 MB.
System memory in use after: 171.6 MB.

Unloading 33 unused Assets to reduce memory usage. Loaded Objects now: 5066.
Total: 6.402600 ms (FindLiveObjects: 0.837000 ms CreateObjectMapping: 0.112200 ms MarkObjects: 3.358900 ms  DeleteObjects: 2.091600 ms)

========================================================================
Received Prepare
Registering precompiled user dll's ...
Registered in 0.002953 seconds.
Begin MonoManager ReloadAssembly
Native extension for WindowsStandalone target not found
Native extension for WebGL target not found
Refreshing native plugins compatible for Editor in 0.94 ms, found 0 plugins.
Preloading 0 native plugins for Editor in 0.00 ms.
Invoked RoslynAnalysisRunner static constructor.
RoslynAnalysisRunner will not be running.
RoslynAnalysisRunner has terminated.
Mono: successfully reloaded assembly
- Completed reload, in  1.518 seconds
Platform modules already initialized, skipping
Refreshing native plugins compatible for Editor in 0.78 ms, found 0 plugins.
Preloading 0 native plugins for Editor in 0.00 ms.
Unloading 3245 Unused Serialized files (Serialized files now loaded: 0)
System memory in use before: 174.1 MB.
System memory in use after: 171.6 MB.

Unloading 33 unused Assets to reduce memory usage. Loaded Objects now: 5069.
Total: 7.946200 ms (FindLiveObjects: 1.184900 ms CreateObjectMapping: 0.171100 ms MarkObjects: 4.201600 ms  DeleteObjects: 2.386300 ms)

========================================================================
Received Import Request.
  Time since last request: 1233.903440 seconds.
  path: Assets/Scenes/SampleScene
  artifactKey: Guid(6a5ab7f14dc90e245a38a8d287014804) Importer(815301076,1909f56bfc062723c751e8b465ee728b)
Start importing Assets/Scenes/SampleScene using Guid(6a5ab7f14dc90e245a38a8d287014804) Importer(815301076,1909f56bfc062723c751e8b465ee728b)  -> (artifact id: '25c14486d54ed7d5e3af2a564a92d443') in 0.020440 seconds
  Import took 0.028770 seconds .

========================================================================
Received Import Request.
  Time since last request: 0.062753 seconds.
  path: Assets/Scenes/SampleScene/LightingData.asset
  artifactKey: Guid(c9672d4b9a662004a9bf0d3f330e6b36) Importer(815301076,1909f56bfc062723c751e8b465ee728b)
Start importing Assets/Scenes/SampleScene/LightingData.asset using Guid(c9672d4b9a662004a9bf0d3f330e6b36) Importer(815301076,1909f56bfc062723c751e8b465ee728b)  -> (artifact id: '988920afc790a5d197a10a00b1afdf56') in 0.085701 seconds
  Import took 0.092509 seconds .

========================================================================
Received Import Request.
  Time since last request: 0.000317 seconds.
  path: Assets/Scenes/SampleScene/Lightmap-2_comp_dir.png
  artifactKey: Guid(d0e945dd6a89edd408f301b839717f0a) Importer(815301076,1909f56bfc062723c751e8b465ee728b)
Start importing Assets/Scenes/SampleScene/Lightmap-2_comp_dir.png using Guid(d0e945dd6a89edd408f301b839717f0a) Importer(815301076,1909f56bfc062723c751e8b465ee728b)  -> (artifact id: '518fabb25a6f447f503fecd1d39c5cde') in 0.164537 seconds
  Import took 0.171438 seconds .

========================================================================
Received Import Request.
  Time since last request: 0.000378 seconds.
  path: Assets/Scenes/SampleScene/ReflectionProbe-13.exr
  artifactKey: Guid(5b4b9c42474fea44ea71f98dbbbf883a) Importer(815301076,1909f56bfc062723c751e8b465ee728b)
Start importing Assets/Scenes/SampleScene/ReflectionProbe-13.exr using Guid(5b4b9c42474fea44ea71f98dbbbf883a) Importer(815301076,1909f56bfc062723c751e8b465ee728b)  -> (artifact id: '1d95c98209472e9d0d83da705774b3b5') in 0.314056 seconds
  Import took 0.321647 seconds .

========================================================================
Received Import Request.
  Time since last request: 0.000309 seconds.
  path: Assets/Scenes/SampleScene/ReflectionProbe-11.exr
  artifactKey: Guid(1b5727504ffe4b247b09ed4502ffc116) Importer(815301076,1909f56bfc062723c751e8b465ee728b)
Start importing Assets/Scenes/SampleScene/ReflectionProbe-11.exr using Guid(1b5727504ffe4b247b09ed4502ffc116) Importer(815301076,1909f56bfc062723c751e8b465ee728b)  -> (artifact id: 'd4c777288d71e510a50c5c576fdb6d61') in 0.102081 seconds
  Import took 0.107685 seconds .

========================================================================
Received Import Request.
  Time since last request: 0.000325 seconds.
  path: Assets/Scenes/SampleScene/ReflectionProbe-7.exr
  artifactKey: Guid(db9a1847f2c6ae34c9ec4947ce906bc9) Importer(815301076,1909f56bfc062723c751e8b465ee728b)
Start importing Assets/Scenes/SampleScene/ReflectionProbe-7.exr using Guid(db9a1847f2c6ae34c9ec4947ce906bc9) Importer(815301076,1909f56bfc062723c751e8b465ee728b)  -> (artifact id: '2cabde4adab640b5fa411940564fe95e') in 0.061564 seconds
  Import took 0.067883 seconds .

========================================================================
Received Import Request.
  Time since last request: 0.000335 seconds.
  path: Assets/Scenes/SampleScene/ReflectionProbe-5.exr
  artifactKey: Guid(84decc14d3cf01c45ad713670f164cb6) Importer(815301076,1909f56bfc062723c751e8b465ee728b)
Start importing Assets/Scenes/SampleScene/ReflectionProbe-5.exr using Guid(84decc14d3cf01c45ad713670f164cb6) Importer(815301076,1909f56bfc062723c751e8b465ee728b)  -> (artifact id: '6e28f2415d64f734be867a8f7a29869f') in 0.069399 seconds
  Import took 0.075087 seconds .

========================================================================
Received Import Request.
  Time since last request: 0.000300 seconds.
  path: Assets/Scenes/SampleScene/ReflectionProbe-1.exr
  artifactKey: Guid(c3c78b54f15d2fa4cb5ce7168bfcd968) Importer(815301076,1909f56bfc062723c751e8b465ee728b)
Start importing Assets/Scenes/SampleScene/ReflectionProbe-1.exr using Guid(c3c78b54f15d2fa4cb5ce7168bfcd968) Importer(815301076,1909f56bfc062723c751e8b465ee728b)  -> (artifact id: '6020796ddb441a89fdf8d4b0316d965a') in 0.063969 seconds
  Import took 0.068964 seconds .

========================================================================
Received Import Request.
  Time since last request: 0.000279 seconds.
  path: Assets/Scenes/SampleScene/ReflectionProbe-10.exr
  artifactKey: Guid(0b0c990f63a874c4fbeadb86375b8fc8) Importer(815301076,1909f56bfc062723c751e8b465ee728b)
Start importing Assets/Scenes/SampleScene/ReflectionProbe-10.exr using Guid(0b0c990f63a874c4fbeadb86375b8fc8) Importer(815301076,1909f56bfc062723c751e8b465ee728b)  -> (artifact id: '80d5d6a853a1c9678ebcbde9333565fd') in 0.059853 seconds
  Import took 0.065157 seconds .

========================================================================
Received Import Request.
  Time since last request: 0.000270 seconds.
  path: Assets/Scenes/SampleScene/ReflectionProbe-4.exr
  artifactKey: Guid(a4fc011afaed10c45914eeba07d87322) Importer(815301076,1909f56bfc062723c751e8b465ee728b)
Start importing Assets/Scenes/SampleScene/ReflectionProbe-4.exr using Guid(a4fc011afaed10c45914eeba07d87322) Importer(815301076,1909f56bfc062723c751e8b465ee728b)  -> (artifact id: '5cd921eca1dfbbdd264f1b7005eba5be') in 0.049298 seconds
  Import took 0.054793 seconds .

========================================================================
Received Import Request.
  Time since last request: 0.000365 seconds.
  path: Assets/Scenes/SampleScene/Lightmap-6_comp_light.exr
  artifactKey: Guid(aff1b928f2ba59646843323bbb7019c0) Importer(815301076,1909f56bfc062723c751e8b465ee728b)
Start importing Assets/Scenes/SampleScene/Lightmap-6_comp_light.exr using Guid(aff1b928f2ba59646843323bbb7019c0) Importer(815301076,1909f56bfc062723c751e8b465ee728b)  -> (artifact id: '6da1032f309804229aa091ec942222ff') in 0.044222 seconds
  Import took 0.050584 seconds .

========================================================================
Received Import Request.
  Time since last request: 0.000306 seconds.
  path: Assets/Scenes/SampleScene/ReflectionProbe-0.exr
  artifactKey: Guid(db58c93c38fdd1c4cb45888d582f7a18) Importer(815301076,1909f56bfc062723c751e8b465ee728b)
Start importing Assets/Scenes/SampleScene/ReflectionProbe-0.exr using Guid(db58c93c38fdd1c4cb45888d582f7a18) Importer(815301076,1909f56bfc062723c751e8b465ee728b)  -> (artifact id: 'c6628514119fb60051ee96dfc61998b9') in 0.072585 seconds
  Import took 0.077882 seconds .

========================================================================
Received Import Request.
  Time since last request: 0.000289 seconds.
  path: Assets/Scenes/SampleScene/Lightmap-4_comp_dir.png
  artifactKey: Guid(5f42fa2a722ac20489856b05039dee64) Importer(815301076,1909f56bfc062723c751e8b465ee728b)
Start importing Assets/Scenes/SampleScene/Lightmap-4_comp_dir.png using Guid(5f42fa2a722ac20489856b05039dee64) Importer(815301076,1909f56bfc062723c751e8b465ee728b)  -> (artifact id: '7323b2d56b6c61995ce85ec51c0fdceb') in 0.036206 seconds
  Import took 0.042449 seconds .

========================================================================
Received Import Request.
  Time since last request: 0.000385 seconds.
  path: Assets/Scenes/SampleScene/Lightmap-1_comp_light.exr
  artifactKey: Guid(d65881cd9a18b2d468ffa8cd3872247c) Importer(815301076,1909f56bfc062723c751e8b465ee728b)
Start importing Assets/Scenes/SampleScene/Lightmap-1_comp_light.exr using Guid(d65881cd9a18b2d468ffa8cd3872247c) Importer(815301076,1909f56bfc062723c751e8b465ee728b)  -> (artifact id: 'b2aad9d5440d00c29c518de27e8c5467') in 0.029663 seconds
  Import took 0.036711 seconds .

========================================================================
Received Import Request.
  Time since last request: 0.000317 seconds.
  path: Assets/Scenes/SampleScene/Lightmap-3_comp_dir.png
  artifactKey: Guid(1303668a41ce5dc48b7bf699c4148df2) Importer(815301076,1909f56bfc062723c751e8b465ee728b)
Start importing Assets/Scenes/SampleScene/Lightmap-3_comp_dir.png using Guid(1303668a41ce5dc48b7bf699c4148df2) Importer(815301076,1909f56bfc062723c751e8b465ee728b)  -> (artifact id: 'a503179940160be80f3c5fff60fdb922') in 0.038438 seconds
  Import took 0.044362 seconds .

========================================================================
Received Import Request.
  Time since last request: 0.000278 seconds.
  path: Assets/Scenes/SampleScene/Lightmap-6_comp_dir.png
  artifactKey: Guid(a5228ee1051068b4f9e5fae8b301a8e4) Importer(815301076,1909f56bfc062723c751e8b465ee728b)
Start importing Assets/Scenes/SampleScene/Lightmap-6_comp_dir.png using Guid(a5228ee1051068b4f9e5fae8b301a8e4) Importer(815301076,1909f56bfc062723c751e8b465ee728b)  -> (artifact id: 'f5f114823acb4a75f0e7120defbeab7f') in 0.015334 seconds
  Import took 0.021017 seconds .

========================================================================
Received Import Request.
  Time since last request: 0.000290 seconds.
  path: Assets/Scenes/SampleScene/Lightmap-1_comp_dir.png
  artifactKey: Guid(c78a7ef4ffd053e45986df6776d18a37) Importer(815301076,1909f56bfc062723c751e8b465ee728b)
Start importing Assets/Scenes/SampleScene/Lightmap-1_comp_dir.png using Guid(c78a7ef4ffd053e45986df6776d18a37) Importer(815301076,1909f56bfc062723c751e8b465ee728b)  -> (artifact id: 'dd5db97c1ceebee783bbd23b1fda6e09') in 0.025643 seconds
  Import took 0.031730 seconds .

========================================================================
Received Import Request.
  Time since last request: 0.000322 seconds.
  path: Assets/Scenes/SampleScene/Lightmap-5_comp_light.exr
  artifactKey: Guid(e573b21707060b24db27d4ae41235d98) Importer(815301076,1909f56bfc062723c751e8b465ee728b)
Start importing Assets/Scenes/SampleScene/Lightmap-5_comp_light.exr using Guid(e573b21707060b24db27d4ae41235d98) Importer(815301076,1909f56bfc062723c751e8b465ee728b)  -> (artifact id: '143bd1c9d380bf9fc11965680748b7c1') in 0.028417 seconds
  Import took 0.034639 seconds .

========================================================================
Received Import Request.
  Time since last request: 0.000378 seconds.
  path: Assets/Scenes/SampleScene/ReflectionProbe-6.exr
  artifactKey: Guid(bcc5d397b6334c64dab068d6bb859803) Importer(815301076,1909f56bfc062723c751e8b465ee728b)
Start importing Assets/Scenes/SampleScene/ReflectionProbe-6.exr using Guid(bcc5d397b6334c64dab068d6bb859803) Importer(815301076,1909f56bfc062723c751e8b465ee728b)  -> (artifact id: '0788d3c526ba08966f31d3e8991be734') in 0.061412 seconds
  Import took 0.069112 seconds .

========================================================================
Received Import Request.
  Time since last request: 0.000244 seconds.
  path: Assets/Scenes/SampleScene/Lightmap-4_comp_light.exr
  artifactKey: Guid(1a271bbc6f1485d4bad5874ca8455069) Importer(815301076,1909f56bfc062723c751e8b465ee728b)
Start importing Assets/Scenes/SampleScene/Lightmap-4_comp_light.exr using Guid(1a271bbc6f1485d4bad5874ca8455069) Importer(815301076,1909f56bfc062723c751e8b465ee728b)  -> (artifact id: '1da45d7191e59e4a945a8238679c53a7') in 0.024157 seconds
  Import took 0.031397 seconds .

========================================================================
Received Import Request.
  Time since last request: 0.000333 seconds.
  path: Assets/Scenes/SampleScene/ReflectionProbe-12.exr
  artifactKey: Guid(8481e7bae45102c41afa57230dceda46) Importer(815301076,1909f56bfc062723c751e8b465ee728b)
Start importing Assets/Scenes/SampleScene/ReflectionProbe-12.exr using Guid(8481e7bae45102c41afa57230dceda46) Importer(815301076,1909f56bfc062723c751e8b465ee728b)  -> (artifact id: '8b93e745bda7e3bba1981ad1a77d99ce') in 0.062975 seconds
  Import took 0.069129 seconds .

========================================================================
Received Import Request.
  Time since last request: 0.000279 seconds.
  path: Assets/Scenes/SampleScene/Lightmap-5_comp_dir.png
  artifactKey: Guid(12958dd54f1b2f140b49115d3f5e2c81) Importer(815301076,1909f56bfc062723c751e8b465ee728b)
Start importing Assets/Scenes/SampleScene/Lightmap-5_comp_dir.png using Guid(12958dd54f1b2f140b49115d3f5e2c81) Importer(815301076,1909f56bfc062723c751e8b465ee728b)  -> (artifact id: 'e3fa94a923b6d9a1b60e8901aab0da8a') in 0.032892 seconds
  Import took 0.039346 seconds .

========================================================================
Received Import Request.
  Time since last request: 0.000246 seconds.
  path: Assets/Scenes/SampleScene/ReflectionProbe-8.exr
  artifactKey: Guid(7f20f555bfbdcaa46a2cc1e0075120a5) Importer(815301076,1909f56bfc062723c751e8b465ee728b)
Start importing Assets/Scenes/SampleScene/ReflectionProbe-8.exr using Guid(7f20f555bfbdcaa46a2cc1e0075120a5) Importer(815301076,1909f56bfc062723c751e8b465ee728b)  -> (artifact id: '18bc7fc219e55c119be2f2db2f04e2e2') in 0.053019 seconds
  Import took 0.059337 seconds .

========================================================================
Received Import Request.
  Time since last request: 0.000320 seconds.
  path: Assets/Scenes/SampleScene/Lightmap-0_comp_dir.png
  artifactKey: Guid(e79ebf6f6991fea40acf25281ea394e1) Importer(815301076,1909f56bfc062723c751e8b465ee728b)
Start importing Assets/Scenes/SampleScene/Lightmap-0_comp_dir.png using Guid(e79ebf6f6991fea40acf25281ea394e1) Importer(815301076,1909f56bfc062723c751e8b465ee728b)  -> (artifact id: 'b0337dd9d7e3f067800396e012e7ca64') in 0.024362 seconds
  Import took 0.031349 seconds .

========================================================================
Received Import Request.
  Time since last request: 0.000527 seconds.
  path: Assets/Scenes/SampleScene/Lightmap-0_comp_light.exr
  artifactKey: Guid(4bdbbe899c5dc0e4a89ae2694443559e) Importer(815301076,1909f56bfc062723c751e8b465ee728b)
Start importing Assets/Scenes/SampleScene/Lightmap-0_comp_light.exr using Guid(4bdbbe899c5dc0e4a89ae2694443559e) Importer(815301076,1909f56bfc062723c751e8b465ee728b)  -> (artifact id: '2606f8af9acfb0ed4e14d26641bcbf07') in 0.012800 seconds
  Import took 0.019035 seconds .

========================================================================
Received Import Request.
  Time since last request: 0.000395 seconds.
  path: Assets/Scenes/SampleScene/Lightmap-2_comp_light.exr
  artifactKey: Guid(d9af58f1eb18cb041a4746c89ce3eefc) Importer(815301076,1909f56bfc062723c751e8b465ee728b)
Start importing Assets/Scenes/SampleScene/Lightmap-2_comp_light.exr using Guid(d9af58f1eb18cb041a4746c89ce3eefc) Importer(815301076,1909f56bfc062723c751e8b465ee728b)  -> (artifact id: '34c999e266ce743ea425979ead1fd8cc') in 0.056465 seconds
  Import took 0.062642 seconds .

========================================================================
Received Import Request.
  Time since last request: 0.000239 seconds.
  path: Assets/Scenes/SampleScene/ReflectionProbe-2.exr
  artifactKey: Guid(905a1f2fe6a20fe4d8acced09169fea6) Importer(815301076,1909f56bfc062723c751e8b465ee728b)
Start importing Assets/Scenes/SampleScene/ReflectionProbe-2.exr using Guid(905a1f2fe6a20fe4d8acced09169fea6) Importer(815301076,1909f56bfc062723c751e8b465ee728b)  -> (artifact id: '3e21546037f6eafd806904d71172048c') in 0.050650 seconds
  Import took 0.058939 seconds .

========================================================================
Received Import Request.
  Time since last request: 0.000276 seconds.
  path: Assets/Scenes/SampleScene/ReflectionProbe-3.exr
  artifactKey: Guid(d4035d0729cbed243b8628139d0aa2a3) Importer(815301076,1909f56bfc062723c751e8b465ee728b)
Start importing Assets/Scenes/SampleScene/ReflectionProbe-3.exr using Guid(d4035d0729cbed243b8628139d0aa2a3) Importer(815301076,1909f56bfc062723c751e8b465ee728b)  -> (artifact id: '323b06457e295f5c4b7ddd92fdcc788c') in 0.048440 seconds
  Import took 0.053515 seconds .

========================================================================
Received Import Request.
  Time since last request: 0.000265 seconds.
  path: Assets/Scenes/SampleScene/Lightmap-3_comp_light.exr
  artifactKey: Guid(963c286bbf748a6439786c5cdb5206f2) Importer(815301076,1909f56bfc062723c751e8b465ee728b)
Start importing Assets/Scenes/SampleScene/Lightmap-3_comp_light.exr using Guid(963c286bbf748a6439786c5cdb5206f2) Importer(815301076,1909f56bfc062723c751e8b465ee728b)  -> (artifact id: 'a9b7cd640c772df03524b975daa92fcd') in 0.019671 seconds
  Import took 0.025389 seconds .

========================================================================
Received Import Request.
  Time since last request: 0.000302 seconds.
  path: Assets/Scenes/SampleScene/ReflectionProbe-9.exr
  artifactKey: Guid(f0e7f0a8b752e40488ce09f05f1ac2f2) Importer(815301076,1909f56bfc062723c751e8b465ee728b)
Start importing Assets/Scenes/SampleScene/ReflectionProbe-9.exr using Guid(f0e7f0a8b752e40488ce09f05f1ac2f2) Importer(815301076,1909f56bfc062723c751e8b465ee728b)  -> (artifact id: 'df894f8b143e4b197a65ed19c08ab40f') in 0.054092 seconds
  Import took 0.060540 seconds .

========================================================================
Received Import Request.
  Time since last request: 1.181889 seconds.
  path: Assets/Scenes/SampleScene.unity
  artifactKey: Guid(3db1837cc97a95e4c98610966fac2b0b) Importer(815301076,1909f56bfc062723c751e8b465ee728b)
Start importing Assets/Scenes/SampleScene.unity using Guid(3db1837cc97a95e4c98610966fac2b0b) Importer(815301076,1909f56bfc062723c751e8b465ee728b)  -> (artifact id: 'a2cb65fcf6f31721b1dfc9ecef4f7eb5') in 0.004660 seconds
  Import took 0.011717 seconds .

========================================================================
Received Import Request.
  Time since last request: 9.730334 seconds.
  path: Assets/Scenes/Main.unity
  artifactKey: Guid(86f6d9c09d0a922469561cd2635fd215) Importer(815301076,1909f56bfc062723c751e8b465ee728b)
Start importing Assets/Scenes/Main.unity using Guid(86f6d9c09d0a922469561cd2635fd215) Importer(815301076,1909f56bfc062723c751e8b465ee728b)  -> (artifact id: '064dcc738cae122dbcc2bbb6cc332e3b') in 0.003432 seconds
  Import took 0.010371 seconds .

AssetImportWorkerClient::OnTransportError - code=2 error=End of file
