Using pre-set license
Built from '2020.3/staging' branch; Version is '2020.3.3f1 (76626098c1c4) revision 7758432'; Using compiler version '192528614'; Build Type 'Release'
OS: 'Windows 10 Home; OS build 19043.1237; Version 2009; 64bit' Language: 'en' Physical Memory: 8143 MB
BatchMode: 1, IsHumanControllingUs: 0, StartBugReporterOnCrash: 0, Is64bit: 1, IsPro: 0

 COMMAND LINE ARGUMENTS:
D:\unity\Unity Editors\2020.3.3f1\Editor\Unity.exe
-adb2
-batchMode
-noUpm
-name
AssetImportWorker2
-projectPath
D:/unity/infinite runner
-logFile
Logs/AssetImportWorker2.log
-srvPort
56669
Successfully changed project path to: D:/unity/infinite runner
D:/unity/infinite runner
Using Asset Import Pipeline V2.
Refreshing native plugins compatible for Editor in 75.03 ms, found 0 plugins.
Preloading 0 native plugins for Editor in 0.00 ms.
Initialize engine version: 2020.3.3f1 (76626098c1c4)
[Subsystems] Discovering subsystems at path D:/unity/Unity Editors/2020.3.3f1/Editor/Data/Resources/UnitySubsystems
[Subsystems] Discovering subsystems at path D:/unity/infinite runner/Assets
GfxDevice: creating device client; threaded=0
Direct3D:
    Version:  Direct3D 11.0 [level 11.1]
    Renderer: Radeon RX 580 Series (ID=0x67df)
    Vendor:   
    VRAM:     8171 MB
    Driver:   27.20.12031.1000
Initialize mono
Mono path[0] = 'D:/unity/Unity Editors/2020.3.3f1/Editor/Data/Managed'
Mono path[1] = 'D:/unity/Unity Editors/2020.3.3f1/Editor/Data/MonoBleedingEdge/lib/mono/unityjit'
Mono config path = 'D:/unity/Unity Editors/2020.3.3f1/Editor/Data/MonoBleedingEdge/etc'
Using monoOptions --debugger-agent=transport=dt_socket,embedding=1,server=y,suspend=n,address=127.0.0.1:56092
Begin MonoManager ReloadAssembly
Registering precompiled unity dll's ...
Register platform support module: D:/unity/Unity Editors/2020.3.3f1/Editor/Data/PlaybackEngines/WebGLSupport/UnityEditor.WebGL.Extensions.dll
Register platform support module: D:/unity/Unity Editors/2020.3.3f1/Editor/Data/PlaybackEngines/WindowsStandaloneSupport/UnityEditor.WindowsStandalone.Extensions.dll
Registered in 0.005565 seconds.
Native extension for WindowsStandalone target not found
Native extension for WebGL target not found
Refreshing native plugins compatible for Editor in 70.08 ms, found 0 plugins.
Preloading 0 native plugins for Editor in 0.00 ms.
Invoked RoslynAnalysisRunner static constructor.
RoslynAnalysisRunner will not be running.
RoslynAnalysisRunner has terminated.
Mono: successfully reloaded assembly
- Completed reload, in  2.562 seconds
Platform modules already initialized, skipping
Registering precompiled user dll's ...
Registered in 0.002535 seconds.
Begin MonoManager ReloadAssembly
Native extension for WindowsStandalone target not found
Native extension for WebGL target not found
Refreshing native plugins compatible for Editor in 78.73 ms, found 0 plugins.
Preloading 0 native plugins for Editor in 0.00 ms.
Invoked RoslynAnalysisRunner static constructor.
RoslynAnalysisRunner will not be running.
RoslynAnalysisRunner has terminated.
Mono: successfully reloaded assembly
- Completed reload, in  2.583 seconds
Platform modules already initialized, skipping
========================================================================
Worker process is ready to serve import requests
Launched and connected shader compiler UnityShaderCompiler.exe after 0.11 seconds
Refreshing native plugins compatible for Editor in 0.71 ms, found 0 plugins.
Preloading 0 native plugins for Editor in 0.00 ms.
Unloading 3512 Unused Serialized files (Serialized files now loaded: 0)
System memory in use before: 173.8 MB.
System memory in use after: 170.8 MB.

Unloading 44 unused Assets to reduce memory usage. Loaded Objects now: 3938.
Total: 4.788900 ms (FindLiveObjects: 0.560700 ms CreateObjectMapping: 0.111200 ms MarkObjects: 2.013800 ms  DeleteObjects: 2.102300 ms)

========================================================================
Received Import Request.
  path: Assets/Scripts/ScoreManager.cs
  artifactKey: Guid(0a1eab40805546640b9f2999bbbb691f) Importer(815301076,1909f56bfc062723c751e8b465ee728b)
Start importing Assets/Scripts/ScoreManager.cs using Guid(0a1eab40805546640b9f2999bbbb691f) Importer(815301076,1909f56bfc062723c751e8b465ee728b)  -> (artifact id: '836f92ec76121ee769c0d0dd17740f28') in 0.037229 seconds
  Import took 0.042964 seconds .

========================================================================
Received Prepare
Registering precompiled user dll's ...
Registered in 0.003311 seconds.
Begin MonoManager ReloadAssembly
Native extension for WindowsStandalone target not found
Native extension for WebGL target not found
Refreshing native plugins compatible for Editor in 1.10 ms, found 0 plugins.
Preloading 0 native plugins for Editor in 0.00 ms.
Invoked RoslynAnalysisRunner static constructor.
RoslynAnalysisRunner will not be running.
RoslynAnalysisRunner has terminated.
Mono: successfully reloaded assembly
- Completed reload, in  1.371 seconds
Platform modules already initialized, skipping
Refreshing native plugins compatible for Editor in 0.67 ms, found 0 plugins.
Preloading 0 native plugins for Editor in 0.00 ms.
Unloading 3254 Unused Serialized files (Serialized files now loaded: 0)
System memory in use before: 161.3 MB.
System memory in use after: 158.4 MB.

Unloading 39 unused Assets to reduce memory usage. Loaded Objects now: 3941.
Total: 4.541300 ms (FindLiveObjects: 0.421100 ms CreateObjectMapping: 0.102800 ms MarkObjects: 2.165400 ms  DeleteObjects: 1.850400 ms)

========================================================================
Received Prepare
Registering precompiled user dll's ...
Registered in 0.002880 seconds.
Begin MonoManager ReloadAssembly
Native extension for WindowsStandalone target not found
Native extension for WebGL target not found
Refreshing native plugins compatible for Editor in 0.81 ms, found 0 plugins.
Preloading 0 native plugins for Editor in 0.00 ms.
Invoked RoslynAnalysisRunner static constructor.
RoslynAnalysisRunner will not be running.
RoslynAnalysisRunner has terminated.
Mono: successfully reloaded assembly
- Completed reload, in  1.130 seconds
Platform modules already initialized, skipping
Refreshing native plugins compatible for Editor in 0.68 ms, found 0 plugins.
Preloading 0 native plugins for Editor in 0.00 ms.
Unloading 3254 Unused Serialized files (Serialized files now loaded: 0)
System memory in use before: 161.4 MB.
System memory in use after: 158.4 MB.

Unloading 39 unused Assets to reduce memory usage. Loaded Objects now: 3944.
Total: 4.672600 ms (FindLiveObjects: 0.549500 ms CreateObjectMapping: 0.138800 ms MarkObjects: 2.010700 ms  DeleteObjects: 1.972500 ms)

========================================================================
Received Prepare
Registering precompiled user dll's ...
Registered in 0.003131 seconds.
Begin MonoManager ReloadAssembly
Native extension for WindowsStandalone target not found
Native extension for WebGL target not found
Refreshing native plugins compatible for Editor in 0.74 ms, found 0 plugins.
Preloading 0 native plugins for Editor in 0.00 ms.
Invoked RoslynAnalysisRunner static constructor.
RoslynAnalysisRunner will not be running.
RoslynAnalysisRunner has terminated.
Mono: successfully reloaded assembly
- Completed reload, in  1.164 seconds
Platform modules already initialized, skipping
Refreshing native plugins compatible for Editor in 0.79 ms, found 0 plugins.
Preloading 0 native plugins for Editor in 0.00 ms.
Unloading 3254 Unused Serialized files (Serialized files now loaded: 0)
System memory in use before: 161.4 MB.
System memory in use after: 158.5 MB.

Unloading 39 unused Assets to reduce memory usage. Loaded Objects now: 3947.
Total: 5.589300 ms (FindLiveObjects: 0.664100 ms CreateObjectMapping: 0.111100 ms MarkObjects: 2.776200 ms  DeleteObjects: 2.036200 ms)

========================================================================
Received Import Request.
  Time since last request: 6059.548276 seconds.
  path: Assets/HDRPDefaultResources
  artifactKey: Guid(abc661c586a9116428571bb17ea1a331) Importer(815301076,1909f56bfc062723c751e8b465ee728b)
Start importing Assets/HDRPDefaultResources using Guid(abc661c586a9116428571bb17ea1a331) Importer(815301076,1909f56bfc062723c751e8b465ee728b)  -> (artifact id: '087227f39bfa9453d313a8b30128476e') in 0.010347 seconds
  Import took 0.017646 seconds .

========================================================================
Received Import Request.
  Time since last request: 0.030524 seconds.
  path: Assets/HDRPDefaultResources/DefaultHDRISky.exr
  artifactKey: Guid(54a3a0570aebe8949bec4966f1376581) Importer(815301076,1909f56bfc062723c751e8b465ee728b)
Start importing Assets/HDRPDefaultResources/DefaultHDRISky.exr using Guid(54a3a0570aebe8949bec4966f1376581) Importer(815301076,1909f56bfc062723c751e8b465ee728b)  -> (artifact id: 'e37639458c9f0a7e51e60c20ab5316ab') in 0.534317 seconds
  Import took 0.540396 seconds .

========================================================================
Received Import Request.
  Time since last request: 0.000263 seconds.
  path: Assets/HDRPDefaultResources/DefaultVFXResources.asset
  artifactKey: Guid(145290c901d58b343bdeb3b4362c9ff2) Importer(815301076,1909f56bfc062723c751e8b465ee728b)
Start importing Assets/HDRPDefaultResources/DefaultVFXResources.asset using Guid(145290c901d58b343bdeb3b4362c9ff2) Importer(815301076,1909f56bfc062723c751e8b465ee728b)  -> (artifact id: '2e2d67b4e94a4c8f6c8532d999d52040') in 0.045868 seconds
  Import took 0.051964 seconds .

========================================================================
Received Import Request.
  Time since last request: 0.000378 seconds.
  path: Assets/HDRPDefaultResources/DefaultHDRPAsset.asset
  artifactKey: Guid(e93c35b24eb03c74284e7dc0b755bfcc) Importer(815301076,1909f56bfc062723c751e8b465ee728b)
Start importing Assets/HDRPDefaultResources/DefaultHDRPAsset.asset using Guid(e93c35b24eb03c74284e7dc0b755bfcc) Importer(815301076,1909f56bfc062723c751e8b465ee728b)  -> (artifact id: '4358d6c34917dc561339df45288156f2') in 0.014502 seconds
  Import took 0.021569 seconds .

========================================================================
Received Import Request.
  Time since last request: 0.000391 seconds.
  path: Assets/HDRPDefaultResources/DefaultSceneRoot.prefab
  artifactKey: Guid(2bfa7b9d63fa79e4abdc033f54a868d2) Importer(815301076,1909f56bfc062723c751e8b465ee728b)
Start importing Assets/HDRPDefaultResources/DefaultSceneRoot.prefab using Guid(2bfa7b9d63fa79e4abdc033f54a868d2) Importer(815301076,1909f56bfc062723c751e8b465ee728b)  -> (artifact id: 'e4513d744d73cbdc185c8e3c5376dffd') in 0.061060 seconds
  Import took 0.066579 seconds .

========================================================================
Received Import Request.
  Time since last request: 5.043390 seconds.
  path: Assets/SampleSceneAssets
  artifactKey: Guid(e70926912397b524393abc4468f2e8c8) Importer(815301076,1909f56bfc062723c751e8b465ee728b)
Start importing Assets/SampleSceneAssets using Guid(e70926912397b524393abc4468f2e8c8) Importer(815301076,1909f56bfc062723c751e8b465ee728b)  -> (artifact id: 'f447d3c4eeb0ca41b8d143dbf0686786') in 0.003842 seconds
  Import took 0.010113 seconds .

========================================================================
Received Import Request.
  Time since last request: 2.518310 seconds.
  path: Assets/SampleSceneAssets/Settings
  artifactKey: Guid(006b6043041431d4d909ad5f958582cb) Importer(815301076,1909f56bfc062723c751e8b465ee728b)
Start importing Assets/SampleSceneAssets/Settings using Guid(006b6043041431d4d909ad5f958582cb) Importer(815301076,1909f56bfc062723c751e8b465ee728b)  -> (artifact id: 'ce4c68e0e1ba9a481f07976631f7efa9') in 0.017990 seconds
  Import took 0.023782 seconds .

========================================================================
Received Import Request.
  Time since last request: 0.875684 seconds.
  path: Assets/SampleSceneAssets/Settings/HDRPHighQuality.asset
  artifactKey: Guid(36dd385e759c96147b6463dcd1149c11) Importer(815301076,1909f56bfc062723c751e8b465ee728b)
Start importing Assets/SampleSceneAssets/Settings/HDRPHighQuality.asset using Guid(36dd385e759c96147b6463dcd1149c11) Importer(815301076,1909f56bfc062723c751e8b465ee728b)  -> (artifact id: '941663a7502ba017440ba9b2ac1bed31') in 0.004045 seconds
  Import took 0.009718 seconds .

========================================================================
Received Import Request.
  Time since last request: 0.000370 seconds.
  path: Assets/SampleSceneAssets/Settings/HDRPMediumQuality.asset
  artifactKey: Guid(3e2e6bfc59709614ab90c0cd7d755e48) Importer(815301076,1909f56bfc062723c751e8b465ee728b)
Start importing Assets/SampleSceneAssets/Settings/HDRPMediumQuality.asset using Guid(3e2e6bfc59709614ab90c0cd7d755e48) Importer(815301076,1909f56bfc062723c751e8b465ee728b)  -> (artifact id: '6b3e613848a4237b13cb73132e62f211') in 0.006361 seconds
  Import took 0.012700 seconds .

========================================================================
Received Import Request.
  Time since last request: 0.000252 seconds.
  path: Assets/SampleSceneAssets/Settings/HDRPLowQuality.asset
  artifactKey: Guid(168a2336534e4e043b2a210b6f8d379a) Importer(815301076,1909f56bfc062723c751e8b465ee728b)
Start importing Assets/SampleSceneAssets/Settings/HDRPLowQuality.asset using Guid(168a2336534e4e043b2a210b6f8d379a) Importer(815301076,1909f56bfc062723c751e8b465ee728b)  -> (artifact id: '0f991ab93df1d76928666789ccd9b46a') in 0.004562 seconds
  Import took 0.010845 seconds .

========================================================================
Received Prepare
Registering precompiled user dll's ...
Registered in 0.003183 seconds.
Begin MonoManager ReloadAssembly
Native extension for WindowsStandalone target not found
Native extension for WebGL target not found
Refreshing native plugins compatible for Editor in 0.68 ms, found 0 plugins.
Preloading 0 native plugins for Editor in 0.00 ms.
Invoked RoslynAnalysisRunner static constructor.
RoslynAnalysisRunner will not be running.
RoslynAnalysisRunner has terminated.
Mono: successfully reloaded assembly
- Completed reload, in  1.154 seconds
Platform modules already initialized, skipping
Refreshing native plugins compatible for Editor in 0.68 ms, found 0 plugins.
Preloading 0 native plugins for Editor in 0.00 ms.
Unloading 3256 Unused Serialized files (Serialized files now loaded: 0)
System memory in use before: 164.9 MB.
System memory in use after: 162.0 MB.

Unloading 41 unused Assets to reduce memory usage. Loaded Objects now: 3983.
Total: 5.131500 ms (FindLiveObjects: 0.494100 ms CreateObjectMapping: 0.104300 ms MarkObjects: 2.519600 ms  DeleteObjects: 2.012200 ms)

========================================================================
Received Import Request.
  Time since last request: 160.340352 seconds.
  path: Assets/SampleSceneAssets/Settings/DiffusionProfiles
  artifactKey: Guid(40243337f532638439a30b89bc3ead44) Importer(815301076,1909f56bfc062723c751e8b465ee728b)
Start importing Assets/SampleSceneAssets/Settings/DiffusionProfiles using Guid(40243337f532638439a30b89bc3ead44) Importer(815301076,1909f56bfc062723c751e8b465ee728b)  -> (artifact id: '8a096fbd4655f5fb4978e0bf762c2b9e') in 0.009168 seconds
  Import took 0.016435 seconds .

========================================================================
Received Import Request.
  Time since last request: 0.380491 seconds.
  path: Assets/SampleSceneAssets/Settings/Volumes
  artifactKey: Guid(0edf0c3665235f9448abd4deb0e40bbd) Importer(815301076,1909f56bfc062723c751e8b465ee728b)
Start importing Assets/SampleSceneAssets/Settings/Volumes using Guid(0edf0c3665235f9448abd4deb0e40bbd) Importer(815301076,1909f56bfc062723c751e8b465ee728b)  -> (artifact id: 'ab868a806fe284e5b4911c2d1d035ee6') in 0.003671 seconds
  Import took 0.009835 seconds .

========================================================================
Received Import Request.
  Time since last request: 0.065621 seconds.
  path: Assets/SampleSceneAssets/Settings/Volumes/CinematicPhysicalCamera.asset
  artifactKey: Guid(59a34a3881431c246b3564a0f0ca5bb0) Importer(815301076,1909f56bfc062723c751e8b465ee728b)
Start importing Assets/SampleSceneAssets/Settings/Volumes/CinematicPhysicalCamera.asset using Guid(59a34a3881431c246b3564a0f0ca5bb0) Importer(815301076,1909f56bfc062723c751e8b465ee728b)  -> (artifact id: '198d489fe97eb3daac64d87e68347f52') in 0.025506 seconds
  Import took 0.031575 seconds .

========================================================================
Received Import Request.
  Time since last request: 0.000306 seconds.
  path: Assets/SampleSceneAssets/Settings/Volumes/VolumeGlobal.asset
  artifactKey: Guid(7f342610b85f4164f808a1f380dcc668) Importer(815301076,1909f56bfc062723c751e8b465ee728b)
Start importing Assets/SampleSceneAssets/Settings/Volumes/VolumeGlobal.asset using Guid(7f342610b85f4164f808a1f380dcc668) Importer(815301076,1909f56bfc062723c751e8b465ee728b)  -> (artifact id: 'e7abb96d6dc9cd3c977b7d24791898fb') in 0.005296 seconds
  Import took 0.010391 seconds .

========================================================================
Received Import Request.
  Time since last request: 0.000307 seconds.
  path: Assets/SampleSceneAssets/Settings/Volumes/VolumeRoom1.asset
  artifactKey: Guid(bd6d234073408c44ca3828113aac655e) Importer(815301076,1909f56bfc062723c751e8b465ee728b)
Start importing Assets/SampleSceneAssets/Settings/Volumes/VolumeRoom1.asset using Guid(bd6d234073408c44ca3828113aac655e) Importer(815301076,1909f56bfc062723c751e8b465ee728b)  -> (artifact id: 'f1d4fe01eb5745875116722398a204a1') in 0.004378 seconds
  Import took 0.010705 seconds .

========================================================================
Received Import Request.
  Time since last request: 0.000311 seconds.
  path: Assets/SampleSceneAssets/Settings/Volumes/ScreenshotsTimelineProfile.asset
  artifactKey: Guid(03bc34b71695890468eb021c73b228db) Importer(815301076,1909f56bfc062723c751e8b465ee728b)
Start importing Assets/SampleSceneAssets/Settings/Volumes/ScreenshotsTimelineProfile.asset using Guid(03bc34b71695890468eb021c73b228db) Importer(815301076,1909f56bfc062723c751e8b465ee728b)  -> (artifact id: '61a772d5291ef2a93e963ddd812f7f05') in 0.005034 seconds
  Import took 0.010246 seconds .

========================================================================
Received Import Request.
  Time since last request: 0.000290 seconds.
  path: Assets/SampleSceneAssets/Settings/Volumes/VolumeRoom2Skylight.asset
  artifactKey: Guid(5727d3e07f75c3744b6cc8a1e55850a9) Importer(815301076,1909f56bfc062723c751e8b465ee728b)
Start importing Assets/SampleSceneAssets/Settings/Volumes/VolumeRoom2Skylight.asset using Guid(5727d3e07f75c3744b6cc8a1e55850a9) Importer(815301076,1909f56bfc062723c751e8b465ee728b)  -> (artifact id: 'e9c7e6e4e78c8e28a8bef94a847886ca') in 0.005695 seconds
  Import took 0.011193 seconds .

========================================================================
Received Import Request.
  Time since last request: 0.000807 seconds.
  path: Assets/SampleSceneAssets/Settings/Volumes/VolumeRoom3.asset
  artifactKey: Guid(06114ad16a0bc0a41957375ac3bf472e) Importer(815301076,1909f56bfc062723c751e8b465ee728b)
Start importing Assets/SampleSceneAssets/Settings/Volumes/VolumeRoom3.asset using Guid(06114ad16a0bc0a41957375ac3bf472e) Importer(815301076,1909f56bfc062723c751e8b465ee728b)  -> (artifact id: 'deef295ae6aeac18f77bcdab2e372e55') in 0.004187 seconds
  Import took 0.011236 seconds .

========================================================================
Received Import Request.
  Time since last request: 0.000345 seconds.
  path: Assets/SampleSceneAssets/Settings/Volumes/VolumeRoom3Sitting.asset
  artifactKey: Guid(7bca3a07cdd522c4c8020832c20b3eae) Importer(815301076,1909f56bfc062723c751e8b465ee728b)
Start importing Assets/SampleSceneAssets/Settings/Volumes/VolumeRoom3Sitting.asset using Guid(7bca3a07cdd522c4c8020832c20b3eae) Importer(815301076,1909f56bfc062723c751e8b465ee728b)  -> (artifact id: '918e5e2ba2f6f02679522117a9d44763') in 0.008091 seconds
  Import took 0.014681 seconds .

========================================================================
Received Import Request.
  Time since last request: 0.000274 seconds.
  path: Assets/SampleSceneAssets/Settings/Volumes/VolumeRoom3Corridor.asset
  artifactKey: Guid(1584bf21cf81d5147aa00e8a2deaf2fb) Importer(815301076,1909f56bfc062723c751e8b465ee728b)
Start importing Assets/SampleSceneAssets/Settings/Volumes/VolumeRoom3Corridor.asset using Guid(1584bf21cf81d5147aa00e8a2deaf2fb) Importer(815301076,1909f56bfc062723c751e8b465ee728b)  -> (artifact id: '147c13795bc3651afd194c51500c1fdb') in 0.004876 seconds
  Import took 0.010842 seconds .

========================================================================
Received Import Request.
  Time since last request: 0.000347 seconds.
  path: Assets/SampleSceneAssets/Settings/Volumes/VolumeRoom2.asset
  artifactKey: Guid(d78a1b031ab26034eb6ec3cbc9fbcec3) Importer(815301076,1909f56bfc062723c751e8b465ee728b)
Start importing Assets/SampleSceneAssets/Settings/Volumes/VolumeRoom2.asset using Guid(d78a1b031ab26034eb6ec3cbc9fbcec3) Importer(815301076,1909f56bfc062723c751e8b465ee728b)  -> (artifact id: '877213e6ee681dbd8db658ce8b51dc2e') in 0.004734 seconds
  Import took 0.012010 seconds .

========================================================================
Received Import Request.
  Time since last request: 317.653590 seconds.
  path: Assets/SampleSceneAssets/Textures/DensityVolumeTextures/3d_fractal_noise_sample01.tga
  artifactKey: Guid(836429d92e1b49443b7743362fdeb1fe) Importer(815301076,1909f56bfc062723c751e8b465ee728b)
Start importing Assets/SampleSceneAssets/Textures/DensityVolumeTextures/3d_fractal_noise_sample01.tga using Guid(836429d92e1b49443b7743362fdeb1fe) Importer(815301076,1909f56bfc062723c751e8b465ee728b)  -> (artifact id: 'cbb659e80db9ad836db5c9589952a652') in 0.142633 seconds
  Import took 0.148815 seconds .

========================================================================
Received Import Request.
  Time since last request: 0.000350 seconds.
  path: Assets/SampleSceneAssets/Textures/General/Bamboo_A_BNM.png
  artifactKey: Guid(f6341afdbd8d916429f1fb266c729b58) Importer(815301076,1909f56bfc062723c751e8b465ee728b)
Start importing Assets/SampleSceneAssets/Textures/General/Bamboo_A_BNM.png using Guid(f6341afdbd8d916429f1fb266c729b58) Importer(815301076,1909f56bfc062723c751e8b465ee728b)  -> (artifact id: 'cdeec619c7e4be5ea266c7378ab3ebf9') in 0.200895 seconds
  Import took 0.206971 seconds .

========================================================================
Received Import Request.
  Time since last request: 0.000334 seconds.
  path: Assets/SampleSceneAssets/Textures/DensityVolumeTextures/3d_fractal_noise_sample01.tga
  artifactKey: Guid(836429d92e1b49443b7743362fdeb1fe) Importer(815301076,1909f56bfc062723c751e8b465ee728b)
Start importing Assets/SampleSceneAssets/Textures/DensityVolumeTextures/3d_fractal_noise_sample01.tga using Guid(836429d92e1b49443b7743362fdeb1fe) Importer(815301076,1909f56bfc062723c751e8b465ee728b)  -> (artifact id: 'cbb659e80db9ad836db5c9589952a652') in 0.017583 seconds
  Import took 0.033868 seconds .

========================================================================
Received Import Request.
  Time since last request: 0.000304 seconds.
  path: Assets/SampleSceneAssets/Textures/General/Bamboo_A_MaskMap.png
  artifactKey: Guid(0081f8fb9bc44a0448c0276d234cd68d) Importer(815301076,1909f56bfc062723c751e8b465ee728b)
Start importing Assets/SampleSceneAssets/Textures/General/Bamboo_A_MaskMap.png using Guid(0081f8fb9bc44a0448c0276d234cd68d) Importer(815301076,1909f56bfc062723c751e8b465ee728b)  -> (artifact id: '7cafa2a619b6a5948c4ffbc14cd17b25') in 0.029097 seconds
  Import took 0.036675 seconds .

========================================================================
Received Import Request.
  Time since last request: 0.000314 seconds.
  path: Assets/SampleSceneAssets/Textures/General/Brass_Albedo.png
  artifactKey: Guid(3287de45d937b34418b4eb16c1a27c8b) Importer(815301076,1909f56bfc062723c751e8b465ee728b)
Start importing Assets/SampleSceneAssets/Textures/General/Brass_Albedo.png using Guid(3287de45d937b34418b4eb16c1a27c8b) Importer(815301076,1909f56bfc062723c751e8b465ee728b)  -> (artifact id: '688a37095a6b3cad7d85539f75ccd7fa') in 0.036342 seconds
  Import took 0.042651 seconds .

========================================================================
Received Import Request.
  Time since last request: 0.000343 seconds.
  path: Assets/SampleSceneAssets/Textures/VFX/BamBoo_Leaves_Albedo.png
  artifactKey: Guid(8a51867cd75a2a7438c127fd7ae830e3) Importer(815301076,1909f56bfc062723c751e8b465ee728b)
Start importing Assets/SampleSceneAssets/Textures/VFX/BamBoo_Leaves_Albedo.png using Guid(8a51867cd75a2a7438c127fd7ae830e3) Importer(815301076,1909f56bfc062723c751e8b465ee728b)  -> (artifact id: 'e33aaa5b77664459562515d5c4439127') in 0.029563 seconds
  Import took 0.036032 seconds .

========================================================================
Received Import Request.
  Time since last request: 0.000333 seconds.
  path: Assets/SampleSceneAssets/Textures/VFX/BamBoo_Leaves_Normal.png
  artifactKey: Guid(5f32f45b35afc554ca8d0bbae0fb2f0c) Importer(815301076,1909f56bfc062723c751e8b465ee728b)
Start importing Assets/SampleSceneAssets/Textures/VFX/BamBoo_Leaves_Normal.png using Guid(5f32f45b35afc554ca8d0bbae0fb2f0c) Importer(815301076,1909f56bfc062723c751e8b465ee728b)  -> (artifact id: '1c791b061bd7017f9a86746e502e47ec') in 0.033071 seconds
  Import took 0.039791 seconds .

========================================================================
Received Import Request.
  Time since last request: 0.000358 seconds.
  path: Assets/SampleSceneAssets/Textures/General/Bush_01_BC.png
  artifactKey: Guid(a78b571da66b42a4797a35454d64a71d) Importer(815301076,1909f56bfc062723c751e8b465ee728b)
Start importing Assets/SampleSceneAssets/Textures/General/Bush_01_BC.png using Guid(a78b571da66b42a4797a35454d64a71d) Importer(815301076,1909f56bfc062723c751e8b465ee728b)  -> (artifact id: '1c04a054dbf895394ae7058e0db41480') in 0.033392 seconds
  Import took 0.040498 seconds .

========================================================================
Received Import Request.
  Time since last request: 0.000336 seconds.
  path: Assets/SampleSceneAssets/Textures/General/Brass_MAODS.png
  artifactKey: Guid(3008d6bc83d360041817752724fa2f4e) Importer(815301076,1909f56bfc062723c751e8b465ee728b)
Start importing Assets/SampleSceneAssets/Textures/General/Brass_MAODS.png using Guid(3008d6bc83d360041817752724fa2f4e) Importer(815301076,1909f56bfc062723c751e8b465ee728b)  -> (artifact id: '7c21c1109ce8cd3adacbe77ee2e24005') in 0.052354 seconds
  Import took 0.058516 seconds .

========================================================================
Received Import Request.
  Time since last request: 0.000332 seconds.
  path: Assets/SampleSceneAssets/Textures/General/Bamboo_A_Albedo.png
  artifactKey: Guid(d0988f211eac8ca4d84dd1290ce650de) Importer(815301076,1909f56bfc062723c751e8b465ee728b)
Start importing Assets/SampleSceneAssets/Textures/General/Bamboo_A_Albedo.png using Guid(d0988f211eac8ca4d84dd1290ce650de) Importer(815301076,1909f56bfc062723c751e8b465ee728b)  -> (artifact id: '7a818eab55278507243dc4a5e8290c45') in 0.036167 seconds
  Import took 0.041849 seconds .

========================================================================
Received Import Request.
  Time since last request: 0.000261 seconds.
  path: Assets/SampleSceneAssets/Textures/General/Bamboo_A_Normal.png
  artifactKey: Guid(c92c870449b56f94f9a1fc7573e5f791) Importer(815301076,1909f56bfc062723c751e8b465ee728b)
Start importing Assets/SampleSceneAssets/Textures/General/Bamboo_A_Normal.png using Guid(c92c870449b56f94f9a1fc7573e5f791) Importer(815301076,1909f56bfc062723c751e8b465ee728b)  -> (artifact id: '4f7282c56b3b4e5b6dc39200521bb833') in 0.026986 seconds
  Import took 0.032731 seconds .

========================================================================
Received Import Request.
  Time since last request: 0.000368 seconds.
  path: Assets/SampleSceneAssets/Textures/General/Brass_Normal.png
  artifactKey: Guid(859b2995968925148b3bf58b641f49ad) Importer(815301076,1909f56bfc062723c751e8b465ee728b)
Start importing Assets/SampleSceneAssets/Textures/General/Brass_Normal.png using Guid(859b2995968925148b3bf58b641f49ad) Importer(815301076,1909f56bfc062723c751e8b465ee728b)  -> (artifact id: '3f8b176b418094fd907ec38165d76bb5') in 0.041539 seconds
  Import took 0.047442 seconds .

========================================================================
Received Import Request.
  Time since last request: 0.000275 seconds.
  path: Assets/SampleSceneAssets/Textures/General/Bamboo_A_Height.png
  artifactKey: Guid(653861b580438e1429c55953041fab8a) Importer(815301076,1909f56bfc062723c751e8b465ee728b)
Start importing Assets/SampleSceneAssets/Textures/General/Bamboo_A_Height.png using Guid(653861b580438e1429c55953041fab8a) Importer(815301076,1909f56bfc062723c751e8b465ee728b)  -> (artifact id: 'e8372a511058f40817252bdea6d2253e') in 0.027318 seconds
  Import took 0.032362 seconds .

========================================================================
Received Import Request.
  Time since last request: 0.000369 seconds.
  path: Assets/SampleSceneAssets/Textures/VFX/BamBoo_Leaves_MaskMap.png
  artifactKey: Guid(e887296ef8b8ac942a2d4c372eadca2e) Importer(815301076,1909f56bfc062723c751e8b465ee728b)
Start importing Assets/SampleSceneAssets/Textures/VFX/BamBoo_Leaves_MaskMap.png using Guid(e887296ef8b8ac942a2d4c372eadca2e) Importer(815301076,1909f56bfc062723c751e8b465ee728b)  -> (artifact id: 'c8aec1527cda25e59d3b47f20f7344e1') in 0.016780 seconds
  Import took 0.022813 seconds .

========================================================================
Received Import Request.
  Time since last request: 0.000299 seconds.
  path: Assets/SampleSceneAssets/Textures/General/Bamboo_A_Thickness.png
  artifactKey: Guid(f6e15ec362c60e74cb03d3353528f79c) Importer(815301076,1909f56bfc062723c751e8b465ee728b)
Start importing Assets/SampleSceneAssets/Textures/General/Bamboo_A_Thickness.png using Guid(f6e15ec362c60e74cb03d3353528f79c) Importer(815301076,1909f56bfc062723c751e8b465ee728b)  -> (artifact id: '180cdc955fe61c32e685f4b794a7ffed') in 0.031145 seconds
  Import took 0.036804 seconds .

========================================================================
Received Import Request.
  Time since last request: 0.000285 seconds.
  path: Assets/SampleSceneAssets/Textures/General/Bush_01_MAODS.png
  artifactKey: Guid(5618ce3251344d743a4f94e92a46e6b5) Importer(815301076,1909f56bfc062723c751e8b465ee728b)
Start importing Assets/SampleSceneAssets/Textures/General/Bush_01_MAODS.png using Guid(5618ce3251344d743a4f94e92a46e6b5) Importer(815301076,1909f56bfc062723c751e8b465ee728b)  -> (artifact id: '354594b4d9aa89800b45be7e9478e839') in 0.029230 seconds
  Import took 0.035545 seconds .

========================================================================
Received Import Request.
  Time since last request: 4.036696 seconds.
  path: Assets/SampleSceneAssets/Textures/General/Bush_01_Normal.png
  artifactKey: Guid(f9d8b252b0a372e409bd532d908b970d) Importer(815301076,1909f56bfc062723c751e8b465ee728b)
Start importing Assets/SampleSceneAssets/Textures/General/Bush_01_Normal.png using Guid(f9d8b252b0a372e409bd532d908b970d) Importer(815301076,1909f56bfc062723c751e8b465ee728b)  -> (artifact id: '0972954e66b8399582f8f8a6f0b75cec') in 0.025815 seconds
  Import took 0.032846 seconds .

========================================================================
Received Import Request.
  Time since last request: 0.000468 seconds.
  path: Assets/SampleSceneAssets/Textures/General/ConcreteHoles_Albedo.png
  artifactKey: Guid(2b99f0294fbead04c982891ea9dffe34) Importer(815301076,1909f56bfc062723c751e8b465ee728b)
Start importing Assets/SampleSceneAssets/Textures/General/ConcreteHoles_Albedo.png using Guid(2b99f0294fbead04c982891ea9dffe34) Importer(815301076,1909f56bfc062723c751e8b465ee728b)  -> (artifact id: '9abc5f5673e175d5edbcafb5877d2d5d') in 0.037053 seconds
  Import took 0.043330 seconds .

========================================================================
Received Import Request.
  Time since last request: 0.000414 seconds.
  path: Assets/SampleSceneAssets/Textures/General/Bush_01_Normal.png
  artifactKey: Guid(f9d8b252b0a372e409bd532d908b970d) Importer(815301076,1909f56bfc062723c751e8b465ee728b)
Start importing Assets/SampleSceneAssets/Textures/General/Bush_01_Normal.png using Guid(f9d8b252b0a372e409bd532d908b970d) Importer(815301076,1909f56bfc062723c751e8b465ee728b)  -> (artifact id: '0972954e66b8399582f8f8a6f0b75cec') in 0.021359 seconds
  Import took 0.028555 seconds .

========================================================================
Received Import Request.
  Time since last request: 0.000600 seconds.
  path: Assets/SampleSceneAssets/Textures/VFX/ButterFlies_8x1.png
  artifactKey: Guid(bd8ecf28fc2ab684fa1a57ee707e5214) Importer(815301076,1909f56bfc062723c751e8b465ee728b)
Start importing Assets/SampleSceneAssets/Textures/VFX/ButterFlies_8x1.png using Guid(bd8ecf28fc2ab684fa1a57ee707e5214) Importer(815301076,1909f56bfc062723c751e8b465ee728b)  -> (artifact id: 'ec9fbf10621d0d3d1a2222b0f63ecba2') in 0.024452 seconds
  Import took 0.032056 seconds .

========================================================================
Received Import Request.
  Time since last request: 6.180540 seconds.
  path: Assets/SampleSceneAssets/Textures/General/ConcreteHoles_DetailMap.png
  artifactKey: Guid(e29d5dd2ec8d21644bfc76132a215c85) Importer(815301076,1909f56bfc062723c751e8b465ee728b)
Start importing Assets/SampleSceneAssets/Textures/General/ConcreteHoles_DetailMap.png using Guid(e29d5dd2ec8d21644bfc76132a215c85) Importer(815301076,1909f56bfc062723c751e8b465ee728b)  -> (artifact id: '8faec04dd7f3246ae43ccf1d04f4af30') in 0.025145 seconds
  Import took 0.031997 seconds .

========================================================================
Received Import Request.
  Time since last request: 0.000392 seconds.
  path: Assets/SampleSceneAssets/Textures/General/ConcreteHoles_MAODS.png
  artifactKey: Guid(3c37174c3fa9e7646b00e37ea0871adc) Importer(815301076,1909f56bfc062723c751e8b465ee728b)
Start importing Assets/SampleSceneAssets/Textures/General/ConcreteHoles_MAODS.png using Guid(3c37174c3fa9e7646b00e37ea0871adc) Importer(815301076,1909f56bfc062723c751e8b465ee728b)  -> (artifact id: 'dea7ccea276f3f92a510c35a82183a49') in 0.030689 seconds
  Import took 0.037014 seconds .

========================================================================
Received Import Request.
  Time since last request: 0.000375 seconds.
  path: Assets/SampleSceneAssets/Textures/General/ConcreteHoles_Normal.png
  artifactKey: Guid(87d1598cf2939b74e8ddb3a1064828cb) Importer(815301076,1909f56bfc062723c751e8b465ee728b)
Start importing Assets/SampleSceneAssets/Textures/General/ConcreteHoles_Normal.png using Guid(87d1598cf2939b74e8ddb3a1064828cb) Importer(815301076,1909f56bfc062723c751e8b465ee728b)  -> (artifact id: 'cb80d20d74c2021857788dcc803675ff') in 0.047989 seconds
  Import took 0.055909 seconds .

========================================================================
Received Import Request.
  Time since last request: 0.496937 seconds.
  path: Assets/SampleSceneAssets/Textures/General/ConcreteMatteGrey_Albedo.png
  artifactKey: Guid(218a2347bc3ab2f4a90790e60b49b388) Importer(815301076,1909f56bfc062723c751e8b465ee728b)
Start importing Assets/SampleSceneAssets/Textures/General/ConcreteMatteGrey_Albedo.png using Guid(218a2347bc3ab2f4a90790e60b49b388) Importer(815301076,1909f56bfc062723c751e8b465ee728b)  -> (artifact id: '2a6581b15ca4a280395affbd9dc0ed55') in 0.028006 seconds
  Import took 0.034926 seconds .

========================================================================
Received Import Request.
  Time since last request: 0.000312 seconds.
  path: Assets/SampleSceneAssets/Textures/General/ConcreteMatteGrey_MAODS.png
  artifactKey: Guid(4908c5801c2e45f4ba41d435be86f5fa) Importer(815301076,1909f56bfc062723c751e8b465ee728b)
Start importing Assets/SampleSceneAssets/Textures/General/ConcreteMatteGrey_MAODS.png using Guid(4908c5801c2e45f4ba41d435be86f5fa) Importer(815301076,1909f56bfc062723c751e8b465ee728b)  -> (artifact id: '0c9c6a22e023b6dd87eceb7d0fd05142') in 0.029163 seconds
  Import took 0.035480 seconds .

========================================================================
Received Import Request.
  Time since last request: 0.000308 seconds.
  path: Assets/SampleSceneAssets/Textures/General/ConcreteMatteGrey_Normal.png
  artifactKey: Guid(220d1c644e262794d9fff5f4c5543142) Importer(815301076,1909f56bfc062723c751e8b465ee728b)
Start importing Assets/SampleSceneAssets/Textures/General/ConcreteMatteGrey_Normal.png using Guid(220d1c644e262794d9fff5f4c5543142) Importer(815301076,1909f56bfc062723c751e8b465ee728b)  -> (artifact id: '57ea60307917d2dc98e125c2ef19617a') in 0.029215 seconds
  Import took 0.036022 seconds .

========================================================================
Received Import Request.
  Time since last request: 0.074743 seconds.
  path: Assets/SampleSceneAssets/Textures/General/ConcretePolished_Albedo.png
  artifactKey: Guid(1f625b5dff84a4b4fa20cebcb4146d3a) Importer(815301076,1909f56bfc062723c751e8b465ee728b)
Start importing Assets/SampleSceneAssets/Textures/General/ConcretePolished_Albedo.png using Guid(1f625b5dff84a4b4fa20cebcb4146d3a) Importer(815301076,1909f56bfc062723c751e8b465ee728b)  -> (artifact id: '407575d6cc64ec1ced3a969a0573c94a') in 0.022626 seconds
  Import took 0.028493 seconds .

========================================================================
Received Import Request.
  Time since last request: 0.000284 seconds.
  path: Assets/SampleSceneAssets/Textures/General/ConcretePolished_MAODS.png
  artifactKey: Guid(5462461448baad44ebff238191c85a2d) Importer(815301076,1909f56bfc062723c751e8b465ee728b)
Start importing Assets/SampleSceneAssets/Textures/General/ConcretePolished_MAODS.png using Guid(5462461448baad44ebff238191c85a2d) Importer(815301076,1909f56bfc062723c751e8b465ee728b)  -> (artifact id: '35a4b468ad9cd4d4954c5eb2447deea9') in 0.029650 seconds
  Import took 0.034679 seconds .

========================================================================
Received Import Request.
  Time since last request: 0.000300 seconds.
  path: Assets/SampleSceneAssets/Textures/General/ConcretePolished_DetailMap.png
  artifactKey: Guid(402efc12270e7ab4d8d599454be2cef5) Importer(815301076,1909f56bfc062723c751e8b465ee728b)
Start importing Assets/SampleSceneAssets/Textures/General/ConcretePolished_DetailMap.png using Guid(402efc12270e7ab4d8d599454be2cef5) Importer(815301076,1909f56bfc062723c751e8b465ee728b)  -> (artifact id: '52f32479bb60ddc12614d9e5dbed91e1') in 0.028583 seconds
  Import took 0.034173 seconds .

========================================================================
Received Import Request.
  Time since last request: 0.064060 seconds.
  path: Assets/SampleSceneAssets/Textures/General/ConcretePolished_Normal.png
  artifactKey: Guid(69f99c17a37103a489498dd2bfeb0e32) Importer(815301076,1909f56bfc062723c751e8b465ee728b)
Start importing Assets/SampleSceneAssets/Textures/General/ConcretePolished_Normal.png using Guid(69f99c17a37103a489498dd2bfeb0e32) Importer(815301076,1909f56bfc062723c751e8b465ee728b)  -> (artifact id: '29599b2f3aabdc751bb76db09536c305') in 0.033143 seconds
  Import took 0.038940 seconds .

========================================================================
Received Import Request.
  Time since last request: 0.000328 seconds.
  path: Assets/SampleSceneAssets/Textures/General/ConcreteRough_DetailMap.png
  artifactKey: Guid(ca33ff158a9699d4dacba15d141de285) Importer(815301076,1909f56bfc062723c751e8b465ee728b)
Start importing Assets/SampleSceneAssets/Textures/General/ConcreteRough_DetailMap.png using Guid(ca33ff158a9699d4dacba15d141de285) Importer(815301076,1909f56bfc062723c751e8b465ee728b)  -> (artifact id: '14ecd98477c89b25e94d4dc562a47b0e') in 0.029630 seconds
  Import took 0.035968 seconds .

========================================================================
Received Import Request.
  Time since last request: 0.000306 seconds.
  path: Assets/SampleSceneAssets/Textures/General/ConcreteRough_Albedo.png
  artifactKey: Guid(b474a739586db374ab8f3851f7c7295c) Importer(815301076,1909f56bfc062723c751e8b465ee728b)
Start importing Assets/SampleSceneAssets/Textures/General/ConcreteRough_Albedo.png using Guid(b474a739586db374ab8f3851f7c7295c) Importer(815301076,1909f56bfc062723c751e8b465ee728b)  -> (artifact id: 'e68453177c70c3cdd5890af49f84ca14') in 0.011034 seconds
  Import took 0.017031 seconds .

========================================================================
Received Import Request.
  Time since last request: 6.787265 seconds.
  path: Assets/SampleSceneAssets/Textures/General/ConcreteRough_MAODS.png
  artifactKey: Guid(d2a4e8cbaf150bd4da04ea6b4f5ca2a5) Importer(815301076,1909f56bfc062723c751e8b465ee728b)
Start importing Assets/SampleSceneAssets/Textures/General/ConcreteRough_MAODS.png using Guid(d2a4e8cbaf150bd4da04ea6b4f5ca2a5) Importer(815301076,1909f56bfc062723c751e8b465ee728b)  -> (artifact id: 'f453f14e404f3c8bfa45deef701fd846') in 0.019383 seconds
  Import took 0.025554 seconds .

========================================================================
Received Import Request.
  Time since last request: 0.000266 seconds.
  path: Assets/SampleSceneAssets/Textures/General/ConcreteRough_Normal.png
  artifactKey: Guid(d27afe850f7bc4b48bdc67be58bad39f) Importer(815301076,1909f56bfc062723c751e8b465ee728b)
Start importing Assets/SampleSceneAssets/Textures/General/ConcreteRough_Normal.png using Guid(d27afe850f7bc4b48bdc67be58bad39f) Importer(815301076,1909f56bfc062723c751e8b465ee728b)  -> (artifact id: '8ab458f7e345961056de6c12decadc78') in 0.014947 seconds
  Import took 0.021586 seconds .

========================================================================
Received Import Request.
  Time since last request: 0.000339 seconds.
  path: Assets/SampleSceneAssets/Textures/General/ConcreteSmooth_Albedo.png
  artifactKey: Guid(7f40dbc8e6eb9bb479af6cfd14d6a031) Importer(815301076,1909f56bfc062723c751e8b465ee728b)
Start importing Assets/SampleSceneAssets/Textures/General/ConcreteSmooth_Albedo.png using Guid(7f40dbc8e6eb9bb479af6cfd14d6a031) Importer(815301076,1909f56bfc062723c751e8b465ee728b)  -> (artifact id: '56c1f47d5ea9a1a3b472718f028ccb1b') in 0.076068 seconds
  Import took 0.082985 seconds .

========================================================================
Received Import Request.
  Time since last request: 0.000371 seconds.
  path: Assets/SampleSceneAssets/Textures/General/ConcreteRough_MAODS.png
  artifactKey: Guid(d2a4e8cbaf150bd4da04ea6b4f5ca2a5) Importer(815301076,1909f56bfc062723c751e8b465ee728b)
Start importing Assets/SampleSceneAssets/Textures/General/ConcreteRough_MAODS.png using Guid(d2a4e8cbaf150bd4da04ea6b4f5ca2a5) Importer(815301076,1909f56bfc062723c751e8b465ee728b)  -> (artifact id: 'f453f14e404f3c8bfa45deef701fd846') in 0.016592 seconds
  Import took 0.025826 seconds .

========================================================================
Received Import Request.
  Time since last request: 0.000384 seconds.
  path: Assets/SampleSceneAssets/Textures/General/ConcreteSmooth_Albedo.png
  artifactKey: Guid(7f40dbc8e6eb9bb479af6cfd14d6a031) Importer(815301076,1909f56bfc062723c751e8b465ee728b)
Start importing Assets/SampleSceneAssets/Textures/General/ConcreteSmooth_Albedo.png using Guid(7f40dbc8e6eb9bb479af6cfd14d6a031) Importer(815301076,1909f56bfc062723c751e8b465ee728b)  -> (artifact id: '56c1f47d5ea9a1a3b472718f028ccb1b') in 0.009113 seconds
  Import took 0.016369 seconds .

========================================================================
Received Import Request.
  Time since last request: 9.711941 seconds.
  path: Assets/SampleSceneAssets/Textures/General/ConcreteSmooth_MAODS.png
  artifactKey: Guid(0a02ce20803245d45819e67107a84381) Importer(815301076,1909f56bfc062723c751e8b465ee728b)
Start importing Assets/SampleSceneAssets/Textures/General/ConcreteSmooth_MAODS.png using Guid(0a02ce20803245d45819e67107a84381) Importer(815301076,1909f56bfc062723c751e8b465ee728b)  -> (artifact id: '2e0ed870e789dedf04407e10d49f4abd') in 0.027231 seconds
  Import took 0.033581 seconds .

========================================================================
Received Import Request.
  Time since last request: 0.000284 seconds.
  path: Assets/SampleSceneAssets/Textures/General/ConcreteTaupe_02_Albedo.png
  artifactKey: Guid(5b5f09d31f567674ea32972d86836528) Importer(815301076,1909f56bfc062723c751e8b465ee728b)
Start importing Assets/SampleSceneAssets/Textures/General/ConcreteTaupe_02_Albedo.png using Guid(5b5f09d31f567674ea32972d86836528) Importer(815301076,1909f56bfc062723c751e8b465ee728b)  -> (artifact id: '1fb38f05ab0b07bfaab299ceb228eb0d') in 0.030652 seconds
  Import took 0.036337 seconds .

========================================================================
Received Import Request.
  Time since last request: 0.000284 seconds.
  path: Assets/SampleSceneAssets/Textures/General/ConcreteSmooth_Normal.png
  artifactKey: Guid(5dab167b145f43a4f9498319685de109) Importer(815301076,1909f56bfc062723c751e8b465ee728b)
Start importing Assets/SampleSceneAssets/Textures/General/ConcreteSmooth_Normal.png using Guid(5dab167b145f43a4f9498319685de109) Importer(815301076,1909f56bfc062723c751e8b465ee728b)  -> (artifact id: '7d59f0a65b004b459952895943fdecc6') in 0.027394 seconds
  Import took 0.033931 seconds .

========================================================================
Received Import Request.
  Time since last request: 0.111250 seconds.
  path: Assets/SampleSceneAssets/Textures/General/ConcreteTaupe_02_DetailMap.png
  artifactKey: Guid(4862aa5e01ca94340941228f6ca84295) Importer(815301076,1909f56bfc062723c751e8b465ee728b)
Start importing Assets/SampleSceneAssets/Textures/General/ConcreteTaupe_02_DetailMap.png using Guid(4862aa5e01ca94340941228f6ca84295) Importer(815301076,1909f56bfc062723c751e8b465ee728b)  -> (artifact id: 'e2c85a28648d4790a6ed2ab73edbfa4c') in 0.016505 seconds
  Import took 0.023134 seconds .

========================================================================
Received Import Request.
  Time since last request: 0.000320 seconds.
  path: Assets/SampleSceneAssets/Textures/General/ConcreteTaupe_02_MAODS.png
  artifactKey: Guid(912a7363561061045b429752f3524335) Importer(815301076,1909f56bfc062723c751e8b465ee728b)
Start importing Assets/SampleSceneAssets/Textures/General/ConcreteTaupe_02_MAODS.png using Guid(912a7363561061045b429752f3524335) Importer(815301076,1909f56bfc062723c751e8b465ee728b)  -> (artifact id: '2959b87ec5ccc3883a62ef05009349d3') in 0.027094 seconds
  Import took 0.034052 seconds .

========================================================================
Received Import Request.
  Time since last request: 0.000300 seconds.
  path: Assets/SampleSceneAssets/Textures/General/ConcreteTaupe_02_Normal.png
  artifactKey: Guid(a576bd1917d2ab840962608924503cfb) Importer(815301076,1909f56bfc062723c751e8b465ee728b)
Start importing Assets/SampleSceneAssets/Textures/General/ConcreteTaupe_02_Normal.png using Guid(a576bd1917d2ab840962608924503cfb) Importer(815301076,1909f56bfc062723c751e8b465ee728b)  -> (artifact id: 'b6e89b812d2529612cf32b1b5e4a4907') in 0.012412 seconds
  Import took 0.018987 seconds .

========================================================================
Received Import Request.
  Time since last request: 10.923874 seconds.
  path: Assets/SampleSceneAssets/Textures/General/DecalPuddle_01_Albedo.png
  artifactKey: Guid(fa8928ff6cd67b74a93780ae9e05ce67) Importer(815301076,1909f56bfc062723c751e8b465ee728b)
Start importing Assets/SampleSceneAssets/Textures/General/DecalPuddle_01_Albedo.png using Guid(fa8928ff6cd67b74a93780ae9e05ce67) Importer(815301076,1909f56bfc062723c751e8b465ee728b)  -> (artifact id: 'b5da640bf5158419901d86742bfbe2b4') in 0.032979 seconds
  Import took 0.038842 seconds .

========================================================================
Received Import Request.
  Time since last request: 0.000332 seconds.
  path: Assets/SampleSceneAssets/Textures/General/DecalSheet_01A_BC.png
  artifactKey: Guid(989cdd44d30f8c940ab150bdccfd5beb) Importer(815301076,1909f56bfc062723c751e8b465ee728b)
Start importing Assets/SampleSceneAssets/Textures/General/DecalSheet_01A_BC.png using Guid(989cdd44d30f8c940ab150bdccfd5beb) Importer(815301076,1909f56bfc062723c751e8b465ee728b)  -> (artifact id: '082e4154d754945ac3e109c5c913cba3') in 0.034028 seconds
  Import took 0.041150 seconds .

========================================================================
Received Import Request.
  Time since last request: 0.000366 seconds.
  path: Assets/SampleSceneAssets/Textures/General/DecalSheet_01A_MOADS.png
  artifactKey: Guid(875044e800abcbe47985126630618483) Importer(815301076,1909f56bfc062723c751e8b465ee728b)
Start importing Assets/SampleSceneAssets/Textures/General/DecalSheet_01A_MOADS.png using Guid(875044e800abcbe47985126630618483) Importer(815301076,1909f56bfc062723c751e8b465ee728b)  -> (artifact id: 'b7ea0c96c964c1887c40479525d182bd') in 0.034952 seconds
  Import took 0.042682 seconds .

========================================================================
Received Import Request.
  Time since last request: 0.077977 seconds.
  path: Assets/SampleSceneAssets/Textures/General/DecalWear_Albedo.tga
  artifactKey: Guid(e9dd965cb04f8e54aa0c437400128b03) Importer(815301076,1909f56bfc062723c751e8b465ee728b)
Start importing Assets/SampleSceneAssets/Textures/General/DecalWear_Albedo.tga using Guid(e9dd965cb04f8e54aa0c437400128b03) Importer(815301076,1909f56bfc062723c751e8b465ee728b)  -> (artifact id: 'e9074ffdec391e5bce98378395afb9eb') in 0.025436 seconds
  Import took 0.031668 seconds .

========================================================================
Received Import Request.
  Time since last request: 0.000319 seconds.
  path: Assets/SampleSceneAssets/Textures/General/DecalWear_Normal.tga
  artifactKey: Guid(c5fd83a446ae0c042a0d7296d58e7271) Importer(815301076,1909f56bfc062723c751e8b465ee728b)
Start importing Assets/SampleSceneAssets/Textures/General/DecalWear_Normal.tga using Guid(c5fd83a446ae0c042a0d7296d58e7271) Importer(815301076,1909f56bfc062723c751e8b465ee728b)  -> (artifact id: 'd058c73264c8894695546b45c8d574bd') in 0.032255 seconds
  Import took 0.037517 seconds .

========================================================================
Received Import Request.
  Time since last request: 0.000231 seconds.
  path: Assets/SampleSceneAssets/Textures/General/Drain_Albedo.png
  artifactKey: Guid(32b7fa2fb1f076a429544d2574b26852) Importer(815301076,1909f56bfc062723c751e8b465ee728b)
Start importing Assets/SampleSceneAssets/Textures/General/Drain_Albedo.png using Guid(32b7fa2fb1f076a429544d2574b26852) Importer(815301076,1909f56bfc062723c751e8b465ee728b)  -> (artifact id: '7d7e004903eebf04b5a6e9de12f6153f') in 0.031011 seconds
  Import took 0.036791 seconds .

========================================================================
Received Import Request.
  Time since last request: 0.000350 seconds.
  path: Assets/SampleSceneAssets/Textures/General/Drain_MAODS.png
  artifactKey: Guid(6803a8a95b76cb44c9e5cb807d8c1612) Importer(815301076,1909f56bfc062723c751e8b465ee728b)
Start importing Assets/SampleSceneAssets/Textures/General/Drain_MAODS.png using Guid(6803a8a95b76cb44c9e5cb807d8c1612) Importer(815301076,1909f56bfc062723c751e8b465ee728b)  -> (artifact id: '44ebebba326a4caef431342b28c0dd7b') in 0.045402 seconds
  Import took 0.051200 seconds .

========================================================================
Received Import Request.
  Time since last request: 0.000336 seconds.
  path: Assets/SampleSceneAssets/Textures/General/DecalWear_MOADS.tga
  artifactKey: Guid(942df54ea42430e408b2ce7e74794686) Importer(815301076,1909f56bfc062723c751e8b465ee728b)
Start importing Assets/SampleSceneAssets/Textures/General/DecalWear_MOADS.tga using Guid(942df54ea42430e408b2ce7e74794686) Importer(815301076,1909f56bfc062723c751e8b465ee728b)  -> (artifact id: '3e3a25606f40b8f23f5fc3eab35a7264') in 0.028332 seconds
  Import took 0.034824 seconds .

========================================================================
Received Import Request.
  Time since last request: 13.277660 seconds.
  path: Assets/SampleSceneAssets/Textures/General/Drain_Normal.png
  artifactKey: Guid(bef180c5d187f6442b7312284cfb67a5) Importer(815301076,1909f56bfc062723c751e8b465ee728b)
Start importing Assets/SampleSceneAssets/Textures/General/Drain_Normal.png using Guid(bef180c5d187f6442b7312284cfb67a5) Importer(815301076,1909f56bfc062723c751e8b465ee728b)  -> (artifact id: '489b931aafa20fe9d499312fa1ddeaca') in 0.028865 seconds
  Import took 0.034769 seconds .

========================================================================
Received Import Request.
  Time since last request: 0.000289 seconds.
  path: Assets/TextMesh Pro/Sprites/EmojiOne.png
  artifactKey: Guid(dffef66376be4fa480fb02b19edbe903) Importer(815301076,1909f56bfc062723c751e8b465ee728b)
Start importing Assets/TextMesh Pro/Sprites/EmojiOne.png using Guid(dffef66376be4fa480fb02b19edbe903) Importer(815301076,1909f56bfc062723c751e8b465ee728b)  -> (artifact id: '511c3e715b10de8d41d1cfdfa622005d') in 0.038525 seconds
  Import took 0.043998 seconds .

========================================================================
Received Import Request.
  Time since last request: 0.000375 seconds.
  path: Assets/SampleSceneAssets/Textures/VFX/Dust.png
  artifactKey: Guid(e8f538c119b363e4eadafd64ec9a697c) Importer(815301076,1909f56bfc062723c751e8b465ee728b)
Start importing Assets/SampleSceneAssets/Textures/VFX/Dust.png using Guid(e8f538c119b363e4eadafd64ec9a697c) Importer(815301076,1909f56bfc062723c751e8b465ee728b)  -> (artifact id: '907c2f48bea99800f02c95f72eeb293d') in 0.037632 seconds
  Import took 0.045224 seconds .

========================================================================
Received Import Request.
  Time since last request: 0.000315 seconds.
  path: Assets/SampleSceneAssets/Textures/General/Fabric_MAODS.png
  artifactKey: Guid(500a00ffd0d96724eba029d2f61b5708) Importer(815301076,1909f56bfc062723c751e8b465ee728b)
Start importing Assets/SampleSceneAssets/Textures/General/Fabric_MAODS.png using Guid(500a00ffd0d96724eba029d2f61b5708) Importer(815301076,1909f56bfc062723c751e8b465ee728b)  -> (artifact id: '497588ef1f9b6696a545d41f0366cb6d') in 0.024661 seconds
  Import took 0.031380 seconds .

========================================================================
Received Import Request.
  Time since last request: 0.000310 seconds.
  path: Assets/SampleSceneAssets/Textures/General/Fabric_Normal.png
  artifactKey: Guid(f405b09ae172b7142abe821e0c6dad19) Importer(815301076,1909f56bfc062723c751e8b465ee728b)
Start importing Assets/SampleSceneAssets/Textures/General/Fabric_Normal.png using Guid(f405b09ae172b7142abe821e0c6dad19) Importer(815301076,1909f56bfc062723c751e8b465ee728b)  -> (artifact id: '9951d370c2ef0475817ece218cd28a68') in 0.018706 seconds
  Import took 0.024659 seconds .

========================================================================
Received Import Request.
  Time since last request: 0.000254 seconds.
  path: Assets/SampleSceneAssets/Textures/General/Fabric_Albedo.png
  artifactKey: Guid(4979da18f5375524bbe219a2fc4f1900) Importer(815301076,1909f56bfc062723c751e8b465ee728b)
Start importing Assets/SampleSceneAssets/Textures/General/Fabric_Albedo.png using Guid(4979da18f5375524bbe219a2fc4f1900) Importer(815301076,1909f56bfc062723c751e8b465ee728b)  -> (artifact id: '17ccb0b815f9677928214676c36cd092') in 0.019270 seconds
  Import took 0.025775 seconds .

========================================================================
Received Import Request.
  Time since last request: 6.191558 seconds.
  path: Assets/SampleSceneAssets/Textures/General/Fern_01_Albedo.png
  artifactKey: Guid(6da591420c95bbe4bb43b39c060602d6) Importer(815301076,1909f56bfc062723c751e8b465ee728b)
Start importing Assets/SampleSceneAssets/Textures/General/Fern_01_Albedo.png using Guid(6da591420c95bbe4bb43b39c060602d6) Importer(815301076,1909f56bfc062723c751e8b465ee728b)  -> (artifact id: '57c109e7e8ec7e3a0619b489d3baac8e') in 0.029024 seconds
  Import took 0.037027 seconds .

========================================================================
Received Import Request.
  Time since last request: 0.000308 seconds.
  path: Assets/SampleSceneAssets/Textures/General/Fern_01_MAODS.png
  artifactKey: Guid(5cc84c9d58469314e83fe0a784b51fdb) Importer(815301076,1909f56bfc062723c751e8b465ee728b)
Start importing Assets/SampleSceneAssets/Textures/General/Fern_01_MAODS.png using Guid(5cc84c9d58469314e83fe0a784b51fdb) Importer(815301076,1909f56bfc062723c751e8b465ee728b)  -> (artifact id: '0cd9e2270127acaa313448b88ffa0134') in 0.095924 seconds
  Import took 0.105262 seconds .

========================================================================
Received Import Request.
  Time since last request: 0.000440 seconds.
  path: Assets/SampleSceneAssets/Textures/General/Fern_01_Albedo.png
  artifactKey: Guid(6da591420c95bbe4bb43b39c060602d6) Importer(815301076,1909f56bfc062723c751e8b465ee728b)
Start importing Assets/SampleSceneAssets/Textures/General/Fern_01_Albedo.png using Guid(6da591420c95bbe4bb43b39c060602d6) Importer(815301076,1909f56bfc062723c751e8b465ee728b)  -> (artifact id: '57c109e7e8ec7e3a0619b489d3baac8e') in 0.011671 seconds
  Import took 0.019814 seconds .

========================================================================
Received Import Request.
  Time since last request: 0.000293 seconds.
  path: Assets/SampleSceneAssets/Textures/General/Fern_01_Normal.png
  artifactKey: Guid(018214c643bf18643ae9648b144fc917) Importer(815301076,1909f56bfc062723c751e8b465ee728b)
Start importing Assets/SampleSceneAssets/Textures/General/Fern_01_Normal.png using Guid(018214c643bf18643ae9648b144fc917) Importer(815301076,1909f56bfc062723c751e8b465ee728b)  -> (artifact id: '0ce5f70e228fb8c5ed1af35f47dc3f3f') in 0.024826 seconds
  Import took 0.033319 seconds .

========================================================================
Received Import Request.
  Time since last request: 0.545197 seconds.
  path: Assets/SampleSceneAssets/Textures/General/Fern_01_Thickness.png
  artifactKey: Guid(79009d2d8f52590449a72066c327d353) Importer(815301076,1909f56bfc062723c751e8b465ee728b)
Start importing Assets/SampleSceneAssets/Textures/General/Fern_01_Thickness.png using Guid(79009d2d8f52590449a72066c327d353) Importer(815301076,1909f56bfc062723c751e8b465ee728b)  -> (artifact id: '89d768db26fa2e85a23ebacb41e8f049') in 0.027953 seconds
  Import took 0.033506 seconds .

========================================================================
Received Import Request.
  Time since last request: 0.027074 seconds.
  path: Assets/SampleSceneAssets/Textures/General/Ground_Albedo.png
  artifactKey: Guid(b6b099b58f8535a46ac14165d4a80a24) Importer(815301076,1909f56bfc062723c751e8b465ee728b)
Start importing Assets/SampleSceneAssets/Textures/General/Ground_Albedo.png using Guid(b6b099b58f8535a46ac14165d4a80a24) Importer(815301076,1909f56bfc062723c751e8b465ee728b)  -> (artifact id: '56baebbe945221644350f94cd5244c22') in 0.028918 seconds
  Import took 0.034978 seconds .

========================================================================
Received Import Request.
  Time since last request: 0.073589 seconds.
  path: Assets/SampleSceneAssets/Textures/General/Ground_MAODS.png
  artifactKey: Guid(94d001f430af3964bb8a91bfa7e6d197) Importer(815301076,1909f56bfc062723c751e8b465ee728b)
Start importing Assets/SampleSceneAssets/Textures/General/Ground_MAODS.png using Guid(94d001f430af3964bb8a91bfa7e6d197) Importer(815301076,1909f56bfc062723c751e8b465ee728b)  -> (artifact id: 'e36d280d7d5f2d5a7eebc7e15cd934ab') in 0.024147 seconds
  Import took 0.030354 seconds .

========================================================================
Received Import Request.
  Time since last request: 0.000292 seconds.
  path: Assets/SampleSceneAssets/Textures/General/Ground_Normal.png
  artifactKey: Guid(e244b2d408d890041b34921c157b70eb) Importer(815301076,1909f56bfc062723c751e8b465ee728b)
Start importing Assets/SampleSceneAssets/Textures/General/Ground_Normal.png using Guid(e244b2d408d890041b34921c157b70eb) Importer(815301076,1909f56bfc062723c751e8b465ee728b)  -> (artifact id: 'bd86f21c165cd2a3f3dcebc8e383219b') in 0.028456 seconds
  Import took 0.034301 seconds .

========================================================================
Received Import Request.
  Time since last request: 0.000345 seconds.
  path: Assets/SampleSceneAssets/TutorialInfo/Icons/HDIcon.png
  artifactKey: Guid(9b84c330de497af4793fd7b376afed13) Importer(815301076,1909f56bfc062723c751e8b465ee728b)
Start importing Assets/SampleSceneAssets/TutorialInfo/Icons/HDIcon.png using Guid(9b84c330de497af4793fd7b376afed13) Importer(815301076,1909f56bfc062723c751e8b465ee728b)  -> (artifact id: '28afdaaf65e8001a9952f1b28b03172e') in 0.020497 seconds
  Import took 0.027801 seconds .

========================================================================
Received Import Request.
  Time since last request: 0.043806 seconds.
  path: Assets/SampleSceneAssets/TutorialInfo/Icons/Help_Icon.png
  artifactKey: Guid(9266273b8f123004195741f969177dda) Importer(815301076,1909f56bfc062723c751e8b465ee728b)
Start importing Assets/SampleSceneAssets/TutorialInfo/Icons/Help_Icon.png using Guid(9266273b8f123004195741f969177dda) Importer(815301076,1909f56bfc062723c751e8b465ee728b)  -> (artifact id: '5a386a3d155a997fe8988d18eda5a94d') in 0.025855 seconds
  Import took 0.031873 seconds .

========================================================================
Received Import Request.
  Time since last request: 0.000291 seconds.
  path: Assets/TextMesh Pro/Resources/Fonts & Materials/LiberationSans SDF - Fallback.asset
  artifactKey: Guid(2e498d1c8094910479dc3e1b768306a4) Importer(815301076,1909f56bfc062723c751e8b465ee728b)
Start importing Assets/TextMesh Pro/Resources/Fonts & Materials/LiberationSans SDF - Fallback.asset using Guid(2e498d1c8094910479dc3e1b768306a4) Importer(815301076,1909f56bfc062723c751e8b465ee728b) Launched and connected shader compiler UnityShaderCompiler.exe after 0.09 seconds
Launched and connected shader compiler UnityShaderCompiler.exe after 0.06 seconds
Launched and connected shader compiler UnityShaderCompiler.exe after 0.06 seconds
Launched and connected shader compiler UnityShaderCompiler.exe after 0.06 seconds
Launched and connected shader compiler UnityShaderCompiler.exe after 0.06 seconds
Launched and connected shader compiler UnityShaderCompiler.exe after 0.07 seconds
Launched and connected shader compiler UnityShaderCompiler.exe after 0.06 seconds
 -> (artifact id: '50cf02e33e6d1c7a9a290548935ad2fd') in 1.761145 seconds
  Import took 1.797217 seconds .

========================================================================
Received Import Request.
  Time since last request: 0.000373 seconds.
  path: Assets/SampleSceneAssets/TutorialInfo/Icons/Help_Icon.png
  artifactKey: Guid(9266273b8f123004195741f969177dda) Importer(815301076,1909f56bfc062723c751e8b465ee728b)
Start importing Assets/SampleSceneAssets/TutorialInfo/Icons/Help_Icon.png using Guid(9266273b8f123004195741f969177dda) Importer(815301076,1909f56bfc062723c751e8b465ee728b)  -> (artifact id: '5a386a3d155a997fe8988d18eda5a94d') in 0.008317 seconds
  Import took 0.014707 seconds .

========================================================================
Received Import Request.
  Time since last request: 0.000373 seconds.
  path: Assets/TextMesh Pro/Resources/Fonts & Materials/LiberationSans SDF.asset
  artifactKey: Guid(8f586378b4e144a9851e7b34d9b748ee) Importer(815301076,1909f56bfc062723c751e8b465ee728b)
Start importing Assets/TextMesh Pro/Resources/Fonts & Materials/LiberationSans SDF.asset using Guid(8f586378b4e144a9851e7b34d9b748ee) Importer(815301076,1909f56bfc062723c751e8b465ee728b)  -> (artifact id: '5fdc14424265eb4fd85111b33c4fe6f5') in 0.110856 seconds
  Import took 0.117747 seconds .

========================================================================
Received Prepare
Registering precompiled user dll's ...
Registered in 0.002890 seconds.
Begin MonoManager ReloadAssembly
Native extension for WindowsStandalone target not found
Native extension for WebGL target not found
Refreshing native plugins compatible for Editor in 0.76 ms, found 0 plugins.
Preloading 0 native plugins for Editor in 0.00 ms.
Invoked RoslynAnalysisRunner static constructor.
RoslynAnalysisRunner will not be running.
RoslynAnalysisRunner has terminated.
Mono: successfully reloaded assembly
- Completed reload, in  1.268 seconds
Platform modules already initialized, skipping
Refreshing native plugins compatible for Editor in 0.82 ms, found 0 plugins.
Preloading 0 native plugins for Editor in 0.00 ms.
Unloading 3265 Unused Serialized files (Serialized files now loaded: 0)
System memory in use before: 172.7 MB.
System memory in use after: 170.1 MB.

Unloading 33 unused Assets to reduce memory usage. Loaded Objects now: 4142.
Total: 5.202500 ms (FindLiveObjects: 0.552600 ms CreateObjectMapping: 0.107800 ms MarkObjects: 2.773800 ms  DeleteObjects: 1.766600 ms)

========================================================================
Received Import Request.
  Time since last request: 206.248271 seconds.
  path: Assets/SampleSceneAssets/Settings/Volumes/VolumeGlobal.asset
  artifactKey: Guid(7f342610b85f4164f808a1f380dcc668) Importer(815301076,1909f56bfc062723c751e8b465ee728b)
Start importing Assets/SampleSceneAssets/Settings/Volumes/VolumeGlobal.asset using Guid(7f342610b85f4164f808a1f380dcc668) Importer(815301076,1909f56bfc062723c751e8b465ee728b)  -> (artifact id: 'c45e5cdcabbb84c52e7e865b34968109') in 0.027109 seconds
  Import took 0.033099 seconds .

========================================================================
Received Import Request.
  Time since last request: 0.000284 seconds.
  path: Assets/SampleSceneAssets/Settings/Volumes/CinematicPhysicalCamera.asset
  artifactKey: Guid(59a34a3881431c246b3564a0f0ca5bb0) Importer(815301076,1909f56bfc062723c751e8b465ee728b)
Start importing Assets/SampleSceneAssets/Settings/Volumes/CinematicPhysicalCamera.asset using Guid(59a34a3881431c246b3564a0f0ca5bb0) Importer(815301076,1909f56bfc062723c751e8b465ee728b)  -> (artifact id: 'effd5a20916b29bfa81390a7bc88c6fd') in 0.003898 seconds
  Import took 0.008788 seconds .

========================================================================
Received Import Request.
  Time since last request: 48.874350 seconds.
  path: Assets/SampleSceneAssets/Settings/Volumes/VolumeGlobal.asset
  artifactKey: Guid(7f342610b85f4164f808a1f380dcc668) Importer(815301076,1909f56bfc062723c751e8b465ee728b)
Start importing Assets/SampleSceneAssets/Settings/Volumes/VolumeGlobal.asset using Guid(7f342610b85f4164f808a1f380dcc668) Importer(815301076,1909f56bfc062723c751e8b465ee728b)  -> (artifact id: '2ffa82974c68dc03f9290a14481ece0b') in 0.008321 seconds
  Import took 0.015992 seconds .

========================================================================
Received Import Request.
  Time since last request: 12.635408 seconds.
  path: Assets/SampleSceneAssets/Settings/Volumes/VolumeGlobal.asset
  artifactKey: Guid(7f342610b85f4164f808a1f380dcc668) Importer(815301076,1909f56bfc062723c751e8b465ee728b)
Start importing Assets/SampleSceneAssets/Settings/Volumes/VolumeGlobal.asset using Guid(7f342610b85f4164f808a1f380dcc668) Importer(815301076,1909f56bfc062723c751e8b465ee728b)  -> (artifact id: '7319cb348b9f88dfdf328d709151e4c9') in 0.008374 seconds
  Import took 0.016494 seconds .

========================================================================
Received Import Request.
  Time since last request: 0.000977 seconds.
  path: Assets/SampleSceneAssets/Settings/Volumes/VolumeGlobal.asset
  artifactKey: Guid(7f342610b85f4164f808a1f380dcc668) Importer(815301076,1909f56bfc062723c751e8b465ee728b)
Start importing Assets/SampleSceneAssets/Settings/Volumes/VolumeGlobal.asset using Guid(7f342610b85f4164f808a1f380dcc668) Importer(815301076,1909f56bfc062723c751e8b465ee728b)  -> (artifact id: '7319cb348b9f88dfdf328d709151e4c9') in 0.007333 seconds
  Import took 0.014316 seconds .

========================================================================
Received Import Request.
  Time since last request: 29.687772 seconds.
  path: ProjectSettings/TagManager.asset
  artifactKey: Guid(00000000000000003000000000000000) Importer(815301076,1909f56bfc062723c751e8b465ee728b)
Start importing ProjectSettings/TagManager.asset using Guid(00000000000000003000000000000000) Importer(815301076,1909f56bfc062723c751e8b465ee728b)  -> (artifact id: 'e93a2549136b1c00cdc199ad2d59d321') in 0.003980 seconds
  Import took 0.010036 seconds .

========================================================================
Received Import Request.
  Time since last request: 0.010178 seconds.
  path: ProjectSettings/TagManager.asset
  artifactKey: Guid(00000000000000003000000000000000) Importer(815301076,1909f56bfc062723c751e8b465ee728b)
Start importing ProjectSettings/TagManager.asset using Guid(00000000000000003000000000000000) Importer(815301076,1909f56bfc062723c751e8b465ee728b)  -> (artifact id: 'e93a2549136b1c00cdc199ad2d59d321') in 0.003735 seconds
  Import took 0.010143 seconds .

========================================================================
Received Prepare
Registering precompiled user dll's ...
Registered in 0.032737 seconds.
Begin MonoManager ReloadAssembly
Native extension for WindowsStandalone target not found
Native extension for WebGL target not found
Refreshing native plugins compatible for Editor in 0.83 ms, found 0 plugins.
Preloading 0 native plugins for Editor in 0.00 ms.
Invoked RoslynAnalysisRunner static constructor.
RoslynAnalysisRunner will not be running.
RoslynAnalysisRunner has terminated.
Mono: successfully reloaded assembly
- Completed reload, in  1.834 seconds
Platform modules already initialized, skipping
Refreshing native plugins compatible for Editor in 0.98 ms, found 0 plugins.
Preloading 0 native plugins for Editor in 0.00 ms.
Unloading 3248 Unused Serialized files (Serialized files now loaded: 0)
System memory in use before: 171.7 MB.
System memory in use after: 169.2 MB.

Unloading 35 unused Assets to reduce memory usage. Loaded Objects now: 4145.
Total: 5.171700 ms (FindLiveObjects: 0.424800 ms CreateObjectMapping: 0.098100 ms MarkObjects: 2.564800 ms  DeleteObjects: 2.082700 ms)

========================================================================
Received Import Request.
  Time since last request: 79.454663 seconds.
  path: Assets/Models/rod.prefab
  artifactKey: Guid(3a75febb66e54a24a919120a6703522e) Importer(815301076,1909f56bfc062723c751e8b465ee728b)
Start importing Assets/Models/rod.prefab using Guid(3a75febb66e54a24a919120a6703522e) Importer(815301076,1909f56bfc062723c751e8b465ee728b)  -> (artifact id: 'ff094b5516420865eb7b3a9c659ef085') in 0.581102 seconds
  Import took 0.587723 seconds .

========================================================================
Received Prepare
Registering precompiled user dll's ...
Registered in 0.002926 seconds.
Begin MonoManager ReloadAssembly
Native extension for WindowsStandalone target not found
Native extension for WebGL target not found
Refreshing native plugins compatible for Editor in 1.21 ms, found 0 plugins.
Preloading 0 native plugins for Editor in 0.00 ms.
Invoked RoslynAnalysisRunner static constructor.
RoslynAnalysisRunner will not be running.
RoslynAnalysisRunner has terminated.
Mono: successfully reloaded assembly
- Completed reload, in  1.209 seconds
Platform modules already initialized, skipping
Refreshing native plugins compatible for Editor in 0.68 ms, found 0 plugins.
Preloading 0 native plugins for Editor in 0.00 ms.
Unloading 3248 Unused Serialized files (Serialized files now loaded: 0)
System memory in use before: 172.0 MB.
System memory in use after: 169.5 MB.

Unloading 33 unused Assets to reduce memory usage. Loaded Objects now: 4249.
Total: 5.747800 ms (FindLiveObjects: 0.554700 ms CreateObjectMapping: 0.109700 ms MarkObjects: 2.930100 ms  DeleteObjects: 2.151500 ms)

========================================================================
Received Import Request.
  Time since last request: 1096.130651 seconds.
  path: Assets/2.mat
  artifactKey: Guid(d2c59091d8880b34ca90b8bc64e9826c) Importer(815301076,1909f56bfc062723c751e8b465ee728b)
Start importing Assets/2.mat using Guid(d2c59091d8880b34ca90b8bc64e9826c) Importer(815301076,1909f56bfc062723c751e8b465ee728b)  -> (artifact id: 'bd3fe76e75d1765dd0f8c55732c0a815') in 0.599450 seconds
  Import took 0.606114 seconds .

AssetImportWorkerClient::OnTransportError - code=2 error=End of file
