Using pre-set license
Built from '2020.3/staging' branch; Version is '2020.3.3f1 (76626098c1c4) revision 7758432'; Using compiler version '192528614'; Build Type 'Release'
OS: 'Windows 10 Home; OS build 19043.1348; Version 2009; 64bit' Language: 'en' Physical Memory: 8143 MB
BatchMode: 1, IsHumanControllingUs: 0, StartBugReporterOnCrash: 0, Is64bit: 1, IsPro: 0

 COMMAND LINE ARGUMENTS:
D:\unity\Unity Editors\2020.3.3f1\Editor\Unity.exe
-adb2
-batchMode
-noUpm
-name
AssetImportWorker1
-projectPath
D:/unity/infinite runner
-logFile
Logs/AssetImportWorker1.log
-srvPort
56842
Successfully changed project path to: D:/unity/infinite runner
D:/unity/infinite runner
Using Asset Import Pipeline V2.
Refreshing native plugins compatible for Editor in 122.29 ms, found 0 plugins.
Preloading 0 native plugins for Editor in 0.00 ms.
Initialize engine version: 2020.3.3f1 (76626098c1c4)
[Subsystems] Discovering subsystems at path D:/unity/Unity Editors/2020.3.3f1/Editor/Data/Resources/UnitySubsystems
[Subsystems] Discovering subsystems at path D:/unity/infinite runner/Assets
GfxDevice: creating device client; threaded=0
Direct3D:
    Version:  Direct3D 11.0 [level 11.1]
    Renderer: Radeon RX 580 Series (ID=0x67df)
    Vendor:   
    VRAM:     8171 MB
    Driver:   27.20.12031.1000
Initialize mono
Mono path[0] = 'D:/unity/Unity Editors/2020.3.3f1/Editor/Data/Managed'
Mono path[1] = 'D:/unity/Unity Editors/2020.3.3f1/Editor/Data/MonoBleedingEdge/lib/mono/unityjit'
Mono config path = 'D:/unity/Unity Editors/2020.3.3f1/Editor/Data/MonoBleedingEdge/etc'
Using monoOptions --debugger-agent=transport=dt_socket,embedding=1,server=y,suspend=n,address=127.0.0.1:56508
Begin MonoManager ReloadAssembly
Registering precompiled unity dll's ...
Register platform support module: D:/unity/Unity Editors/2020.3.3f1/Editor/Data/PlaybackEngines/WebGLSupport/UnityEditor.WebGL.Extensions.dll
Register platform support module: D:/unity/Unity Editors/2020.3.3f1/Editor/Data/PlaybackEngines/WindowsStandaloneSupport/UnityEditor.WindowsStandalone.Extensions.dll
Registered in 0.002089 seconds.
Native extension for WindowsStandalone target not found
Native extension for WebGL target not found
Refreshing native plugins compatible for Editor in 111.21 ms, found 0 plugins.
Preloading 0 native plugins for Editor in 0.00 ms.
Invoked RoslynAnalysisRunner static constructor.
RoslynAnalysisRunner will not be running.
RoslynAnalysisRunner has terminated.
Mono: successfully reloaded assembly
- Completed reload, in  3.261 seconds
Platform modules already initialized, skipping
Registering precompiled user dll's ...
Registered in 0.002640 seconds.
Begin MonoManager ReloadAssembly
Native extension for WindowsStandalone target not found
Native extension for WebGL target not found
Refreshing native plugins compatible for Editor in 105.91 ms, found 0 plugins.
Preloading 0 native plugins for Editor in 0.00 ms.
Invoked RoslynAnalysisRunner static constructor.
RoslynAnalysisRunner will not be running.
RoslynAnalysisRunner has terminated.
Mono: successfully reloaded assembly
- Completed reload, in  3.327 seconds
Platform modules already initialized, skipping
========================================================================
Worker process is ready to serve import requests
Launched and connected shader compiler UnityShaderCompiler.exe after 0.14 seconds
Refreshing native plugins compatible for Editor in 0.72 ms, found 0 plugins.
Preloading 0 native plugins for Editor in 0.00 ms.
Unloading 3523 Unused Serialized files (Serialized files now loaded: 0)
System memory in use before: 177.3 MB.
System memory in use after: 174.3 MB.

Unloading 44 unused Assets to reduce memory usage. Loaded Objects now: 3953.
Total: 5.335500 ms (FindLiveObjects: 0.503800 ms CreateObjectMapping: 0.114400 ms MarkObjects: 2.695800 ms  DeleteObjects: 2.019200 ms)

========================================================================
Received Import Request.
  path: Assets/Scenes/Menu.unity
  artifactKey: Guid(88900cc7cb49c1f4288072439d7b0a92) Importer(815301076,1909f56bfc062723c751e8b465ee728b)
Start importing Assets/Scenes/Menu.unity using Guid(88900cc7cb49c1f4288072439d7b0a92) Importer(815301076,1909f56bfc062723c751e8b465ee728b)  -> (artifact id: 'c2ddf245cb99c8b1979071aa07d446a8') in 0.041576 seconds
  Import took 0.049016 seconds .

========================================================================
Received Prepare
Registering precompiled user dll's ...
Registered in 0.003510 seconds.
Begin MonoManager ReloadAssembly
Native extension for WindowsStandalone target not found
Native extension for WebGL target not found
Refreshing native plugins compatible for Editor in 0.74 ms, found 0 plugins.
Preloading 0 native plugins for Editor in 0.00 ms.
Invoked RoslynAnalysisRunner static constructor.
RoslynAnalysisRunner will not be running.
RoslynAnalysisRunner has terminated.
Mono: successfully reloaded assembly
- Completed reload, in  1.374 seconds
Platform modules already initialized, skipping
Refreshing native plugins compatible for Editor in 0.91 ms, found 0 plugins.
Preloading 0 native plugins for Editor in 0.00 ms.
Unloading 3264 Unused Serialized files (Serialized files now loaded: 0)
System memory in use before: 164.8 MB.
System memory in use after: 161.8 MB.

Unloading 39 unused Assets to reduce memory usage. Loaded Objects now: 3956.
Total: 5.428800 ms (FindLiveObjects: 0.458200 ms CreateObjectMapping: 0.100000 ms MarkObjects: 3.037200 ms  DeleteObjects: 1.831800 ms)

========================================================================
Received Prepare
Registering precompiled user dll's ...
Registered in 0.002822 seconds.
Begin MonoManager ReloadAssembly
Native extension for WindowsStandalone target not found
Native extension for WebGL target not found
Refreshing native plugins compatible for Editor in 0.90 ms, found 0 plugins.
Preloading 0 native plugins for Editor in 0.00 ms.
Invoked RoslynAnalysisRunner static constructor.
RoslynAnalysisRunner will not be running.
RoslynAnalysisRunner has terminated.
Mono: successfully reloaded assembly
- Completed reload, in  1.740 seconds
Platform modules already initialized, skipping
Refreshing native plugins compatible for Editor in 1.18 ms, found 0 plugins.
Preloading 0 native plugins for Editor in 0.00 ms.
Unloading 3264 Unused Serialized files (Serialized files now loaded: 0)
System memory in use before: 164.8 MB.
System memory in use after: 161.8 MB.

Unloading 39 unused Assets to reduce memory usage. Loaded Objects now: 3959.
Total: 7.035700 ms (FindLiveObjects: 0.867600 ms CreateObjectMapping: 0.181200 ms MarkObjects: 3.497500 ms  DeleteObjects: 2.487600 ms)

========================================================================
Received Prepare
Registering precompiled user dll's ...
Registered in 0.002625 seconds.
Begin MonoManager ReloadAssembly
Native extension for WindowsStandalone target not found
Native extension for WebGL target not found
Refreshing native plugins compatible for Editor in 0.99 ms, found 0 plugins.
Preloading 0 native plugins for Editor in 0.00 ms.
Invoked RoslynAnalysisRunner static constructor.
RoslynAnalysisRunner will not be running.
RoslynAnalysisRunner has terminated.
Mono: successfully reloaded assembly
- Completed reload, in  1.411 seconds
Platform modules already initialized, skipping
Refreshing native plugins compatible for Editor in 2.25 ms, found 0 plugins.
Preloading 0 native plugins for Editor in 0.00 ms.
Unloading 3264 Unused Serialized files (Serialized files now loaded: 0)
System memory in use before: 164.8 MB.
System memory in use after: 161.9 MB.

Unloading 39 unused Assets to reduce memory usage. Loaded Objects now: 3962.
Total: 6.093300 ms (FindLiveObjects: 1.077700 ms CreateObjectMapping: 0.140800 ms MarkObjects: 2.718800 ms  DeleteObjects: 2.153900 ms)

========================================================================
Received Prepare
Registering precompiled user dll's ...
Registered in 0.002459 seconds.
Begin MonoManager ReloadAssembly
Native extension for WindowsStandalone target not found
Native extension for WebGL target not found
Refreshing native plugins compatible for Editor in 2.19 ms, found 0 plugins.
Preloading 0 native plugins for Editor in 0.00 ms.
Invoked RoslynAnalysisRunner static constructor.
RoslynAnalysisRunner will not be running.
RoslynAnalysisRunner has terminated.
Mono: successfully reloaded assembly
- Completed reload, in  1.534 seconds
Platform modules already initialized, skipping
Refreshing native plugins compatible for Editor in 0.89 ms, found 0 plugins.
Preloading 0 native plugins for Editor in 0.00 ms.
Unloading 3264 Unused Serialized files (Serialized files now loaded: 0)
System memory in use before: 164.8 MB.
System memory in use after: 161.9 MB.

Unloading 39 unused Assets to reduce memory usage. Loaded Objects now: 3965.
Total: 6.637100 ms (FindLiveObjects: 0.579600 ms CreateObjectMapping: 0.120200 ms MarkObjects: 3.537900 ms  DeleteObjects: 2.397700 ms)

========================================================================
Received Prepare
Registering precompiled user dll's ...
Registered in 0.006173 seconds.
Begin MonoManager ReloadAssembly
Native extension for WindowsStandalone target not found
Native extension for WebGL target not found
Refreshing native plugins compatible for Editor in 0.82 ms, found 0 plugins.
Preloading 0 native plugins for Editor in 0.00 ms.
Invoked RoslynAnalysisRunner static constructor.
RoslynAnalysisRunner will not be running.
RoslynAnalysisRunner has terminated.
Mono: successfully reloaded assembly
- Completed reload, in  1.660 seconds
Platform modules already initialized, skipping
Refreshing native plugins compatible for Editor in 0.80 ms, found 0 plugins.
Preloading 0 native plugins for Editor in 0.00 ms.
Unloading 3264 Unused Serialized files (Serialized files now loaded: 0)
System memory in use before: 164.9 MB.
System memory in use after: 161.9 MB.

Unloading 39 unused Assets to reduce memory usage. Loaded Objects now: 3968.
Total: 8.455000 ms (FindLiveObjects: 0.541600 ms CreateObjectMapping: 0.092600 ms MarkObjects: 2.495300 ms  DeleteObjects: 5.322800 ms)

========================================================================
Received Prepare
Registering precompiled user dll's ...
Registered in 0.004763 seconds.
Begin MonoManager ReloadAssembly
Native extension for WindowsStandalone target not found
Native extension for WebGL target not found
Refreshing native plugins compatible for Editor in 1.96 ms, found 0 plugins.
Preloading 0 native plugins for Editor in 0.00 ms.
Invoked RoslynAnalysisRunner static constructor.
RoslynAnalysisRunner will not be running.
RoslynAnalysisRunner has terminated.
Mono: successfully reloaded assembly
- Completed reload, in  1.689 seconds
Platform modules already initialized, skipping
Refreshing native plugins compatible for Editor in 1.69 ms, found 0 plugins.
Preloading 0 native plugins for Editor in 0.00 ms.
Unloading 3264 Unused Serialized files (Serialized files now loaded: 0)
System memory in use before: 164.9 MB.
System memory in use after: 161.9 MB.

Unloading 39 unused Assets to reduce memory usage. Loaded Objects now: 3971.
Total: 12.392100 ms (FindLiveObjects: 0.767800 ms CreateObjectMapping: 0.100900 ms MarkObjects: 3.704500 ms  DeleteObjects: 7.811800 ms)

========================================================================
Received Prepare
Registering precompiled user dll's ...
Registered in 0.003214 seconds.
Begin MonoManager ReloadAssembly
Native extension for WindowsStandalone target not found
Native extension for WebGL target not found
Refreshing native plugins compatible for Editor in 2.71 ms, found 0 plugins.
Preloading 0 native plugins for Editor in 0.00 ms.
Invoked RoslynAnalysisRunner static constructor.
RoslynAnalysisRunner will not be running.
RoslynAnalysisRunner has terminated.
Mono: successfully reloaded assembly
- Completed reload, in  1.833 seconds
Platform modules already initialized, skipping
Refreshing native plugins compatible for Editor in 0.74 ms, found 0 plugins.
Preloading 0 native plugins for Editor in 0.00 ms.
Unloading 3264 Unused Serialized files (Serialized files now loaded: 0)
System memory in use before: 164.9 MB.
System memory in use after: 161.9 MB.

Unloading 39 unused Assets to reduce memory usage. Loaded Objects now: 3974.
Total: 6.022900 ms (FindLiveObjects: 0.953300 ms CreateObjectMapping: 0.162100 ms MarkObjects: 2.676700 ms  DeleteObjects: 2.228000 ms)

========================================================================
Received Prepare
Registering precompiled user dll's ...
Registered in 0.005151 seconds.
Begin MonoManager ReloadAssembly
Native extension for WindowsStandalone target not found
Native extension for WebGL target not found
Refreshing native plugins compatible for Editor in 2.32 ms, found 0 plugins.
Preloading 0 native plugins for Editor in 0.00 ms.
Invoked RoslynAnalysisRunner static constructor.
RoslynAnalysisRunner will not be running.
RoslynAnalysisRunner has terminated.
Mono: successfully reloaded assembly
- Completed reload, in  1.634 seconds
Platform modules already initialized, skipping
Refreshing native plugins compatible for Editor in 0.79 ms, found 0 plugins.
Preloading 0 native plugins for Editor in 0.00 ms.
Unloading 3264 Unused Serialized files (Serialized files now loaded: 0)
System memory in use before: 164.9 MB.
System memory in use after: 161.9 MB.

Unloading 39 unused Assets to reduce memory usage. Loaded Objects now: 3977.
Total: 11.675100 ms (FindLiveObjects: 2.270900 ms CreateObjectMapping: 0.542700 ms MarkObjects: 6.316200 ms  DeleteObjects: 2.542400 ms)

========================================================================
Received Prepare
Registering precompiled user dll's ...
Registered in 0.002037 seconds.
Begin MonoManager ReloadAssembly
Native extension for WindowsStandalone target not found
Native extension for WebGL target not found
Refreshing native plugins compatible for Editor in 1.87 ms, found 0 plugins.
Preloading 0 native plugins for Editor in 0.00 ms.
Invoked RoslynAnalysisRunner static constructor.
RoslynAnalysisRunner will not be running.
RoslynAnalysisRunner has terminated.
Mono: successfully reloaded assembly
- Completed reload, in  1.526 seconds
Platform modules already initialized, skipping
Refreshing native plugins compatible for Editor in 0.81 ms, found 0 plugins.
Preloading 0 native plugins for Editor in 0.00 ms.
Unloading 3264 Unused Serialized files (Serialized files now loaded: 0)
System memory in use before: 164.9 MB.
System memory in use after: 161.9 MB.

Unloading 39 unused Assets to reduce memory usage. Loaded Objects now: 3980.
Total: 10.487000 ms (FindLiveObjects: 1.144800 ms CreateObjectMapping: 0.163000 ms MarkObjects: 5.737500 ms  DeleteObjects: 3.438000 ms)

========================================================================
Received Prepare
Registering precompiled user dll's ...
Registered in 0.005586 seconds.
Begin MonoManager ReloadAssembly
Native extension for WindowsStandalone target not found
Native extension for WebGL target not found
Refreshing native plugins compatible for Editor in 1.09 ms, found 0 plugins.
Preloading 0 native plugins for Editor in 0.00 ms.
Invoked RoslynAnalysisRunner static constructor.
RoslynAnalysisRunner will not be running.
RoslynAnalysisRunner has terminated.
Mono: successfully reloaded assembly
- Completed reload, in  1.777 seconds
Platform modules already initialized, skipping
Refreshing native plugins compatible for Editor in 1.75 ms, found 0 plugins.
Preloading 0 native plugins for Editor in 0.00 ms.
Unloading 3264 Unused Serialized files (Serialized files now loaded: 0)
System memory in use before: 164.9 MB.
System memory in use after: 161.9 MB.

Unloading 39 unused Assets to reduce memory usage. Loaded Objects now: 3983.
Total: 9.993500 ms (FindLiveObjects: 1.127700 ms CreateObjectMapping: 0.131300 ms MarkObjects: 5.329300 ms  DeleteObjects: 3.401400 ms)

========================================================================
Received Prepare
Registering precompiled user dll's ...
Registered in 0.002952 seconds.
Begin MonoManager ReloadAssembly
Native extension for WindowsStandalone target not found
Native extension for WebGL target not found
Refreshing native plugins compatible for Editor in 2.39 ms, found 0 plugins.
Preloading 0 native plugins for Editor in 0.00 ms.
Invoked RoslynAnalysisRunner static constructor.
RoslynAnalysisRunner will not be running.
RoslynAnalysisRunner has terminated.
Mono: successfully reloaded assembly
- Completed reload, in  1.606 seconds
Platform modules already initialized, skipping
Refreshing native plugins compatible for Editor in 2.29 ms, found 0 plugins.
Preloading 0 native plugins for Editor in 0.00 ms.
Unloading 3264 Unused Serialized files (Serialized files now loaded: 0)
System memory in use before: 164.9 MB.
System memory in use after: 161.9 MB.

Unloading 39 unused Assets to reduce memory usage. Loaded Objects now: 3986.
Total: 6.457300 ms (FindLiveObjects: 0.647400 ms CreateObjectMapping: 0.103400 ms MarkObjects: 2.039600 ms  DeleteObjects: 3.665100 ms)

========================================================================
Received Prepare
Registering precompiled user dll's ...
Registered in 0.004738 seconds.
Begin MonoManager ReloadAssembly
Native extension for WindowsStandalone target not found
Native extension for WebGL target not found
Refreshing native plugins compatible for Editor in 1.19 ms, found 0 plugins.
Preloading 0 native plugins for Editor in 0.00 ms.
Invoked RoslynAnalysisRunner static constructor.
RoslynAnalysisRunner will not be running.
RoslynAnalysisRunner has terminated.
Mono: successfully reloaded assembly
- Completed reload, in  1.511 seconds
Platform modules already initialized, skipping
Refreshing native plugins compatible for Editor in 0.88 ms, found 0 plugins.
Preloading 0 native plugins for Editor in 0.00 ms.
Unloading 3264 Unused Serialized files (Serialized files now loaded: 0)
System memory in use before: 164.9 MB.
System memory in use after: 161.9 MB.

Unloading 39 unused Assets to reduce memory usage. Loaded Objects now: 3989.
Total: 4.998300 ms (FindLiveObjects: 0.614300 ms CreateObjectMapping: 0.090500 ms MarkObjects: 2.052800 ms  DeleteObjects: 2.238800 ms)

========================================================================
Received Import Request.
  Time since last request: 1197.343981 seconds.
  path: Assets/Scenes/Menu.unity
  artifactKey: Guid(88900cc7cb49c1f4288072439d7b0a92) Importer(815301076,1909f56bfc062723c751e8b465ee728b)
Start importing Assets/Scenes/Menu.unity using Guid(88900cc7cb49c1f4288072439d7b0a92) Importer(815301076,1909f56bfc062723c751e8b465ee728b)  -> (artifact id: '61dfa0a968b1ab62a615937b2299cc11') in 0.022052 seconds
  Import took 0.032578 seconds .

========================================================================
Received Import Request.
  Time since last request: 0.886756 seconds.
  path: Assets/Scenes/Main.unity
  artifactKey: Guid(86f6d9c09d0a922469561cd2635fd215) Importer(815301076,1909f56bfc062723c751e8b465ee728b)
Start importing Assets/Scenes/Main.unity using Guid(86f6d9c09d0a922469561cd2635fd215) Importer(815301076,1909f56bfc062723c751e8b465ee728b)  -> (artifact id: 'e1988be2ece1fad59d8701e70c9d6b85') in 0.005603 seconds
  Import took 0.014858 seconds .

========================================================================
Received Import Request.
  Time since last request: 0.000769 seconds.
  path: Assets/Scenes/Main.unity
  artifactKey: Guid(86f6d9c09d0a922469561cd2635fd215) Importer(815301076,1909f56bfc062723c751e8b465ee728b)
Start importing Assets/Scenes/Main.unity using Guid(86f6d9c09d0a922469561cd2635fd215) Importer(815301076,1909f56bfc062723c751e8b465ee728b)  -> (artifact id: 'e1988be2ece1fad59d8701e70c9d6b85') in 0.004778 seconds
  Import took 0.012721 seconds .

========================================================================
Received Prepare
Registering precompiled user dll's ...
Registered in 0.002625 seconds.
Begin MonoManager ReloadAssembly
Native extension for WindowsStandalone target not found
Native extension for WebGL target not found
Refreshing native plugins compatible for Editor in 0.86 ms, found 0 plugins.
Preloading 0 native plugins for Editor in 0.00 ms.
Invoked RoslynAnalysisRunner static constructor.
RoslynAnalysisRunner will not be running.
RoslynAnalysisRunner has terminated.
Mono: successfully reloaded assembly
- Completed reload, in  1.438 seconds
Platform modules already initialized, skipping
Refreshing native plugins compatible for Editor in 1.05 ms, found 0 plugins.
Preloading 0 native plugins for Editor in 0.00 ms.
Unloading 3264 Unused Serialized files (Serialized files now loaded: 0)
System memory in use before: 164.9 MB.
System memory in use after: 162.0 MB.

Unloading 39 unused Assets to reduce memory usage. Loaded Objects now: 3992.
Total: 5.669600 ms (FindLiveObjects: 0.846800 ms CreateObjectMapping: 0.122800 ms MarkObjects: 2.446600 ms  DeleteObjects: 2.251600 ms)

========================================================================
Received Prepare
Registering precompiled user dll's ...
Registered in 0.001940 seconds.
Begin MonoManager ReloadAssembly
Native extension for WindowsStandalone target not found
Native extension for WebGL target not found
Refreshing native plugins compatible for Editor in 2.32 ms, found 0 plugins.
Preloading 0 native plugins for Editor in 0.00 ms.
Invoked RoslynAnalysisRunner static constructor.
RoslynAnalysisRunner will not be running.
RoslynAnalysisRunner has terminated.
Mono: successfully reloaded assembly
- Completed reload, in  1.421 seconds
Platform modules already initialized, skipping
Refreshing native plugins compatible for Editor in 0.73 ms, found 0 plugins.
Preloading 0 native plugins for Editor in 0.00 ms.
Unloading 3264 Unused Serialized files (Serialized files now loaded: 0)
System memory in use before: 164.9 MB.
System memory in use after: 162.0 MB.

Unloading 39 unused Assets to reduce memory usage. Loaded Objects now: 3995.
Total: 5.494300 ms (FindLiveObjects: 0.881000 ms CreateObjectMapping: 0.116900 ms MarkObjects: 2.164800 ms  DeleteObjects: 2.329100 ms)

========================================================================
Received Prepare
Registering precompiled user dll's ...
Registered in 0.004288 seconds.
Begin MonoManager ReloadAssembly
Native extension for WindowsStandalone target not found
Native extension for WebGL target not found
Refreshing native plugins compatible for Editor in 0.76 ms, found 0 plugins.
Preloading 0 native plugins for Editor in 0.00 ms.
Invoked RoslynAnalysisRunner static constructor.
RoslynAnalysisRunner will not be running.
RoslynAnalysisRunner has terminated.
Mono: successfully reloaded assembly
- Completed reload, in  1.774 seconds
Platform modules already initialized, skipping
Refreshing native plugins compatible for Editor in 0.72 ms, found 0 plugins.
Preloading 0 native plugins for Editor in 0.00 ms.
Unloading 3264 Unused Serialized files (Serialized files now loaded: 0)
System memory in use before: 164.9 MB.
System memory in use after: 162.0 MB.

Unloading 39 unused Assets to reduce memory usage. Loaded Objects now: 3998.
Total: 6.313000 ms (FindLiveObjects: 0.834600 ms CreateObjectMapping: 0.123800 ms MarkObjects: 3.059200 ms  DeleteObjects: 2.293300 ms)

========================================================================
Received Prepare
Registering precompiled user dll's ...
Registered in 0.002253 seconds.
Begin MonoManager ReloadAssembly
Native extension for WindowsStandalone target not found
Native extension for WebGL target not found
Refreshing native plugins compatible for Editor in 1.05 ms, found 0 plugins.
Preloading 0 native plugins for Editor in 0.00 ms.
Invoked RoslynAnalysisRunner static constructor.
RoslynAnalysisRunner will not be running.
RoslynAnalysisRunner has terminated.
Mono: successfully reloaded assembly
- Completed reload, in  1.429 seconds
Platform modules already initialized, skipping
Refreshing native plugins compatible for Editor in 1.14 ms, found 0 plugins.
Preloading 0 native plugins for Editor in 0.00 ms.
Unloading 3264 Unused Serialized files (Serialized files now loaded: 0)
System memory in use before: 164.9 MB.
System memory in use after: 162.0 MB.

Unloading 39 unused Assets to reduce memory usage. Loaded Objects now: 4001.
Total: 5.825500 ms (FindLiveObjects: 0.992500 ms CreateObjectMapping: 0.125900 ms MarkObjects: 2.248700 ms  DeleteObjects: 2.456800 ms)

========================================================================
Received Prepare
Registering precompiled user dll's ...
Registered in 0.004554 seconds.
Begin MonoManager ReloadAssembly
Native extension for WindowsStandalone target not found
Native extension for WebGL target not found
Refreshing native plugins compatible for Editor in 1.65 ms, found 0 plugins.
Preloading 0 native plugins for Editor in 0.00 ms.
Invoked RoslynAnalysisRunner static constructor.
RoslynAnalysisRunner will not be running.
RoslynAnalysisRunner has terminated.
Mono: successfully reloaded assembly
- Completed reload, in  1.592 seconds
Platform modules already initialized, skipping
Refreshing native plugins compatible for Editor in 0.82 ms, found 0 plugins.
Preloading 0 native plugins for Editor in 0.00 ms.
Unloading 3264 Unused Serialized files (Serialized files now loaded: 0)
System memory in use before: 164.9 MB.
System memory in use after: 162.0 MB.

Unloading 39 unused Assets to reduce memory usage. Loaded Objects now: 4004.
Total: 6.650900 ms (FindLiveObjects: 0.783900 ms CreateObjectMapping: 0.137900 ms MarkObjects: 2.268900 ms  DeleteObjects: 3.458500 ms)

========================================================================
Received Prepare
Registering precompiled user dll's ...
Registered in 0.004768 seconds.
Begin MonoManager ReloadAssembly
Native extension for WindowsStandalone target not found
Native extension for WebGL target not found
Refreshing native plugins compatible for Editor in 1.81 ms, found 0 plugins.
Preloading 0 native plugins for Editor in 0.00 ms.
Invoked RoslynAnalysisRunner static constructor.
RoslynAnalysisRunner will not be running.
RoslynAnalysisRunner has terminated.
Mono: successfully reloaded assembly
- Completed reload, in  1.676 seconds
Platform modules already initialized, skipping
Refreshing native plugins compatible for Editor in 1.60 ms, found 0 plugins.
Preloading 0 native plugins for Editor in 0.00 ms.
Unloading 3264 Unused Serialized files (Serialized files now loaded: 0)
System memory in use before: 165.0 MB.
System memory in use after: 162.0 MB.

Unloading 39 unused Assets to reduce memory usage. Loaded Objects now: 4007.
Total: 7.119500 ms (FindLiveObjects: 1.046600 ms CreateObjectMapping: 0.319100 ms MarkObjects: 2.904300 ms  DeleteObjects: 2.847900 ms)

========================================================================
Received Prepare
Registering precompiled user dll's ...
Registered in 0.005285 seconds.
Begin MonoManager ReloadAssembly
Native extension for WindowsStandalone target not found
Native extension for WebGL target not found
Refreshing native plugins compatible for Editor in 0.95 ms, found 0 plugins.
Preloading 0 native plugins for Editor in 0.00 ms.
Invoked RoslynAnalysisRunner static constructor.
RoslynAnalysisRunner will not be running.
RoslynAnalysisRunner has terminated.
Mono: successfully reloaded assembly
- Completed reload, in  1.400 seconds
Platform modules already initialized, skipping
Refreshing native plugins compatible for Editor in 1.65 ms, found 0 plugins.
Preloading 0 native plugins for Editor in 0.00 ms.
Unloading 3264 Unused Serialized files (Serialized files now loaded: 0)
System memory in use before: 165.0 MB.
System memory in use after: 162.0 MB.

Unloading 39 unused Assets to reduce memory usage. Loaded Objects now: 4010.
Total: 10.682200 ms (FindLiveObjects: 1.909100 ms CreateObjectMapping: 0.519200 ms MarkObjects: 3.701500 ms  DeleteObjects: 4.550300 ms)

========================================================================
Received Prepare
Registering precompiled user dll's ...
Registered in 0.005545 seconds.
Begin MonoManager ReloadAssembly
Native extension for WindowsStandalone target not found
Native extension for WebGL target not found
Refreshing native plugins compatible for Editor in 1.12 ms, found 0 plugins.
Preloading 0 native plugins for Editor in 0.00 ms.
Invoked RoslynAnalysisRunner static constructor.
RoslynAnalysisRunner will not be running.
RoslynAnalysisRunner has terminated.
Mono: successfully reloaded assembly
- Completed reload, in  1.609 seconds
Platform modules already initialized, skipping
Refreshing native plugins compatible for Editor in 1.37 ms, found 0 plugins.
Preloading 0 native plugins for Editor in 0.00 ms.
Unloading 3265 Unused Serialized files (Serialized files now loaded: 0)
System memory in use before: 165.0 MB.
System memory in use after: 162.0 MB.

Unloading 39 unused Assets to reduce memory usage. Loaded Objects now: 4014.
Total: 9.979100 ms (FindLiveObjects: 0.656500 ms CreateObjectMapping: 0.310000 ms MarkObjects: 2.402200 ms  DeleteObjects: 6.608500 ms)

========================================================================
Received Import Request.
  Time since last request: 2383.048984 seconds.
  path: Assets/Scripts/ScoreManager.cs
  artifactKey: Guid(0a1eab40805546640b9f2999bbbb691f) Importer(815301076,1909f56bfc062723c751e8b465ee728b)
Start importing Assets/Scripts/ScoreManager.cs using Guid(0a1eab40805546640b9f2999bbbb691f) Importer(815301076,1909f56bfc062723c751e8b465ee728b)  -> (artifact id: '298952f571a85421185706669e507077') in 0.061842 seconds
  Import took 0.070148 seconds .

========================================================================
Received Import Request.
  Time since last request: 0.008308 seconds.
  path: Assets/Scripts/ScoreManager.cs
  artifactKey: Guid(0a1eab40805546640b9f2999bbbb691f) Importer(815301076,1909f56bfc062723c751e8b465ee728b)
Start importing Assets/Scripts/ScoreManager.cs using Guid(0a1eab40805546640b9f2999bbbb691f) Importer(815301076,1909f56bfc062723c751e8b465ee728b)  -> (artifact id: '298952f571a85421185706669e507077') in 0.002554 seconds
  Import took 0.014108 seconds .

========================================================================
Received Prepare
Registering precompiled user dll's ...
Registered in 0.003513 seconds.
Begin MonoManager ReloadAssembly
Native extension for WindowsStandalone target not found
Native extension for WebGL target not found
Refreshing native plugins compatible for Editor in 0.78 ms, found 0 plugins.
Preloading 0 native plugins for Editor in 0.00 ms.
Invoked RoslynAnalysisRunner static constructor.
RoslynAnalysisRunner will not be running.
RoslynAnalysisRunner has terminated.
Mono: successfully reloaded assembly
- Completed reload, in  1.544 seconds
Platform modules already initialized, skipping
Refreshing native plugins compatible for Editor in 1.14 ms, found 0 plugins.
Preloading 0 native plugins for Editor in 0.00 ms.
Unloading 3265 Unused Serialized files (Serialized files now loaded: 0)
System memory in use before: 165.0 MB.
System memory in use after: 162.1 MB.

Unloading 39 unused Assets to reduce memory usage. Loaded Objects now: 4017.
Total: 10.923900 ms (FindLiveObjects: 1.113800 ms CreateObjectMapping: 0.173600 ms MarkObjects: 3.858100 ms  DeleteObjects: 5.774800 ms)

========================================================================
Received Import Request.
  Time since last request: 77.265767 seconds.
  path: Assets/Scripts/StateManager.cs
  artifactKey: Guid(664cd59e6ba9fd1468dce01077df52ad) Importer(815301076,1909f56bfc062723c751e8b465ee728b)
Start importing Assets/Scripts/StateManager.cs using Guid(664cd59e6ba9fd1468dce01077df52ad) Importer(815301076,1909f56bfc062723c751e8b465ee728b)  -> (artifact id: '1980286a02e5476f4c1b622b4e461b78') in 0.014491 seconds
  Import took 0.024171 seconds .

========================================================================
Received Import Request.
  Time since last request: 0.028148 seconds.
  path: Assets/Scripts/StateManager.cs
  artifactKey: Guid(664cd59e6ba9fd1468dce01077df52ad) Importer(815301076,1909f56bfc062723c751e8b465ee728b)
Start importing Assets/Scripts/StateManager.cs using Guid(664cd59e6ba9fd1468dce01077df52ad) Importer(815301076,1909f56bfc062723c751e8b465ee728b)  -> (artifact id: '1980286a02e5476f4c1b622b4e461b78') in 0.003795 seconds
  Import took 0.012755 seconds .

========================================================================
Received Import Request.
  Time since last request: 3.323384 seconds.
  path: Assets/Scripts/ScoreTableDisplayer.cs
  artifactKey: Guid(849f1a2e37a526040afdb73315018502) Importer(815301076,1909f56bfc062723c751e8b465ee728b)
Start importing Assets/Scripts/ScoreTableDisplayer.cs using Guid(849f1a2e37a526040afdb73315018502) Importer(815301076,1909f56bfc062723c751e8b465ee728b)  -> (artifact id: '02a15d2da91871704b0d05e50cf6adcb') in 0.004042 seconds
  Import took 0.012905 seconds .

========================================================================
Received Import Request.
  Time since last request: 0.006680 seconds.
  path: Assets/Scripts/ScoreTableDisplayer.cs
  artifactKey: Guid(849f1a2e37a526040afdb73315018502) Importer(815301076,1909f56bfc062723c751e8b465ee728b)
Start importing Assets/Scripts/ScoreTableDisplayer.cs using Guid(849f1a2e37a526040afdb73315018502) Importer(815301076,1909f56bfc062723c751e8b465ee728b)  -> (artifact id: '02a15d2da91871704b0d05e50cf6adcb') in 0.004258 seconds
  Import took 0.011897 seconds .

========================================================================
Received Prepare
Registering precompiled user dll's ...
Registered in 0.003952 seconds.
Begin MonoManager ReloadAssembly
Native extension for WindowsStandalone target not found
Native extension for WebGL target not found
Refreshing native plugins compatible for Editor in 2.07 ms, found 0 plugins.
Preloading 0 native plugins for Editor in 0.00 ms.
Invoked RoslynAnalysisRunner static constructor.
RoslynAnalysisRunner will not be running.
RoslynAnalysisRunner has terminated.
Mono: successfully reloaded assembly
- Completed reload, in  1.749 seconds
Platform modules already initialized, skipping
Refreshing native plugins compatible for Editor in 1.79 ms, found 0 plugins.
Preloading 0 native plugins for Editor in 0.00 ms.
Unloading 3265 Unused Serialized files (Serialized files now loaded: 0)
System memory in use before: 165.0 MB.
System memory in use after: 162.1 MB.

Unloading 39 unused Assets to reduce memory usage. Loaded Objects now: 4020.
Total: 9.820100 ms (FindLiveObjects: 1.348400 ms CreateObjectMapping: 0.188200 ms MarkObjects: 4.053600 ms  DeleteObjects: 4.227500 ms)

========================================================================
Received Import Request.
  Time since last request: 938.712314 seconds.
  path: Assets/Scripts/ScoreTableDisplayer.cs
  artifactKey: Guid(849f1a2e37a526040afdb73315018502) Importer(815301076,1909f56bfc062723c751e8b465ee728b)
Start importing Assets/Scripts/ScoreTableDisplayer.cs using Guid(849f1a2e37a526040afdb73315018502) Importer(815301076,1909f56bfc062723c751e8b465ee728b)  -> (artifact id: 'b80e0104ecd7719fe92d7d02b73523dc') in 0.012870 seconds
  Import took 0.021246 seconds .

========================================================================
Received Prepare
Registering precompiled user dll's ...
Registered in 0.004925 seconds.
Begin MonoManager ReloadAssembly
Native extension for WindowsStandalone target not found
Native extension for WebGL target not found
Refreshing native plugins compatible for Editor in 3.01 ms, found 0 plugins.
Preloading 0 native plugins for Editor in 0.00 ms.
Invoked RoslynAnalysisRunner static constructor.
RoslynAnalysisRunner will not be running.
RoslynAnalysisRunner has terminated.
Mono: successfully reloaded assembly
- Completed reload, in  1.626 seconds
Platform modules already initialized, skipping
Refreshing native plugins compatible for Editor in 2.26 ms, found 0 plugins.
Preloading 0 native plugins for Editor in 0.00 ms.
Unloading 3265 Unused Serialized files (Serialized files now loaded: 0)
System memory in use before: 165.0 MB.
System memory in use after: 162.1 MB.

Unloading 39 unused Assets to reduce memory usage. Loaded Objects now: 4023.
Total: 11.640900 ms (FindLiveObjects: 1.190000 ms CreateObjectMapping: 1.397200 ms MarkObjects: 5.911700 ms  DeleteObjects: 3.139500 ms)

========================================================================
Received Prepare
Registering precompiled user dll's ...
Registered in 0.002650 seconds.
Begin MonoManager ReloadAssembly
Native extension for WindowsStandalone target not found
Native extension for WebGL target not found
Refreshing native plugins compatible for Editor in 1.08 ms, found 0 plugins.
Preloading 0 native plugins for Editor in 0.00 ms.
Invoked RoslynAnalysisRunner static constructor.
RoslynAnalysisRunner will not be running.
RoslynAnalysisRunner has terminated.
Mono: successfully reloaded assembly
- Completed reload, in  1.598 seconds
Platform modules already initialized, skipping
Refreshing native plugins compatible for Editor in 0.82 ms, found 0 plugins.
Preloading 0 native plugins for Editor in 0.00 ms.
Unloading 3265 Unused Serialized files (Serialized files now loaded: 0)
System memory in use before: 165.0 MB.
System memory in use after: 162.1 MB.

Unloading 39 unused Assets to reduce memory usage. Loaded Objects now: 4026.
Total: 11.776500 ms (FindLiveObjects: 1.643600 ms CreateObjectMapping: 0.283000 ms MarkObjects: 3.976200 ms  DeleteObjects: 5.868800 ms)

========================================================================
Received Prepare
Registering precompiled user dll's ...
Registered in 0.001959 seconds.
Begin MonoManager ReloadAssembly
Native extension for WindowsStandalone target not found
Native extension for WebGL target not found
Refreshing native plugins compatible for Editor in 1.77 ms, found 0 plugins.
Preloading 0 native plugins for Editor in 0.00 ms.
Invoked RoslynAnalysisRunner static constructor.
RoslynAnalysisRunner will not be running.
RoslynAnalysisRunner has terminated.
Mono: successfully reloaded assembly
- Completed reload, in  1.718 seconds
Platform modules already initialized, skipping
Refreshing native plugins compatible for Editor in 1.07 ms, found 0 plugins.
Preloading 0 native plugins for Editor in 0.00 ms.
Unloading 3265 Unused Serialized files (Serialized files now loaded: 0)
System memory in use before: 165.0 MB.
System memory in use after: 162.1 MB.

Unloading 39 unused Assets to reduce memory usage. Loaded Objects now: 4029.
Total: 8.334600 ms (FindLiveObjects: 1.243200 ms CreateObjectMapping: 0.274700 ms MarkObjects: 3.802900 ms  DeleteObjects: 3.009100 ms)

========================================================================
Received Prepare
Registering precompiled user dll's ...
Registered in 0.002844 seconds.
Begin MonoManager ReloadAssembly
Native extension for WindowsStandalone target not found
Native extension for WebGL target not found
Refreshing native plugins compatible for Editor in 0.80 ms, found 0 plugins.
Preloading 0 native plugins for Editor in 0.00 ms.
Invoked RoslynAnalysisRunner static constructor.
RoslynAnalysisRunner will not be running.
RoslynAnalysisRunner has terminated.
Mono: successfully reloaded assembly
- Completed reload, in  1.617 seconds
Platform modules already initialized, skipping
Refreshing native plugins compatible for Editor in 1.07 ms, found 0 plugins.
Preloading 0 native plugins for Editor in 0.00 ms.
Unloading 3265 Unused Serialized files (Serialized files now loaded: 0)
System memory in use before: 165.0 MB.
System memory in use after: 162.1 MB.

Unloading 39 unused Assets to reduce memory usage. Loaded Objects now: 4032.
Total: 10.434700 ms (FindLiveObjects: 1.301700 ms CreateObjectMapping: 0.364600 ms MarkObjects: 4.219700 ms  DeleteObjects: 4.544300 ms)

========================================================================
Received Prepare
Registering precompiled user dll's ...
Registered in 0.002315 seconds.
Begin MonoManager ReloadAssembly
Native extension for WindowsStandalone target not found
Native extension for WebGL target not found
Refreshing native plugins compatible for Editor in 1.16 ms, found 0 plugins.
Preloading 0 native plugins for Editor in 0.00 ms.
Invoked RoslynAnalysisRunner static constructor.
RoslynAnalysisRunner will not be running.
RoslynAnalysisRunner has terminated.
Mono: successfully reloaded assembly
- Completed reload, in  1.540 seconds
Platform modules already initialized, skipping
Refreshing native plugins compatible for Editor in 1.07 ms, found 0 plugins.
Preloading 0 native plugins for Editor in 0.00 ms.
Unloading 3265 Unused Serialized files (Serialized files now loaded: 0)
System memory in use before: 165.0 MB.
System memory in use after: 162.1 MB.

Unloading 39 unused Assets to reduce memory usage. Loaded Objects now: 4035.
Total: 7.546300 ms (FindLiveObjects: 1.025800 ms CreateObjectMapping: 0.131400 ms MarkObjects: 3.158700 ms  DeleteObjects: 3.227800 ms)

AssetImportWorkerClient::OnTransportError - code=2 error=End of file
